CRITICAL - 2022-04-19 14:30:45 --> Class "App\Models\LoginAccessModel" not found
#0 C:\desarrollo\htdocs\proyecto_3\system\CodeIgniter.php(832): App\Controllers\LoginController->login()
#1 C:\desarrollo\htdocs\proyecto_3\system\CodeIgniter.php(419): CodeIgniter\CodeIgniter->runController(Object(App\Controllers\LoginController))
#2 C:\desarrollo\htdocs\proyecto_3\system\CodeIgniter.php(326): CodeIgniter\CodeIgniter->handleRequest(NULL, Object(Config\Cache), false)
#3 C:\desarrollo\htdocs\proyecto_3\index.php(37): CodeIgniter\CodeIgniter->run()
#4 {main}
CRITICAL - 2022-04-19 14:35:21 --> Array to string conversion
#0 C:\desarrollo\htdocs\proyecto_3\app\Controllers\LoginController.php(38): CodeIgniter\Debug\Exceptions->errorHandler(2, 'Array to string...', 'C:\\desarrollo\\h...', 38)
#1 C:\desarrollo\htdocs\proyecto_3\system\CodeIgniter.php(832): App\Controllers\LoginController->login()
#2 C:\desarrollo\htdocs\proyecto_3\system\CodeIgniter.php(419): CodeIgniter\CodeIgniter->runController(Object(App\Controllers\LoginController))
#3 C:\desarrollo\htdocs\proyecto_3\system\CodeIgniter.php(326): CodeIgniter\CodeIgniter->handleRequest(NULL, Object(Config\Cache), false)
#4 C:\desarrollo\htdocs\proyecto_3\index.php(37): CodeIgniter\CodeIgniter->run()
#5 {main}
CRITICAL - 2022-04-19 14:35:38 --> Array to string conversion
#0 C:\desarrollo\htdocs\proyecto_3\app\Controllers\LoginController.php(38): CodeIgniter\Debug\Exceptions->errorHandler(2, 'Array to string...', 'C:\\desarrollo\\h...', 38)
#1 C:\desarrollo\htdocs\proyecto_3\system\CodeIgniter.php(832): App\Controllers\LoginController->login()
#2 C:\desarrollo\htdocs\proyecto_3\system\CodeIgniter.php(419): CodeIgniter\CodeIgniter->runController(Object(App\Controllers\LoginController))
#3 C:\desarrollo\htdocs\proyecto_3\system\CodeIgniter.php(326): CodeIgniter\CodeIgniter->handleRequest(NULL, Object(Config\Cache), false)
#4 C:\desarrollo\htdocs\proyecto_3\index.php(37): CodeIgniter\CodeIgniter->run()
#5 {main}
CRITICAL - 2022-04-19 14:36:03 --> Array to string conversion
#0 C:\desarrollo\htdocs\proyecto_3\app\Controllers\LoginController.php(38): CodeIgniter\Debug\Exceptions->errorHandler(2, 'Array to string...', 'C:\\desarrollo\\h...', 38)
#1 C:\desarrollo\htdocs\proyecto_3\system\CodeIgniter.php(832): App\Controllers\LoginController->login()
#2 C:\desarrollo\htdocs\proyecto_3\system\CodeIgniter.php(419): CodeIgniter\CodeIgniter->runController(Object(App\Controllers\LoginController))
#3 C:\desarrollo\htdocs\proyecto_3\system\CodeIgniter.php(326): CodeIgniter\CodeIgniter->handleRequest(NULL, Object(Config\Cache), false)
#4 C:\desarrollo\htdocs\proyecto_3\index.php(37): CodeIgniter\CodeIgniter->run()
#5 {main}
ERROR - 2022-04-19 14:47:47 --> Unknown column 'AlejandroAdmin' in 'where clause'
CRITICAL - 2022-04-19 14:47:47 --> Unknown column 'AlejandroAdmin' in 'where clause'
#0 C:\desarrollo\htdocs\proyecto_3\system\Database\MySQLi\Connection.php(292): mysqli->query('SELECT *\nFROM `...', 0)
#1 C:\desarrollo\htdocs\proyecto_3\system\Database\BaseConnection.php(670): CodeIgniter\Database\MySQLi\Connection->execute('SELECT *\nFROM `...')
#2 C:\desarrollo\htdocs\proyecto_3\system\Database\BaseConnection.php(598): CodeIgniter\Database\BaseConnection->simpleQuery('SELECT *\nFROM `...')
#3 C:\desarrollo\htdocs\proyecto_3\system\Database\BaseBuilder.php(1455): CodeIgniter\Database\BaseConnection->query('SELECT *\nFROM `...', Array, false)
#4 C:\desarrollo\htdocs\proyecto_3\app\Models\LoginAccessModel.php(11): CodeIgniter\Database\BaseBuilder->get()
#5 C:\desarrollo\htdocs\proyecto_3\app\Controllers\LoginController.php(23): App\Models\LoginAccessModel->obtenerUsuario('AlejandroAdmin')
#6 C:\desarrollo\htdocs\proyecto_3\system\CodeIgniter.php(832): App\Controllers\LoginController->login()
#7 C:\desarrollo\htdocs\proyecto_3\system\CodeIgniter.php(419): CodeIgniter\CodeIgniter->runController(Object(App\Controllers\LoginController))
#8 C:\desarrollo\htdocs\proyecto_3\system\CodeIgniter.php(326): CodeIgniter\CodeIgniter->handleRequest(NULL, Object(Config\Cache), false)
#9 C:\desarrollo\htdocs\proyecto_3\index.php(37): CodeIgniter\CodeIgniter->run()
#10 {main}
CRITICAL - 2022-04-19 15:05:26 --> Undefined array key "contrasena"
#0 C:\desarrollo\htdocs\proyecto_3\app\Controllers\LoginController.php(30): CodeIgniter\Debug\Exceptions->errorHandler(2, 'Undefined array...', 'C:\\desarrollo\\h...', 30)
#1 C:\desarrollo\htdocs\proyecto_3\system\CodeIgniter.php(832): App\Controllers\LoginController->login()
#2 C:\desarrollo\htdocs\proyecto_3\system\CodeIgniter.php(419): CodeIgniter\CodeIgniter->runController(Object(App\Controllers\LoginController))
#3 C:\desarrollo\htdocs\proyecto_3\system\CodeIgniter.php(326): CodeIgniter\CodeIgniter->handleRequest(NULL, Object(Config\Cache), false)
#4 C:\desarrollo\htdocs\proyecto_3\index.php(37): CodeIgniter\CodeIgniter->run()
#5 {main}
CRITICAL - 2022-04-19 15:07:07 --> Call to undefined method CodeIgniter\Database\MySQLi\Builder::getResult()
#0 C:\desarrollo\htdocs\proyecto_3\app\Controllers\LoginController.php(27): App\Models\LoginAccessModel->obtenerUsuario(Array)
#1 C:\desarrollo\htdocs\proyecto_3\system\CodeIgniter.php(832): App\Controllers\LoginController->login()
#2 C:\desarrollo\htdocs\proyecto_3\system\CodeIgniter.php(419): CodeIgniter\CodeIgniter->runController(Object(App\Controllers\LoginController))
#3 C:\desarrollo\htdocs\proyecto_3\system\CodeIgniter.php(326): CodeIgniter\CodeIgniter->handleRequest(NULL, Object(Config\Cache), false)
#4 C:\desarrollo\htdocs\proyecto_3\index.php(37): CodeIgniter\CodeIgniter->run()
#5 {main}
CRITICAL - 2022-04-19 15:07:34 --> Undefined array key "contrasena"
#0 C:\desarrollo\htdocs\proyecto_3\app\Controllers\LoginController.php(30): CodeIgniter\Debug\Exceptions->errorHandler(2, 'Undefined array...', 'C:\\desarrollo\\h...', 30)
#1 C:\desarrollo\htdocs\proyecto_3\system\CodeIgniter.php(832): App\Controllers\LoginController->login()
#2 C:\desarrollo\htdocs\proyecto_3\system\CodeIgniter.php(419): CodeIgniter\CodeIgniter->runController(Object(App\Controllers\LoginController))
#3 C:\desarrollo\htdocs\proyecto_3\system\CodeIgniter.php(326): CodeIgniter\CodeIgniter->handleRequest(NULL, Object(Config\Cache), false)
#4 C:\desarrollo\htdocs\proyecto_3\index.php(37): CodeIgniter\CodeIgniter->run()
#5 {main}
CRITICAL - 2022-04-19 15:07:58 --> Cannot use object of type stdClass as array
#0 C:\desarrollo\htdocs\proyecto_3\system\CodeIgniter.php(832): App\Controllers\LoginController->login()
#1 C:\desarrollo\htdocs\proyecto_3\system\CodeIgniter.php(419): CodeIgniter\CodeIgniter->runController(Object(App\Controllers\LoginController))
#2 C:\desarrollo\htdocs\proyecto_3\system\CodeIgniter.php(326): CodeIgniter\CodeIgniter->handleRequest(NULL, Object(Config\Cache), false)
#3 C:\desarrollo\htdocs\proyecto_3\index.php(37): CodeIgniter\CodeIgniter->run()
#4 {main}
CRITICAL - 2022-04-19 15:47:27 --> Undefined variable $session
#0 C:\desarrollo\htdocs\proyecto_3\app\Views\admin_view\index.php(65): CodeIgniter\Debug\Exceptions->errorHandler(2, 'Undefined varia...', 'C:\\desarrollo\\h...', 65)
#1 C:\desarrollo\htdocs\proyecto_3\system\View\View.php(210): include('C:\\desarrollo\\h...')
#2 C:\desarrollo\htdocs\proyecto_3\system\View\View.php(213): CodeIgniter\View\View->CodeIgniter\View\{closure}()
#3 C:\desarrollo\htdocs\proyecto_3\system\Common.php(1089): CodeIgniter\View\View->render('admin_view/inde...', Array, true)
#4 C:\desarrollo\htdocs\proyecto_3\app\Controllers\AdminController.php(24): view('admin_view/inde...')
#5 C:\desarrollo\htdocs\proyecto_3\system\CodeIgniter.php(832): App\Controllers\AdminController->index()
#6 C:\desarrollo\htdocs\proyecto_3\system\CodeIgniter.php(419): CodeIgniter\CodeIgniter->runController(Object(App\Controllers\AdminController))
#7 C:\desarrollo\htdocs\proyecto_3\system\CodeIgniter.php(326): CodeIgniter\CodeIgniter->handleRequest(NULL, Object(Config\Cache), false)
#8 C:\desarrollo\htdocs\proyecto_3\index.php(37): CodeIgniter\CodeIgniter->run()
#9 {main}
CRITICAL - 2022-04-19 17:11:11 --> Class "App\Filters\SessionAdmin" not found
#0 C:\desarrollo\htdocs\proyecto_3\system\CodeIgniter.php(393): CodeIgniter\Filters\Filters->run('admin_view', 'before')
#1 C:\desarrollo\htdocs\proyecto_3\system\CodeIgniter.php(326): CodeIgniter\CodeIgniter->handleRequest(NULL, Object(Config\Cache), false)
#2 C:\desarrollo\htdocs\proyecto_3\index.php(37): CodeIgniter\CodeIgniter->run()
#3 {main}
CRITICAL - 2022-04-19 17:11:50 --> Class "App\Filters\SessionAdmin" not found
#0 C:\desarrollo\htdocs\proyecto_3\system\CodeIgniter.php(393): CodeIgniter\Filters\Filters->run('admin_view', 'before')
#1 C:\desarrollo\htdocs\proyecto_3\system\CodeIgniter.php(326): CodeIgniter\CodeIgniter->handleRequest(NULL, Object(Config\Cache), false)
#2 C:\desarrollo\htdocs\proyecto_3\index.php(37): CodeIgniter\CodeIgniter->run()
#3 {main}
CRITICAL - 2022-04-19 17:18:08 --> Unsupported operand types: string + string
#0 C:\desarrollo\htdocs\proyecto_3\system\View\View.php(210): include()
#1 C:\desarrollo\htdocs\proyecto_3\system\View\View.php(213): CodeIgniter\View\View->CodeIgniter\View\{closure}()
#2 C:\desarrollo\htdocs\proyecto_3\system\Common.php(1089): CodeIgniter\View\View->render('pacientes_view/...', Array, true)
#3 C:\desarrollo\htdocs\proyecto_3\app\Controllers\PacientesController.php(8): view('pacientes_view/...')
#4 C:\desarrollo\htdocs\proyecto_3\system\CodeIgniter.php(832): App\Controllers\PacientesController->index()
#5 C:\desarrollo\htdocs\proyecto_3\system\CodeIgniter.php(419): CodeIgniter\CodeIgniter->runController(Object(App\Controllers\PacientesController))
#6 C:\desarrollo\htdocs\proyecto_3\system\CodeIgniter.php(326): CodeIgniter\CodeIgniter->handleRequest(NULL, Object(Config\Cache), false)
#7 C:\desarrollo\htdocs\proyecto_3\index.php(37): CodeIgniter\CodeIgniter->run()
#8 {main}
CRITICAL - 2022-04-19 17:19:06 --> Unsupported operand types: string + string
#0 C:\desarrollo\htdocs\proyecto_3\system\View\View.php(210): include()
#1 C:\desarrollo\htdocs\proyecto_3\system\View\View.php(213): CodeIgniter\View\View->CodeIgniter\View\{closure}()
#2 C:\desarrollo\htdocs\proyecto_3\system\Common.php(1089): CodeIgniter\View\View->render('pacientes_view/...', Array, true)
#3 C:\desarrollo\htdocs\proyecto_3\app\Controllers\PacientesController.php(8): view('pacientes_view/...')
#4 C:\desarrollo\htdocs\proyecto_3\system\CodeIgniter.php(832): App\Controllers\PacientesController->index()
#5 C:\desarrollo\htdocs\proyecto_3\system\CodeIgniter.php(419): CodeIgniter\CodeIgniter->runController(Object(App\Controllers\PacientesController))
#6 C:\desarrollo\htdocs\proyecto_3\system\CodeIgniter.php(326): CodeIgniter\CodeIgniter->handleRequest(NULL, Object(Config\Cache), false)
#7 C:\desarrollo\htdocs\proyecto_3\index.php(37): CodeIgniter\CodeIgniter->run()
#8 {main}
CRITICAL - 2022-04-19 17:19:06 --> Unsupported operand types: string + string
#0 C:\desarrollo\htdocs\proyecto_3\system\View\View.php(210): include()
#1 C:\desarrollo\htdocs\proyecto_3\system\View\View.php(213): CodeIgniter\View\View->CodeIgniter\View\{closure}()
#2 C:\desarrollo\htdocs\proyecto_3\system\Common.php(1089): CodeIgniter\View\View->render('pacientes_view/...', Array, true)
#3 C:\desarrollo\htdocs\proyecto_3\app\Controllers\PacientesController.php(8): view('pacientes_view/...')
#4 C:\desarrollo\htdocs\proyecto_3\system\CodeIgniter.php(832): App\Controllers\PacientesController->index()
#5 C:\desarrollo\htdocs\proyecto_3\system\CodeIgniter.php(419): CodeIgniter\CodeIgniter->runController(Object(App\Controllers\PacientesController))
#6 C:\desarrollo\htdocs\proyecto_3\system\CodeIgniter.php(326): CodeIgniter\CodeIgniter->handleRequest(NULL, Object(Config\Cache), false)
#7 C:\desarrollo\htdocs\proyecto_3\index.php(37): CodeIgniter\CodeIgniter->run()
#8 {main}
CRITICAL - 2022-04-19 17:19:07 --> Unsupported operand types: string + string
#0 C:\desarrollo\htdocs\proyecto_3\system\View\View.php(210): include()
#1 C:\desarrollo\htdocs\proyecto_3\system\View\View.php(213): CodeIgniter\View\View->CodeIgniter\View\{closure}()
#2 C:\desarrollo\htdocs\proyecto_3\system\Common.php(1089): CodeIgniter\View\View->render('pacientes_view/...', Array, true)
#3 C:\desarrollo\htdocs\proyecto_3\app\Controllers\PacientesController.php(8): view('pacientes_view/...')
#4 C:\desarrollo\htdocs\proyecto_3\system\CodeIgniter.php(832): App\Controllers\PacientesController->index()
#5 C:\desarrollo\htdocs\proyecto_3\system\CodeIgniter.php(419): CodeIgniter\CodeIgniter->runController(Object(App\Controllers\PacientesController))
#6 C:\desarrollo\htdocs\proyecto_3\system\CodeIgniter.php(326): CodeIgniter\CodeIgniter->handleRequest(NULL, Object(Config\Cache), false)
#7 C:\desarrollo\htdocs\proyecto_3\index.php(37): CodeIgniter\CodeIgniter->run()
#8 {main}
CRITICAL - 2022-04-19 17:28:36 --> Invalid file: layouts/base_recepcion.php
#0 C:\desarrollo\htdocs\proyecto_3\system\View\View.php(198): CodeIgniter\Exceptions\FrameworkException::forInvalidFile('layouts/base_re...')
#1 C:\desarrollo\htdocs\proyecto_3\system\View\View.php(226): CodeIgniter\View\View->render('layouts/base_re...', Array, true)
#2 C:\desarrollo\htdocs\proyecto_3\system\Common.php(1089): CodeIgniter\View\View->render('citas_view/cita...', Array, true)
#3 C:\desarrollo\htdocs\proyecto_3\app\Controllers\CitasController.php(8): view('citas_view/cita...')
#4 C:\desarrollo\htdocs\proyecto_3\system\CodeIgniter.php(832): App\Controllers\CitasController->index()
#5 C:\desarrollo\htdocs\proyecto_3\system\CodeIgniter.php(419): CodeIgniter\CodeIgniter->runController(Object(App\Controllers\CitasController))
#6 C:\desarrollo\htdocs\proyecto_3\system\CodeIgniter.php(326): CodeIgniter\CodeIgniter->handleRequest(NULL, Object(Config\Cache), false)
#7 C:\desarrollo\htdocs\proyecto_3\index.php(37): CodeIgniter\CodeIgniter->run()
#8 {main}
CRITICAL - 2022-04-19 17:29:09 --> Invalid file: layouts/base_recepcion.php
#0 C:\desarrollo\htdocs\proyecto_3\system\View\View.php(198): CodeIgniter\Exceptions\FrameworkException::forInvalidFile('layouts/base_re...')
#1 C:\desarrollo\htdocs\proyecto_3\system\View\View.php(226): CodeIgniter\View\View->render('layouts/base_re...', Array, true)
#2 C:\desarrollo\htdocs\proyecto_3\system\Common.php(1089): CodeIgniter\View\View->render('citas_view/cita...', Array, true)
#3 C:\desarrollo\htdocs\proyecto_3\app\Controllers\CitasController.php(8): view('citas_view/cita...')
#4 C:\desarrollo\htdocs\proyecto_3\system\CodeIgniter.php(832): App\Controllers\CitasController->index()
#5 C:\desarrollo\htdocs\proyecto_3\system\CodeIgniter.php(419): CodeIgniter\CodeIgniter->runController(Object(App\Controllers\CitasController))
#6 C:\desarrollo\htdocs\proyecto_3\system\CodeIgniter.php(326): CodeIgniter\CodeIgniter->handleRequest(NULL, Object(Config\Cache), false)
#7 C:\desarrollo\htdocs\proyecto_3\index.php(37): CodeIgniter\CodeIgniter->run()
#8 {main}
CRITICAL - 2022-04-19 17:29:10 --> Invalid file: layouts/base_recepcion.php
#0 C:\desarrollo\htdocs\proyecto_3\system\View\View.php(198): CodeIgniter\Exceptions\FrameworkException::forInvalidFile('layouts/base_re...')
#1 C:\desarrollo\htdocs\proyecto_3\system\View\View.php(226): CodeIgniter\View\View->render('layouts/base_re...', Array, true)
#2 C:\desarrollo\htdocs\proyecto_3\system\Common.php(1089): CodeIgniter\View\View->render('citas_view/cita...', Array, true)
#3 C:\desarrollo\htdocs\proyecto_3\app\Controllers\CitasController.php(8): view('citas_view/cita...')
#4 C:\desarrollo\htdocs\proyecto_3\system\CodeIgniter.php(832): App\Controllers\CitasController->index()
#5 C:\desarrollo\htdocs\proyecto_3\system\CodeIgniter.php(419): CodeIgniter\CodeIgniter->runController(Object(App\Controllers\CitasController))
#6 C:\desarrollo\htdocs\proyecto_3\system\CodeIgniter.php(326): CodeIgniter\CodeIgniter->handleRequest(NULL, Object(Config\Cache), false)
#7 C:\desarrollo\htdocs\proyecto_3\index.php(37): CodeIgniter\CodeIgniter->run()
#8 {main}
CRITICAL - 2022-04-19 17:29:15 --> Invalid file: layouts/base_recepcion.php
#0 C:\desarrollo\htdocs\proyecto_3\system\View\View.php(198): CodeIgniter\Exceptions\FrameworkException::forInvalidFile('layouts/base_re...')
#1 C:\desarrollo\htdocs\proyecto_3\system\View\View.php(226): CodeIgniter\View\View->render('layouts/base_re...', Array, true)
#2 C:\desarrollo\htdocs\proyecto_3\system\Common.php(1089): CodeIgniter\View\View->render('citas_view/cita...', Array, true)
#3 C:\desarrollo\htdocs\proyecto_3\app\Controllers\CitasController.php(8): view('citas_view/cita...')
#4 C:\desarrollo\htdocs\proyecto_3\system\CodeIgniter.php(832): App\Controllers\CitasController->index()
#5 C:\desarrollo\htdocs\proyecto_3\system\CodeIgniter.php(419): CodeIgniter\CodeIgniter->runController(Object(App\Controllers\CitasController))
#6 C:\desarrollo\htdocs\proyecto_3\system\CodeIgniter.php(326): CodeIgniter\CodeIgniter->handleRequest(NULL, Object(Config\Cache), false)
#7 C:\desarrollo\htdocs\proyecto_3\index.php(37): CodeIgniter\CodeIgniter->run()
#8 {main}
CRITICAL - 2022-04-19 17:33:35 --> Class "App\Filters\SessionRecepcion" not found
#0 C:\desarrollo\htdocs\proyecto_3\system\CodeIgniter.php(393): CodeIgniter\Filters\Filters->run('/', 'before')
#1 C:\desarrollo\htdocs\proyecto_3\system\CodeIgniter.php(326): CodeIgniter\CodeIgniter->handleRequest(NULL, Object(Config\Cache), false)
#2 C:\desarrollo\htdocs\proyecto_3\index.php(37): CodeIgniter\CodeIgniter->run()
#3 {main}
CRITICAL - 2022-04-19 20:41:56 --> view(): Argument #2 ($data) must be of type array, null given, called in C:\desarrollo\htdocs\proyecto_3\app\Controllers\LoginController.php on line 12
#0 C:\desarrollo\htdocs\proyecto_3\app\Controllers\LoginController.php(12): view('login', NULL)
#1 C:\desarrollo\htdocs\proyecto_3\system\CodeIgniter.php(832): App\Controllers\LoginController->index()
#2 C:\desarrollo\htdocs\proyecto_3\system\CodeIgniter.php(419): CodeIgniter\CodeIgniter->runController(Object(App\Controllers\LoginController))
#3 C:\desarrollo\htdocs\proyecto_3\system\CodeIgniter.php(326): CodeIgniter\CodeIgniter->handleRequest(NULL, Object(Config\Cache), false)
#4 C:\desarrollo\htdocs\proyecto_3\index.php(37): CodeIgniter\CodeIgniter->run()
#5 {main}
CRITICAL - 2022-04-19 22:01:38 --> Undefined variable $datos
#0 C:\desarrollo\htdocs\proyecto_3\app\Views\recepcion_view\recepcion.php(71): CodeIgniter\Debug\Exceptions->errorHandler(2, 'Undefined varia...', 'C:\\desarrollo\\h...', 71)
#1 C:\desarrollo\htdocs\proyecto_3\system\View\View.php(210): include('C:\\desarrollo\\h...')
#2 C:\desarrollo\htdocs\proyecto_3\system\View\View.php(213): CodeIgniter\View\View->CodeIgniter\View\{closure}()
#3 C:\desarrollo\htdocs\proyecto_3\system\Common.php(1089): CodeIgniter\View\View->render('recepcion_view/...', Array, true)
#4 C:\desarrollo\htdocs\proyecto_3\app\Controllers\RecepcionController.php(27): view('recepcion_view/...')
#5 C:\desarrollo\htdocs\proyecto_3\system\CodeIgniter.php(832): App\Controllers\RecepcionController->index()
#6 C:\desarrollo\htdocs\proyecto_3\system\CodeIgniter.php(419): CodeIgniter\CodeIgniter->runController(Object(App\Controllers\RecepcionController))
#7 C:\desarrollo\htdocs\proyecto_3\system\CodeIgniter.php(326): CodeIgniter\CodeIgniter->handleRequest(NULL, Object(Config\Cache), false)
#8 C:\desarrollo\htdocs\proyecto_3\index.php(37): CodeIgniter\CodeIgniter->run()
#9 {main}
CRITICAL - 2022-04-19 22:07:31 --> Undefined variable $key
#0 C:\desarrollo\htdocs\proyecto_3\app\Views\recepcion_view\recepcion.php(48): CodeIgniter\Debug\Exceptions->errorHandler(2, 'Undefined varia...', 'C:\\desarrollo\\h...', 48)
#1 C:\desarrollo\htdocs\proyecto_3\system\View\View.php(210): include('C:\\desarrollo\\h...')
#2 C:\desarrollo\htdocs\proyecto_3\system\View\View.php(213): CodeIgniter\View\View->CodeIgniter\View\{closure}()
#3 C:\desarrollo\htdocs\proyecto_3\system\Common.php(1089): CodeIgniter\View\View->render('recepcion_view/...', Array, true)
#4 C:\desarrollo\htdocs\proyecto_3\app\Controllers\RecepcionController.php(27): view('recepcion_view/...')
#5 C:\desarrollo\htdocs\proyecto_3\system\CodeIgniter.php(832): App\Controllers\RecepcionController->index()
#6 C:\desarrollo\htdocs\proyecto_3\system\CodeIgniter.php(419): CodeIgniter\CodeIgniter->runController(Object(App\Controllers\RecepcionController))
#7 C:\desarrollo\htdocs\proyecto_3\system\CodeIgniter.php(326): CodeIgniter\CodeIgniter->handleRequest(NULL, Object(Config\Cache), false)
#8 C:\desarrollo\htdocs\proyecto_3\index.php(37): CodeIgniter\CodeIgniter->run()
#9 {main}
CRITICAL - 2022-04-19 22:07:53 --> Undefined variable $key
#0 C:\desarrollo\htdocs\proyecto_3\app\Views\recepcion_view\recepcion.php(50): CodeIgniter\Debug\Exceptions->errorHandler(2, 'Undefined varia...', 'C:\\desarrollo\\h...', 50)
#1 C:\desarrollo\htdocs\proyecto_3\system\View\View.php(210): include('C:\\desarrollo\\h...')
#2 C:\desarrollo\htdocs\proyecto_3\system\View\View.php(213): CodeIgniter\View\View->CodeIgniter\View\{closure}()
#3 C:\desarrollo\htdocs\proyecto_3\system\Common.php(1089): CodeIgniter\View\View->render('recepcion_view/...', Array, true)
#4 C:\desarrollo\htdocs\proyecto_3\app\Controllers\RecepcionController.php(27): view('recepcion_view/...')
#5 C:\desarrollo\htdocs\proyecto_3\system\CodeIgniter.php(832): App\Controllers\RecepcionController->index()
#6 C:\desarrollo\htdocs\proyecto_3\system\CodeIgniter.php(419): CodeIgniter\CodeIgniter->runController(Object(App\Controllers\RecepcionController))
#7 C:\desarrollo\htdocs\proyecto_3\system\CodeIgniter.php(326): CodeIgniter\CodeIgniter->handleRequest(NULL, Object(Config\Cache), false)
#8 C:\desarrollo\htdocs\proyecto_3\index.php(37): CodeIgniter\CodeIgniter->run()
#9 {main}
