CRITICAL - 2022-04-20 01:14:27 --> Undefined array key "contrasena"
#0 C:\desarrollo\htdocs\proyecto_3\app\Controllers\AdminController.php(34): CodeIgniter\Debug\Exceptions->errorHandler(2, 'Undefined array...', 'C:\\desarrollo\\h...', 34)
#1 C:\desarrollo\htdocs\proyecto_3\system\CodeIgniter.php(832): App\Controllers\AdminController->crearNuevoUsuario()
#2 C:\desarrollo\htdocs\proyecto_3\system\CodeIgniter.php(419): CodeIgniter\CodeIgniter->runController(Object(App\Controllers\AdminController))
#3 C:\desarrollo\htdocs\proyecto_3\system\CodeIgniter.php(326): CodeIgniter\CodeIgniter->handleRequest(NULL, Object(Config\Cache), false)
#4 C:\desarrollo\htdocs\proyecto_3\index.php(37): CodeIgniter\CodeIgniter->run()
#5 {main}
CRITICAL - 2022-04-20 01:14:38 --> Undefined array key "contrasena"
#0 C:\desarrollo\htdocs\proyecto_3\app\Controllers\AdminController.php(34): CodeIgniter\Debug\Exceptions->errorHandler(2, 'Undefined array...', 'C:\\desarrollo\\h...', 34)
#1 C:\desarrollo\htdocs\proyecto_3\system\CodeIgniter.php(832): App\Controllers\AdminController->crearNuevoUsuario()
#2 C:\desarrollo\htdocs\proyecto_3\system\CodeIgniter.php(419): CodeIgniter\CodeIgniter->runController(Object(App\Controllers\AdminController))
#3 C:\desarrollo\htdocs\proyecto_3\system\CodeIgniter.php(326): CodeIgniter\CodeIgniter->handleRequest(NULL, Object(Config\Cache), false)
#4 C:\desarrollo\htdocs\proyecto_3\index.php(37): CodeIgniter\CodeIgniter->run()
#5 {main}
CRITICAL - 2022-04-20 01:16:20 --> Undefined array key "contrasena"
#0 C:\desarrollo\htdocs\proyecto_3\app\Controllers\AdminController.php(34): CodeIgniter\Debug\Exceptions->errorHandler(2, 'Undefined array...', 'C:\\desarrollo\\h...', 34)
#1 C:\desarrollo\htdocs\proyecto_3\system\CodeIgniter.php(832): App\Controllers\AdminController->crearNuevoUsuario()
#2 C:\desarrollo\htdocs\proyecto_3\system\CodeIgniter.php(419): CodeIgniter\CodeIgniter->runController(Object(App\Controllers\AdminController))
#3 C:\desarrollo\htdocs\proyecto_3\system\CodeIgniter.php(326): CodeIgniter\CodeIgniter->handleRequest(NULL, Object(Config\Cache), false)
#4 C:\desarrollo\htdocs\proyecto_3\index.php(37): CodeIgniter\CodeIgniter->run()
#5 {main}
CRITICAL - 2022-04-20 11:48:42 --> Undefined array key "contrasena"
#0 C:\desarrollo\htdocs\proyecto_3\app\Controllers\AdminController.php(34): CodeIgniter\Debug\Exceptions->errorHandler(2, 'Undefined array...', 'C:\\desarrollo\\h...', 34)
#1 C:\desarrollo\htdocs\proyecto_3\system\CodeIgniter.php(832): App\Controllers\AdminController->crearNuevoUsuario()
#2 C:\desarrollo\htdocs\proyecto_3\system\CodeIgniter.php(419): CodeIgniter\CodeIgniter->runController(Object(App\Controllers\AdminController))
#3 C:\desarrollo\htdocs\proyecto_3\system\CodeIgniter.php(326): CodeIgniter\CodeIgniter->handleRequest(NULL, Object(Config\Cache), false)
#4 C:\desarrollo\htdocs\proyecto_3\index.php(37): CodeIgniter\CodeIgniter->run()
#5 {main}
CRITICAL - 2022-04-20 11:50:15 --> Undefined array key "contrasena"
#0 C:\desarrollo\htdocs\proyecto_3\app\Controllers\AdminController.php(34): CodeIgniter\Debug\Exceptions->errorHandler(2, 'Undefined array...', 'C:\\desarrollo\\h...', 34)
#1 C:\desarrollo\htdocs\proyecto_3\system\CodeIgniter.php(832): App\Controllers\AdminController->crearNuevoUsuario()
#2 C:\desarrollo\htdocs\proyecto_3\system\CodeIgniter.php(419): CodeIgniter\CodeIgniter->runController(Object(App\Controllers\AdminController))
#3 C:\desarrollo\htdocs\proyecto_3\system\CodeIgniter.php(326): CodeIgniter\CodeIgniter->handleRequest(NULL, Object(Config\Cache), false)
#4 C:\desarrollo\htdocs\proyecto_3\index.php(37): CodeIgniter\CodeIgniter->run()
#5 {main}
CRITICAL - 2022-04-20 11:56:03 --> Undefined array key "estadoRepublica"
#0 C:\desarrollo\htdocs\proyecto_3\app\Controllers\RecepcionController.php(48): CodeIgniter\Debug\Exceptions->errorHandler(2, 'Undefined array...', 'C:\\desarrollo\\h...', 48)
#1 C:\desarrollo\htdocs\proyecto_3\system\CodeIgniter.php(832): App\Controllers\RecepcionController->crearNuevoRegistroRecepcion()
#2 C:\desarrollo\htdocs\proyecto_3\system\CodeIgniter.php(419): CodeIgniter\CodeIgniter->runController(Object(App\Controllers\RecepcionController))
#3 C:\desarrollo\htdocs\proyecto_3\system\CodeIgniter.php(326): CodeIgniter\CodeIgniter->handleRequest(NULL, Object(Config\Cache), false)
#4 C:\desarrollo\htdocs\proyecto_3\index.php(37): CodeIgniter\CodeIgniter->run()
#5 {main}
CRITICAL - 2022-04-20 14:02:27 --> You must set the database table to be used with your query.
#0 C:\desarrollo\htdocs\proyecto_3\system\Model.php(545): CodeIgniter\Database\BaseConnection->table(NULL)
#1 C:\desarrollo\htdocs\proyecto_3\system\Model.php(722): CodeIgniter\Model->builder()
#2 C:\desarrollo\htdocs\proyecto_3\app\Controllers\RecepcionController.php(14): CodeIgniter\Model->__call('getRecepcionInf...', Array)
#3 C:\desarrollo\htdocs\proyecto_3\system\CodeIgniter.php(832): App\Controllers\RecepcionController->index()
#4 C:\desarrollo\htdocs\proyecto_3\system\CodeIgniter.php(419): CodeIgniter\CodeIgniter->runController(Object(App\Controllers\RecepcionController))
#5 C:\desarrollo\htdocs\proyecto_3\system\CodeIgniter.php(326): CodeIgniter\CodeIgniter->handleRequest(NULL, Object(Config\Cache), false)
#6 C:\desarrollo\htdocs\proyecto_3\index.php(37): CodeIgniter\CodeIgniter->run()
#7 {main}
CRITICAL - 2022-04-20 14:02:32 --> You must set the database table to be used with your query.
#0 C:\desarrollo\htdocs\proyecto_3\system\Model.php(545): CodeIgniter\Database\BaseConnection->table(NULL)
#1 C:\desarrollo\htdocs\proyecto_3\system\Model.php(722): CodeIgniter\Model->builder()
#2 C:\desarrollo\htdocs\proyecto_3\app\Controllers\RecepcionController.php(14): CodeIgniter\Model->__call('getRecepcionInf...', Array)
#3 C:\desarrollo\htdocs\proyecto_3\system\CodeIgniter.php(832): App\Controllers\RecepcionController->index()
#4 C:\desarrollo\htdocs\proyecto_3\system\CodeIgniter.php(419): CodeIgniter\CodeIgniter->runController(Object(App\Controllers\RecepcionController))
#5 C:\desarrollo\htdocs\proyecto_3\system\CodeIgniter.php(326): CodeIgniter\CodeIgniter->handleRequest(NULL, Object(Config\Cache), false)
#6 C:\desarrollo\htdocs\proyecto_3\index.php(37): CodeIgniter\CodeIgniter->run()
#7 {main}
CRITICAL - 2022-04-20 14:03:29 --> You must set the database table to be used with your query.
#0 C:\desarrollo\htdocs\proyecto_3\system\Model.php(545): CodeIgniter\Database\BaseConnection->table(NULL)
#1 C:\desarrollo\htdocs\proyecto_3\system\Model.php(722): CodeIgniter\Model->builder()
#2 C:\desarrollo\htdocs\proyecto_3\app\Controllers\RecepcionController.php(14): CodeIgniter\Model->__call('getRecepcionInf...', Array)
#3 C:\desarrollo\htdocs\proyecto_3\system\CodeIgniter.php(832): App\Controllers\RecepcionController->index()
#4 C:\desarrollo\htdocs\proyecto_3\system\CodeIgniter.php(419): CodeIgniter\CodeIgniter->runController(Object(App\Controllers\RecepcionController))
#5 C:\desarrollo\htdocs\proyecto_3\system\CodeIgniter.php(326): CodeIgniter\CodeIgniter->handleRequest(NULL, Object(Config\Cache), false)
#6 C:\desarrollo\htdocs\proyecto_3\index.php(37): CodeIgniter\CodeIgniter->run()
#7 {main}
CRITICAL - 2022-04-20 14:03:30 --> You must set the database table to be used with your query.
#0 C:\desarrollo\htdocs\proyecto_3\system\Model.php(545): CodeIgniter\Database\BaseConnection->table(NULL)
#1 C:\desarrollo\htdocs\proyecto_3\system\Model.php(722): CodeIgniter\Model->builder()
#2 C:\desarrollo\htdocs\proyecto_3\app\Controllers\RecepcionController.php(14): CodeIgniter\Model->__call('getRecepcionInf...', Array)
#3 C:\desarrollo\htdocs\proyecto_3\system\CodeIgniter.php(832): App\Controllers\RecepcionController->index()
#4 C:\desarrollo\htdocs\proyecto_3\system\CodeIgniter.php(419): CodeIgniter\CodeIgniter->runController(Object(App\Controllers\RecepcionController))
#5 C:\desarrollo\htdocs\proyecto_3\system\CodeIgniter.php(326): CodeIgniter\CodeIgniter->handleRequest(NULL, Object(Config\Cache), false)
#6 C:\desarrollo\htdocs\proyecto_3\index.php(37): CodeIgniter\CodeIgniter->run()
#7 {main}
CRITICAL - 2022-04-20 14:03:36 --> You must set the database table to be used with your query.
#0 C:\desarrollo\htdocs\proyecto_3\system\Model.php(545): CodeIgniter\Database\BaseConnection->table(NULL)
#1 C:\desarrollo\htdocs\proyecto_3\system\Model.php(722): CodeIgniter\Model->builder()
#2 C:\desarrollo\htdocs\proyecto_3\app\Controllers\RecepcionController.php(14): CodeIgniter\Model->__call('getRecepcionInf...', Array)
#3 C:\desarrollo\htdocs\proyecto_3\system\CodeIgniter.php(832): App\Controllers\RecepcionController->index()
#4 C:\desarrollo\htdocs\proyecto_3\system\CodeIgniter.php(419): CodeIgniter\CodeIgniter->runController(Object(App\Controllers\RecepcionController))
#5 C:\desarrollo\htdocs\proyecto_3\system\CodeIgniter.php(326): CodeIgniter\CodeIgniter->handleRequest(NULL, Object(Config\Cache), false)
#6 C:\desarrollo\htdocs\proyecto_3\index.php(37): CodeIgniter\CodeIgniter->run()
#7 {main}
CRITICAL - 2022-04-20 14:35:22 --> You must set the database table to be used with your query.
#0 C:\desarrollo\htdocs\proyecto_3\system\Model.php(545): CodeIgniter\Database\BaseConnection->table(NULL)
#1 C:\desarrollo\htdocs\proyecto_3\system\Model.php(722): CodeIgniter\Model->builder()
#2 C:\desarrollo\htdocs\proyecto_3\app\Controllers\RecepcionController.php(86): CodeIgniter\Model->__call('getIdUsuarios', Array)
#3 C:\desarrollo\htdocs\proyecto_3\system\CodeIgniter.php(832): App\Controllers\RecepcionController->getRecepcionInfo('1')
#4 C:\desarrollo\htdocs\proyecto_3\system\CodeIgniter.php(419): CodeIgniter\CodeIgniter->runController(Object(App\Controllers\RecepcionController))
#5 C:\desarrollo\htdocs\proyecto_3\system\CodeIgniter.php(326): CodeIgniter\CodeIgniter->handleRequest(NULL, Object(Config\Cache), false)
#6 C:\desarrollo\htdocs\proyecto_3\index.php(37): CodeIgniter\CodeIgniter->run()
#7 {main}
CRITICAL - 2022-04-20 14:35:26 --> You must set the database table to be used with your query.
#0 C:\desarrollo\htdocs\proyecto_3\system\Model.php(545): CodeIgniter\Database\BaseConnection->table(NULL)
#1 C:\desarrollo\htdocs\proyecto_3\system\Model.php(722): CodeIgniter\Model->builder()
#2 C:\desarrollo\htdocs\proyecto_3\app\Controllers\RecepcionController.php(86): CodeIgniter\Model->__call('getIdUsuarios', Array)
#3 C:\desarrollo\htdocs\proyecto_3\system\CodeIgniter.php(832): App\Controllers\RecepcionController->getRecepcionInfo('1')
#4 C:\desarrollo\htdocs\proyecto_3\system\CodeIgniter.php(419): CodeIgniter\CodeIgniter->runController(Object(App\Controllers\RecepcionController))
#5 C:\desarrollo\htdocs\proyecto_3\system\CodeIgniter.php(326): CodeIgniter\CodeIgniter->handleRequest(NULL, Object(Config\Cache), false)
#6 C:\desarrollo\htdocs\proyecto_3\index.php(37): CodeIgniter\CodeIgniter->run()
#7 {main}
CRITICAL - 2022-04-20 14:35:40 --> You must set the database table to be used with your query.
#0 C:\desarrollo\htdocs\proyecto_3\system\Model.php(545): CodeIgniter\Database\BaseConnection->table(NULL)
#1 C:\desarrollo\htdocs\proyecto_3\system\Model.php(722): CodeIgniter\Model->builder()
#2 C:\desarrollo\htdocs\proyecto_3\app\Controllers\RecepcionController.php(86): CodeIgniter\Model->__call('getIdUsuarios', Array)
#3 C:\desarrollo\htdocs\proyecto_3\system\CodeIgniter.php(832): App\Controllers\RecepcionController->getRecepcionInfo('1')
#4 C:\desarrollo\htdocs\proyecto_3\system\CodeIgniter.php(419): CodeIgniter\CodeIgniter->runController(Object(App\Controllers\RecepcionController))
#5 C:\desarrollo\htdocs\proyecto_3\system\CodeIgniter.php(326): CodeIgniter\CodeIgniter->handleRequest(NULL, Object(Config\Cache), false)
#6 C:\desarrollo\htdocs\proyecto_3\index.php(37): CodeIgniter\CodeIgniter->run()
#7 {main}
ERROR - 2022-04-20 14:36:45 --> Unknown column 'id_recepcionista' in 'where clause'
CRITICAL - 2022-04-20 14:36:45 --> Unknown column 'id_recepcionista' in 'where clause'
#0 C:\desarrollo\htdocs\proyecto_3\system\Database\MySQLi\Connection.php(292): mysqli->query('SELECT *\nFROM `...', 0)
#1 C:\desarrollo\htdocs\proyecto_3\system\Database\BaseConnection.php(670): CodeIgniter\Database\MySQLi\Connection->execute('SELECT *\nFROM `...')
#2 C:\desarrollo\htdocs\proyecto_3\system\Database\BaseConnection.php(598): CodeIgniter\Database\BaseConnection->simpleQuery('SELECT *\nFROM `...')
#3 C:\desarrollo\htdocs\proyecto_3\system\Database\BaseBuilder.php(1455): CodeIgniter\Database\BaseConnection->query('SELECT *\nFROM `...', Array, false)
#4 C:\desarrollo\htdocs\proyecto_3\app\Models\RecepcionCRUDModel.php(41): CodeIgniter\Database\BaseBuilder->get()
#5 C:\desarrollo\htdocs\proyecto_3\app\Controllers\RecepcionController.php(86): App\Models\RecepcionCRUDModel->getRecepcionGeneralInfo(Array)
#6 C:\desarrollo\htdocs\proyecto_3\system\CodeIgniter.php(832): App\Controllers\RecepcionController->getRecepcionInfo('1')
#7 C:\desarrollo\htdocs\proyecto_3\system\CodeIgniter.php(419): CodeIgniter\CodeIgniter->runController(Object(App\Controllers\RecepcionController))
#8 C:\desarrollo\htdocs\proyecto_3\system\CodeIgniter.php(326): CodeIgniter\CodeIgniter->handleRequest(NULL, Object(Config\Cache), false)
#9 C:\desarrollo\htdocs\proyecto_3\index.php(37): CodeIgniter\CodeIgniter->run()
#10 {main}
