CRITICAL - 2022-03-31 21:13:42 --> Invalid file: admin_view.php
#0 C:\desarrollo\htdocs\proyecto_3\system\View\View.php(198): CodeIgniter\Exceptions\FrameworkException::forInvalidFile('admin_view.php')
#1 C:\desarrollo\htdocs\proyecto_3\system\Common.php(1089): CodeIgniter\View\View->render('admin_view', Array, true)
#2 C:\desarrollo\htdocs\proyecto_3\app\Controllers\Home.php(12): view('admin_view', Array)
#3 C:\desarrollo\htdocs\proyecto_3\system\CodeIgniter.php(832): App\Controllers\Home->index()
#4 C:\desarrollo\htdocs\proyecto_3\system\CodeIgniter.php(419): CodeIgniter\CodeIgniter->runController(Object(App\Controllers\Home))
#5 C:\desarrollo\htdocs\proyecto_3\system\CodeIgniter.php(326): CodeIgniter\CodeIgniter->handleRequest(NULL, Object(Config\Cache), false)
#6 C:\desarrollo\htdocs\proyecto_3\index.php(37): CodeIgniter\CodeIgniter->run()
#7 {main}
CRITICAL - 2022-03-31 21:18:43 --> Invalid file: contacto/menu.php
#0 C:\desarrollo\htdocs\proyecto_3\system\View\View.php(198): CodeIgniter\Exceptions\FrameworkException::forInvalidFile('contacto/menu.p...')
#1 C:\desarrollo\htdocs\proyecto_3\system\View\View.php(424): CodeIgniter\View\View->render('contacto/menu', NULL, true)
#2 C:\desarrollo\htdocs\proyecto_3\app\Views\layouts\layout.php(15): CodeIgniter\View\View->include('contacto/menu')
#3 C:\desarrollo\htdocs\proyecto_3\system\View\View.php(210): include('C:\\desarrollo\\h...')
#4 C:\desarrollo\htdocs\proyecto_3\system\View\View.php(213): CodeIgniter\View\View->CodeIgniter\View\{closure}()
#5 C:\desarrollo\htdocs\proyecto_3\system\View\View.php(226): CodeIgniter\View\View->render('layouts/layout', Array, true)
#6 C:\desarrollo\htdocs\proyecto_3\system\Common.php(1089): CodeIgniter\View\View->render('login', Array, true)
#7 C:\desarrollo\htdocs\proyecto_3\app\Controllers\LoginController.php(12): view('login', Array)
#8 C:\desarrollo\htdocs\proyecto_3\system\CodeIgniter.php(832): App\Controllers\LoginController->index()
#9 C:\desarrollo\htdocs\proyecto_3\system\CodeIgniter.php(419): CodeIgniter\CodeIgniter->runController(Object(App\Controllers\LoginController))
#10 C:\desarrollo\htdocs\proyecto_3\system\CodeIgniter.php(326): CodeIgniter\CodeIgniter->handleRequest(NULL, Object(Config\Cache), false)
#11 C:\desarrollo\htdocs\proyecto_3\index.php(37): CodeIgniter\CodeIgniter->run()
#12 {main}
CRITICAL - 2022-03-31 21:19:23 --> Invalid file: contacto/menu.php
#0 C:\desarrollo\htdocs\proyecto_3\system\View\View.php(198): CodeIgniter\Exceptions\FrameworkException::forInvalidFile('contacto/menu.p...')
#1 C:\desarrollo\htdocs\proyecto_3\system\View\View.php(424): CodeIgniter\View\View->render('contacto/menu', NULL, true)
#2 C:\desarrollo\htdocs\proyecto_3\app\Views\layouts\layout.php(15): CodeIgniter\View\View->include('contacto/menu')
#3 C:\desarrollo\htdocs\proyecto_3\system\View\View.php(210): include('C:\\desarrollo\\h...')
#4 C:\desarrollo\htdocs\proyecto_3\system\View\View.php(213): CodeIgniter\View\View->CodeIgniter\View\{closure}()
#5 C:\desarrollo\htdocs\proyecto_3\system\View\View.php(226): CodeIgniter\View\View->render('layouts/layout', Array, true)
#6 C:\desarrollo\htdocs\proyecto_3\system\Common.php(1089): CodeIgniter\View\View->render('login', Array, true)
#7 C:\desarrollo\htdocs\proyecto_3\app\Controllers\LoginController.php(12): view('login', Array)
#8 C:\desarrollo\htdocs\proyecto_3\system\CodeIgniter.php(832): App\Controllers\LoginController->index()
#9 C:\desarrollo\htdocs\proyecto_3\system\CodeIgniter.php(419): CodeIgniter\CodeIgniter->runController(Object(App\Controllers\LoginController))
#10 C:\desarrollo\htdocs\proyecto_3\system\CodeIgniter.php(326): CodeIgniter\CodeIgniter->handleRequest(NULL, Object(Config\Cache), false)
#11 C:\desarrollo\htdocs\proyecto_3\index.php(37): CodeIgniter\CodeIgniter->run()
#12 {main}
CRITICAL - 2022-03-31 21:20:46 --> Invalid file: contacto/menu.php
#0 C:\desarrollo\htdocs\proyecto_3\system\View\View.php(198): CodeIgniter\Exceptions\FrameworkException::forInvalidFile('contacto/menu.p...')
#1 C:\desarrollo\htdocs\proyecto_3\system\View\View.php(424): CodeIgniter\View\View->render('contacto/menu', NULL, true)
#2 C:\desarrollo\htdocs\proyecto_3\app\Views\layouts\layout.php(15): CodeIgniter\View\View->include('contacto/menu')
#3 C:\desarrollo\htdocs\proyecto_3\system\View\View.php(210): include('C:\\desarrollo\\h...')
#4 C:\desarrollo\htdocs\proyecto_3\system\View\View.php(213): CodeIgniter\View\View->CodeIgniter\View\{closure}()
#5 C:\desarrollo\htdocs\proyecto_3\system\View\View.php(226): CodeIgniter\View\View->render('layouts/layout', Array, true)
#6 C:\desarrollo\htdocs\proyecto_3\system\Common.php(1089): CodeIgniter\View\View->render('login', Array, true)
#7 C:\desarrollo\htdocs\proyecto_3\app\Controllers\LoginController.php(12): view('login', Array)
#8 C:\desarrollo\htdocs\proyecto_3\system\CodeIgniter.php(832): App\Controllers\LoginController->index()
#9 C:\desarrollo\htdocs\proyecto_3\system\CodeIgniter.php(419): CodeIgniter\CodeIgniter->runController(Object(App\Controllers\LoginController))
#10 C:\desarrollo\htdocs\proyecto_3\system\CodeIgniter.php(326): CodeIgniter\CodeIgniter->handleRequest(NULL, Object(Config\Cache), false)
#11 C:\desarrollo\htdocs\proyecto_3\index.php(37): CodeIgniter\CodeIgniter->run()
#12 {main}
CRITICAL - 2022-03-31 21:20:46 --> Invalid file: contacto/menu.php
#0 C:\desarrollo\htdocs\proyecto_3\system\View\View.php(198): CodeIgniter\Exceptions\FrameworkException::forInvalidFile('contacto/menu.p...')
#1 C:\desarrollo\htdocs\proyecto_3\system\View\View.php(424): CodeIgniter\View\View->render('contacto/menu', NULL, true)
#2 C:\desarrollo\htdocs\proyecto_3\app\Views\layouts\layout.php(15): CodeIgniter\View\View->include('contacto/menu')
#3 C:\desarrollo\htdocs\proyecto_3\system\View\View.php(210): include('C:\\desarrollo\\h...')
#4 C:\desarrollo\htdocs\proyecto_3\system\View\View.php(213): CodeIgniter\View\View->CodeIgniter\View\{closure}()
#5 C:\desarrollo\htdocs\proyecto_3\system\View\View.php(226): CodeIgniter\View\View->render('layouts/layout', Array, true)
#6 C:\desarrollo\htdocs\proyecto_3\system\Common.php(1089): CodeIgniter\View\View->render('login', Array, true)
#7 C:\desarrollo\htdocs\proyecto_3\app\Controllers\LoginController.php(12): view('login', Array)
#8 C:\desarrollo\htdocs\proyecto_3\system\CodeIgniter.php(832): App\Controllers\LoginController->index()
#9 C:\desarrollo\htdocs\proyecto_3\system\CodeIgniter.php(419): CodeIgniter\CodeIgniter->runController(Object(App\Controllers\LoginController))
#10 C:\desarrollo\htdocs\proyecto_3\system\CodeIgniter.php(326): CodeIgniter\CodeIgniter->handleRequest(NULL, Object(Config\Cache), false)
#11 C:\desarrollo\htdocs\proyecto_3\index.php(37): CodeIgniter\CodeIgniter->run()
#12 {main}
CRITICAL - 2022-03-31 21:20:47 --> Invalid file: contacto/menu.php
#0 C:\desarrollo\htdocs\proyecto_3\system\View\View.php(198): CodeIgniter\Exceptions\FrameworkException::forInvalidFile('contacto/menu.p...')
#1 C:\desarrollo\htdocs\proyecto_3\system\View\View.php(424): CodeIgniter\View\View->render('contacto/menu', NULL, true)
#2 C:\desarrollo\htdocs\proyecto_3\app\Views\layouts\layout.php(15): CodeIgniter\View\View->include('contacto/menu')
#3 C:\desarrollo\htdocs\proyecto_3\system\View\View.php(210): include('C:\\desarrollo\\h...')
#4 C:\desarrollo\htdocs\proyecto_3\system\View\View.php(213): CodeIgniter\View\View->CodeIgniter\View\{closure}()
#5 C:\desarrollo\htdocs\proyecto_3\system\View\View.php(226): CodeIgniter\View\View->render('layouts/layout', Array, true)
#6 C:\desarrollo\htdocs\proyecto_3\system\Common.php(1089): CodeIgniter\View\View->render('login', Array, true)
#7 C:\desarrollo\htdocs\proyecto_3\app\Controllers\LoginController.php(12): view('login', Array)
#8 C:\desarrollo\htdocs\proyecto_3\system\CodeIgniter.php(832): App\Controllers\LoginController->index()
#9 C:\desarrollo\htdocs\proyecto_3\system\CodeIgniter.php(419): CodeIgniter\CodeIgniter->runController(Object(App\Controllers\LoginController))
#10 C:\desarrollo\htdocs\proyecto_3\system\CodeIgniter.php(326): CodeIgniter\CodeIgniter->handleRequest(NULL, Object(Config\Cache), false)
#11 C:\desarrollo\htdocs\proyecto_3\index.php(37): CodeIgniter\CodeIgniter->run()
#12 {main}
CRITICAL - 2022-03-31 21:20:47 --> Invalid file: contacto/menu.php
#0 C:\desarrollo\htdocs\proyecto_3\system\View\View.php(198): CodeIgniter\Exceptions\FrameworkException::forInvalidFile('contacto/menu.p...')
#1 C:\desarrollo\htdocs\proyecto_3\system\View\View.php(424): CodeIgniter\View\View->render('contacto/menu', NULL, true)
#2 C:\desarrollo\htdocs\proyecto_3\app\Views\layouts\layout.php(15): CodeIgniter\View\View->include('contacto/menu')
#3 C:\desarrollo\htdocs\proyecto_3\system\View\View.php(210): include('C:\\desarrollo\\h...')
#4 C:\desarrollo\htdocs\proyecto_3\system\View\View.php(213): CodeIgniter\View\View->CodeIgniter\View\{closure}()
#5 C:\desarrollo\htdocs\proyecto_3\system\View\View.php(226): CodeIgniter\View\View->render('layouts/layout', Array, true)
#6 C:\desarrollo\htdocs\proyecto_3\system\Common.php(1089): CodeIgniter\View\View->render('login', Array, true)
#7 C:\desarrollo\htdocs\proyecto_3\app\Controllers\LoginController.php(12): view('login', Array)
#8 C:\desarrollo\htdocs\proyecto_3\system\CodeIgniter.php(832): App\Controllers\LoginController->index()
#9 C:\desarrollo\htdocs\proyecto_3\system\CodeIgniter.php(419): CodeIgniter\CodeIgniter->runController(Object(App\Controllers\LoginController))
#10 C:\desarrollo\htdocs\proyecto_3\system\CodeIgniter.php(326): CodeIgniter\CodeIgniter->handleRequest(NULL, Object(Config\Cache), false)
#11 C:\desarrollo\htdocs\proyecto_3\index.php(37): CodeIgniter\CodeIgniter->run()
#12 {main}
