CRITICAL - 2022-04-01 00:34:44 --> Class "App\Models\UsuarioCRUDModel" not found
#0 C:\desarrollo\htdocs\proyecto_3\system\CodeIgniter.php(832): App\Controllers\AdminController->index()
#1 C:\desarrollo\htdocs\proyecto_3\system\CodeIgniter.php(419): CodeIgniter\CodeIgniter->runController(Object(App\Controllers\AdminController))
#2 C:\desarrollo\htdocs\proyecto_3\system\CodeIgniter.php(326): CodeIgniter\CodeIgniter->handleRequest(NULL, Object(Config\Cache), false)
#3 C:\desarrollo\htdocs\proyecto_3\index.php(37): CodeIgniter\CodeIgniter->run()
#4 {main}
CRITICAL - 2022-04-01 00:35:24 --> Class "App\Models\UsuariosCRUDModel" not found
#0 C:\desarrollo\htdocs\proyecto_3\system\CodeIgniter.php(832): App\Controllers\AdminController->index()
#1 C:\desarrollo\htdocs\proyecto_3\system\CodeIgniter.php(419): CodeIgniter\CodeIgniter->runController(Object(App\Controllers\AdminController))
#2 C:\desarrollo\htdocs\proyecto_3\system\CodeIgniter.php(326): CodeIgniter\CodeIgniter->handleRequest(NULL, Object(Config\Cache), false)
#3 C:\desarrollo\htdocs\proyecto_3\index.php(37): CodeIgniter\CodeIgniter->run()
#4 {main}
CRITICAL - 2022-04-01 00:35:26 --> Class "App\Models\UsuariosCRUDModel" not found
#0 C:\desarrollo\htdocs\proyecto_3\system\CodeIgniter.php(832): App\Controllers\AdminController->index()
#1 C:\desarrollo\htdocs\proyecto_3\system\CodeIgniter.php(419): CodeIgniter\CodeIgniter->runController(Object(App\Controllers\AdminController))
#2 C:\desarrollo\htdocs\proyecto_3\system\CodeIgniter.php(326): CodeIgniter\CodeIgniter->handleRequest(NULL, Object(Config\Cache), false)
#3 C:\desarrollo\htdocs\proyecto_3\index.php(37): CodeIgniter\CodeIgniter->run()
#4 {main}
CRITICAL - 2022-04-01 00:35:28 --> Class "App\Models\UsuariosCRUDModel" not found
#0 C:\desarrollo\htdocs\proyecto_3\system\CodeIgniter.php(832): App\Controllers\AdminController->index()
#1 C:\desarrollo\htdocs\proyecto_3\system\CodeIgniter.php(419): CodeIgniter\CodeIgniter->runController(Object(App\Controllers\AdminController))
#2 C:\desarrollo\htdocs\proyecto_3\system\CodeIgniter.php(326): CodeIgniter\CodeIgniter->handleRequest(NULL, Object(Config\Cache), false)
#3 C:\desarrollo\htdocs\proyecto_3\index.php(37): CodeIgniter\CodeIgniter->run()
#4 {main}
CRITICAL - 2022-04-01 00:35:44 --> Class "App\Models\UsuariosCRUDModel" not found
#0 C:\desarrollo\htdocs\proyecto_3\system\CodeIgniter.php(832): App\Controllers\AdminController->index()
#1 C:\desarrollo\htdocs\proyecto_3\system\CodeIgniter.php(419): CodeIgniter\CodeIgniter->runController(Object(App\Controllers\AdminController))
#2 C:\desarrollo\htdocs\proyecto_3\system\CodeIgniter.php(326): CodeIgniter\CodeIgniter->handleRequest(NULL, Object(Config\Cache), false)
#3 C:\desarrollo\htdocs\proyecto_3\index.php(37): CodeIgniter\CodeIgniter->run()
#4 {main}
CRITICAL - 2022-04-01 00:35:45 --> Class "App\Models\UsuariosCRUDModel" not found
#0 C:\desarrollo\htdocs\proyecto_3\system\CodeIgniter.php(832): App\Controllers\AdminController->index()
#1 C:\desarrollo\htdocs\proyecto_3\system\CodeIgniter.php(419): CodeIgniter\CodeIgniter->runController(Object(App\Controllers\AdminController))
#2 C:\desarrollo\htdocs\proyecto_3\system\CodeIgniter.php(326): CodeIgniter\CodeIgniter->handleRequest(NULL, Object(Config\Cache), false)
#3 C:\desarrollo\htdocs\proyecto_3\index.php(37): CodeIgniter\CodeIgniter->run()
#4 {main}
CRITICAL - 2022-04-01 00:37:59 --> Undefined variable $datos
#0 C:\desarrollo\htdocs\proyecto_3\app\Views\admin_view\index.php(26): CodeIgniter\Debug\Exceptions->errorHandler(2, 'Undefined varia...', 'C:\\desarrollo\\h...', 26)
#1 C:\desarrollo\htdocs\proyecto_3\system\View\View.php(210): include('C:\\desarrollo\\h...')
#2 C:\desarrollo\htdocs\proyecto_3\system\View\View.php(213): CodeIgniter\View\View->CodeIgniter\View\{closure}()
#3 C:\desarrollo\htdocs\proyecto_3\system\Common.php(1089): CodeIgniter\View\View->render('admin_view/inde...', Array, true)
#4 C:\desarrollo\htdocs\proyecto_3\app\Controllers\AdminController.php(24): view('admin_view/inde...')
#5 C:\desarrollo\htdocs\proyecto_3\system\CodeIgniter.php(832): App\Controllers\AdminController->index()
#6 C:\desarrollo\htdocs\proyecto_3\system\CodeIgniter.php(419): CodeIgniter\CodeIgniter->runController(Object(App\Controllers\AdminController))
#7 C:\desarrollo\htdocs\proyecto_3\system\CodeIgniter.php(326): CodeIgniter\CodeIgniter->handleRequest(NULL, Object(Config\Cache), false)
#8 C:\desarrollo\htdocs\proyecto_3\index.php(37): CodeIgniter\CodeIgniter->run()
#9 {main}
CRITICAL - 2022-04-01 00:38:18 --> Undefined variable $dataUsuarios
#0 C:\desarrollo\htdocs\proyecto_3\app\Views\admin_view\index.php(26): CodeIgniter\Debug\Exceptions->errorHandler(2, 'Undefined varia...', 'C:\\desarrollo\\h...', 26)
#1 C:\desarrollo\htdocs\proyecto_3\system\View\View.php(210): include('C:\\desarrollo\\h...')
#2 C:\desarrollo\htdocs\proyecto_3\system\View\View.php(213): CodeIgniter\View\View->CodeIgniter\View\{closure}()
#3 C:\desarrollo\htdocs\proyecto_3\system\Common.php(1089): CodeIgniter\View\View->render('admin_view/inde...', Array, true)
#4 C:\desarrollo\htdocs\proyecto_3\app\Controllers\AdminController.php(24): view('admin_view/inde...')
#5 C:\desarrollo\htdocs\proyecto_3\system\CodeIgniter.php(832): App\Controllers\AdminController->index()
#6 C:\desarrollo\htdocs\proyecto_3\system\CodeIgniter.php(419): CodeIgniter\CodeIgniter->runController(Object(App\Controllers\AdminController))
#7 C:\desarrollo\htdocs\proyecto_3\system\CodeIgniter.php(326): CodeIgniter\CodeIgniter->handleRequest(NULL, Object(Config\Cache), false)
#8 C:\desarrollo\htdocs\proyecto_3\index.php(37): CodeIgniter\CodeIgniter->run()
#9 {main}
CRITICAL - 2022-04-01 00:38:19 --> Undefined variable $dataUsuarios
#0 C:\desarrollo\htdocs\proyecto_3\app\Views\admin_view\index.php(26): CodeIgniter\Debug\Exceptions->errorHandler(2, 'Undefined varia...', 'C:\\desarrollo\\h...', 26)
#1 C:\desarrollo\htdocs\proyecto_3\system\View\View.php(210): include('C:\\desarrollo\\h...')
#2 C:\desarrollo\htdocs\proyecto_3\system\View\View.php(213): CodeIgniter\View\View->CodeIgniter\View\{closure}()
#3 C:\desarrollo\htdocs\proyecto_3\system\Common.php(1089): CodeIgniter\View\View->render('admin_view/inde...', Array, true)
#4 C:\desarrollo\htdocs\proyecto_3\app\Controllers\AdminController.php(24): view('admin_view/inde...')
#5 C:\desarrollo\htdocs\proyecto_3\system\CodeIgniter.php(832): App\Controllers\AdminController->index()
#6 C:\desarrollo\htdocs\proyecto_3\system\CodeIgniter.php(419): CodeIgniter\CodeIgniter->runController(Object(App\Controllers\AdminController))
#7 C:\desarrollo\htdocs\proyecto_3\system\CodeIgniter.php(326): CodeIgniter\CodeIgniter->handleRequest(NULL, Object(Config\Cache), false)
#8 C:\desarrollo\htdocs\proyecto_3\index.php(37): CodeIgniter\CodeIgniter->run()
#9 {main}
CRITICAL - 2022-04-01 00:43:21 --> syntax error, unexpected end of file
#0 C:\desarrollo\htdocs\proyecto_3\system\View\View.php(213): CodeIgniter\View\View->CodeIgniter\View\{closure}()
#1 C:\desarrollo\htdocs\proyecto_3\system\Common.php(1089): CodeIgniter\View\View->render('admin_view/inde...', Array, true)
#2 C:\desarrollo\htdocs\proyecto_3\app\Controllers\AdminController.php(21): view('admin_view/inde...')
#3 C:\desarrollo\htdocs\proyecto_3\system\CodeIgniter.php(832): App\Controllers\AdminController->index()
#4 C:\desarrollo\htdocs\proyecto_3\system\CodeIgniter.php(419): CodeIgniter\CodeIgniter->runController(Object(App\Controllers\AdminController))
#5 C:\desarrollo\htdocs\proyecto_3\system\CodeIgniter.php(326): CodeIgniter\CodeIgniter->handleRequest(NULL, Object(Config\Cache), false)
#6 C:\desarrollo\htdocs\proyecto_3\index.php(37): CodeIgniter\CodeIgniter->run()
#7 {main}
CRITICAL - 2022-04-01 01:06:50 --> syntax error, unexpected double-quoted string "rol", expecting "]"
#0 C:\desarrollo\htdocs\proyecto_3\system\Autoloader\Autoloader.php(241): CodeIgniter\Autoloader\Autoloader->includeFile('C:\\desarrollo\\h...')
#1 C:\desarrollo\htdocs\proyecto_3\system\Autoloader\Autoloader.php(219): CodeIgniter\Autoloader\Autoloader->loadInNamespace('App\\Controllers...')
#2 [internal function]: CodeIgniter\Autoloader\Autoloader->loadClass('App\\Controllers...')
#3 C:\desarrollo\htdocs\proyecto_3\system\CodeIgniter.php(797): class_exists('\\App\\Controller...', true)
#4 C:\desarrollo\htdocs\proyecto_3\system\CodeIgniter.php(406): CodeIgniter\CodeIgniter->startController()
#5 C:\desarrollo\htdocs\proyecto_3\system\CodeIgniter.php(326): CodeIgniter\CodeIgniter->handleRequest(NULL, Object(Config\Cache), false)
#6 C:\desarrollo\htdocs\proyecto_3\index.php(37): CodeIgniter\CodeIgniter->run()
#7 {main}
CRITICAL - 2022-04-01 01:07:12 --> syntax error, unexpected double-quoted string "rol", expecting "]"
#0 C:\desarrollo\htdocs\proyecto_3\system\Autoloader\Autoloader.php(241): CodeIgniter\Autoloader\Autoloader->includeFile('C:\\desarrollo\\h...')
#1 C:\desarrollo\htdocs\proyecto_3\system\Autoloader\Autoloader.php(219): CodeIgniter\Autoloader\Autoloader->loadInNamespace('App\\Controllers...')
#2 [internal function]: CodeIgniter\Autoloader\Autoloader->loadClass('App\\Controllers...')
#3 C:\desarrollo\htdocs\proyecto_3\system\CodeIgniter.php(797): class_exists('\\App\\Controller...', true)
#4 C:\desarrollo\htdocs\proyecto_3\system\CodeIgniter.php(406): CodeIgniter\CodeIgniter->startController()
#5 C:\desarrollo\htdocs\proyecto_3\system\CodeIgniter.php(326): CodeIgniter\CodeIgniter->handleRequest(NULL, Object(Config\Cache), false)
#6 C:\desarrollo\htdocs\proyecto_3\index.php(37): CodeIgniter\CodeIgniter->run()
#7 {main}
CRITICAL - 2022-04-01 01:07:13 --> syntax error, unexpected double-quoted string "rol", expecting "]"
#0 C:\desarrollo\htdocs\proyecto_3\system\Autoloader\Autoloader.php(241): CodeIgniter\Autoloader\Autoloader->includeFile('C:\\desarrollo\\h...')
#1 C:\desarrollo\htdocs\proyecto_3\system\Autoloader\Autoloader.php(219): CodeIgniter\Autoloader\Autoloader->loadInNamespace('App\\Controllers...')
#2 [internal function]: CodeIgniter\Autoloader\Autoloader->loadClass('App\\Controllers...')
#3 C:\desarrollo\htdocs\proyecto_3\system\CodeIgniter.php(797): class_exists('\\App\\Controller...', true)
#4 C:\desarrollo\htdocs\proyecto_3\system\CodeIgniter.php(406): CodeIgniter\CodeIgniter->startController()
#5 C:\desarrollo\htdocs\proyecto_3\system\CodeIgniter.php(326): CodeIgniter\CodeIgniter->handleRequest(NULL, Object(Config\Cache), false)
#6 C:\desarrollo\htdocs\proyecto_3\index.php(37): CodeIgniter\CodeIgniter->run()
#7 {main}
CRITICAL - 2022-04-01 01:12:50 --> Undefined array key "nombre"
#0 C:\desarrollo\htdocs\proyecto_3\app\Controllers\AdminController.php(28): CodeIgniter\Debug\Exceptions->errorHandler(2, 'Undefined array...', 'C:\\desarrollo\\h...', 28)
#1 C:\desarrollo\htdocs\proyecto_3\system\CodeIgniter.php(832): App\Controllers\AdminController->crearNuevoUsuario()
#2 C:\desarrollo\htdocs\proyecto_3\system\CodeIgniter.php(419): CodeIgniter\CodeIgniter->runController(Object(App\Controllers\AdminController))
#3 C:\desarrollo\htdocs\proyecto_3\system\CodeIgniter.php(326): CodeIgniter\CodeIgniter->handleRequest(NULL, Object(Config\Cache), false)
#4 C:\desarrollo\htdocs\proyecto_3\index.php(37): CodeIgniter\CodeIgniter->run()
#5 {main}
CRITICAL - 2022-04-01 01:41:25 --> Undefined variable $titulo
#0 C:\desarrollo\htdocs\proyecto_3\app\Views\admin_view\header.php(13): CodeIgniter\Debug\Exceptions->errorHandler(2, 'Undefined varia...', 'C:\\desarrollo\\h...', 13)
#1 C:\desarrollo\htdocs\proyecto_3\system\View\View.php(210): include('C:\\desarrollo\\h...')
#2 C:\desarrollo\htdocs\proyecto_3\system\View\View.php(213): CodeIgniter\View\View->CodeIgniter\View\{closure}()
#3 C:\desarrollo\htdocs\proyecto_3\system\Common.php(1089): CodeIgniter\View\View->render('admin_view/head...', Array, true)
#4 C:\desarrollo\htdocs\proyecto_3\app\Controllers\AdminController.php(70): view('admin_view/head...', Array)
#5 C:\desarrollo\htdocs\proyecto_3\system\CodeIgniter.php(832): App\Controllers\AdminController->obtenerIdUsuario('1')
#6 C:\desarrollo\htdocs\proyecto_3\system\CodeIgniter.php(419): CodeIgniter\CodeIgniter->runController(Object(App\Controllers\AdminController))
#7 C:\desarrollo\htdocs\proyecto_3\system\CodeIgniter.php(326): CodeIgniter\CodeIgniter->handleRequest(NULL, Object(Config\Cache), false)
#8 C:\desarrollo\htdocs\proyecto_3\index.php(37): CodeIgniter\CodeIgniter->run()
#9 {main}
CRITICAL - 2022-04-01 01:41:52 --> Undefined variable $titulo
#0 C:\desarrollo\htdocs\proyecto_3\app\Views\admin_view\header.php(13): CodeIgniter\Debug\Exceptions->errorHandler(2, 'Undefined varia...', 'C:\\desarrollo\\h...', 13)
#1 C:\desarrollo\htdocs\proyecto_3\system\View\View.php(210): include('C:\\desarrollo\\h...')
#2 C:\desarrollo\htdocs\proyecto_3\system\View\View.php(213): CodeIgniter\View\View->CodeIgniter\View\{closure}()
#3 C:\desarrollo\htdocs\proyecto_3\system\Common.php(1089): CodeIgniter\View\View->render('admin_view/head...', Array, true)
#4 C:\desarrollo\htdocs\proyecto_3\app\Controllers\AdminController.php(71): view('admin_view/head...', Array)
#5 C:\desarrollo\htdocs\proyecto_3\system\CodeIgniter.php(832): App\Controllers\AdminController->obtenerIdUsuario('1')
#6 C:\desarrollo\htdocs\proyecto_3\system\CodeIgniter.php(419): CodeIgniter\CodeIgniter->runController(Object(App\Controllers\AdminController))
#7 C:\desarrollo\htdocs\proyecto_3\system\CodeIgniter.php(326): CodeIgniter\CodeIgniter->handleRequest(NULL, Object(Config\Cache), false)
#8 C:\desarrollo\htdocs\proyecto_3\index.php(37): CodeIgniter\CodeIgniter->run()
#9 {main}
CRITICAL - 2022-04-01 01:41:53 --> Undefined variable $titulo
#0 C:\desarrollo\htdocs\proyecto_3\app\Views\admin_view\header.php(13): CodeIgniter\Debug\Exceptions->errorHandler(2, 'Undefined varia...', 'C:\\desarrollo\\h...', 13)
#1 C:\desarrollo\htdocs\proyecto_3\system\View\View.php(210): include('C:\\desarrollo\\h...')
#2 C:\desarrollo\htdocs\proyecto_3\system\View\View.php(213): CodeIgniter\View\View->CodeIgniter\View\{closure}()
#3 C:\desarrollo\htdocs\proyecto_3\system\Common.php(1089): CodeIgniter\View\View->render('admin_view/head...', Array, true)
#4 C:\desarrollo\htdocs\proyecto_3\app\Controllers\AdminController.php(71): view('admin_view/head...', Array)
#5 C:\desarrollo\htdocs\proyecto_3\system\CodeIgniter.php(832): App\Controllers\AdminController->obtenerIdUsuario('1')
#6 C:\desarrollo\htdocs\proyecto_3\system\CodeIgniter.php(419): CodeIgniter\CodeIgniter->runController(Object(App\Controllers\AdminController))
#7 C:\desarrollo\htdocs\proyecto_3\system\CodeIgniter.php(326): CodeIgniter\CodeIgniter->handleRequest(NULL, Object(Config\Cache), false)
#8 C:\desarrollo\htdocs\proyecto_3\index.php(37): CodeIgniter\CodeIgniter->run()
#9 {main}
CRITICAL - 2022-04-01 01:41:56 --> Undefined variable $titulo
#0 C:\desarrollo\htdocs\proyecto_3\app\Views\admin_view\header.php(13): CodeIgniter\Debug\Exceptions->errorHandler(2, 'Undefined varia...', 'C:\\desarrollo\\h...', 13)
#1 C:\desarrollo\htdocs\proyecto_3\system\View\View.php(210): include('C:\\desarrollo\\h...')
#2 C:\desarrollo\htdocs\proyecto_3\system\View\View.php(213): CodeIgniter\View\View->CodeIgniter\View\{closure}()
#3 C:\desarrollo\htdocs\proyecto_3\system\Common.php(1089): CodeIgniter\View\View->render('admin_view/head...', Array, true)
#4 C:\desarrollo\htdocs\proyecto_3\app\Controllers\AdminController.php(71): view('admin_view/head...', Array)
#5 C:\desarrollo\htdocs\proyecto_3\system\CodeIgniter.php(832): App\Controllers\AdminController->obtenerIdUsuario('1')
#6 C:\desarrollo\htdocs\proyecto_3\system\CodeIgniter.php(419): CodeIgniter\CodeIgniter->runController(Object(App\Controllers\AdminController))
#7 C:\desarrollo\htdocs\proyecto_3\system\CodeIgniter.php(326): CodeIgniter\CodeIgniter->handleRequest(NULL, Object(Config\Cache), false)
#8 C:\desarrollo\htdocs\proyecto_3\index.php(37): CodeIgniter\CodeIgniter->run()
#9 {main}
CRITICAL - 2022-04-01 01:42:18 --> Undefined variable $mensaje
#0 C:\desarrollo\htdocs\proyecto_3\app\Views\admin_view\footer.php(11): CodeIgniter\Debug\Exceptions->errorHandler(2, 'Undefined varia...', 'C:\\desarrollo\\h...', 11)
#1 C:\desarrollo\htdocs\proyecto_3\system\View\View.php(210): include('C:\\desarrollo\\h...')
#2 C:\desarrollo\htdocs\proyecto_3\system\View\View.php(213): CodeIgniter\View\View->CodeIgniter\View\{closure}()
#3 C:\desarrollo\htdocs\proyecto_3\system\Common.php(1089): CodeIgniter\View\View->render('admin_view/foot...', Array, true)
#4 C:\desarrollo\htdocs\proyecto_3\app\Controllers\AdminController.php(74): view('admin_view/foot...')
#5 C:\desarrollo\htdocs\proyecto_3\system\CodeIgniter.php(832): App\Controllers\AdminController->obtenerIdUsuario('1')
#6 C:\desarrollo\htdocs\proyecto_3\system\CodeIgniter.php(419): CodeIgniter\CodeIgniter->runController(Object(App\Controllers\AdminController))
#7 C:\desarrollo\htdocs\proyecto_3\system\CodeIgniter.php(326): CodeIgniter\CodeIgniter->handleRequest(NULL, Object(Config\Cache), false)
#8 C:\desarrollo\htdocs\proyecto_3\index.php(37): CodeIgniter\CodeIgniter->run()
#9 {main}
CRITICAL - 2022-04-01 01:42:18 --> Undefined variable $mensaje
#0 C:\desarrollo\htdocs\proyecto_3\app\Views\admin_view\footer.php(11): CodeIgniter\Debug\Exceptions->errorHandler(2, 'Undefined varia...', 'C:\\desarrollo\\h...', 11)
#1 C:\desarrollo\htdocs\proyecto_3\system\View\View.php(210): include('C:\\desarrollo\\h...')
#2 C:\desarrollo\htdocs\proyecto_3\system\View\View.php(213): CodeIgniter\View\View->CodeIgniter\View\{closure}()
#3 C:\desarrollo\htdocs\proyecto_3\system\Common.php(1089): CodeIgniter\View\View->render('admin_view/foot...', Array, true)
#4 C:\desarrollo\htdocs\proyecto_3\app\Controllers\AdminController.php(74): view('admin_view/foot...')
#5 C:\desarrollo\htdocs\proyecto_3\system\CodeIgniter.php(832): App\Controllers\AdminController->obtenerIdUsuario('public', 'img', 'icono_salud_baj...')
#6 C:\desarrollo\htdocs\proyecto_3\system\CodeIgniter.php(419): CodeIgniter\CodeIgniter->runController(Object(App\Controllers\AdminController))
#7 C:\desarrollo\htdocs\proyecto_3\system\CodeIgniter.php(326): CodeIgniter\CodeIgniter->handleRequest(NULL, Object(Config\Cache), false)
#8 C:\desarrollo\htdocs\proyecto_3\index.php(37): CodeIgniter\CodeIgniter->run()
#9 {main}
CRITICAL - 2022-04-01 01:42:25 --> Undefined variable $mensaje
#0 C:\desarrollo\htdocs\proyecto_3\app\Views\admin_view\footer.php(11): CodeIgniter\Debug\Exceptions->errorHandler(2, 'Undefined varia...', 'C:\\desarrollo\\h...', 11)
#1 C:\desarrollo\htdocs\proyecto_3\system\View\View.php(210): include('C:\\desarrollo\\h...')
#2 C:\desarrollo\htdocs\proyecto_3\system\View\View.php(213): CodeIgniter\View\View->CodeIgniter\View\{closure}()
#3 C:\desarrollo\htdocs\proyecto_3\system\Common.php(1089): CodeIgniter\View\View->render('admin_view/foot...', Array, true)
#4 C:\desarrollo\htdocs\proyecto_3\app\Controllers\AdminController.php(74): view('admin_view/foot...')
#5 C:\desarrollo\htdocs\proyecto_3\system\CodeIgniter.php(832): App\Controllers\AdminController->obtenerIdUsuario('1')
#6 C:\desarrollo\htdocs\proyecto_3\system\CodeIgniter.php(419): CodeIgniter\CodeIgniter->runController(Object(App\Controllers\AdminController))
#7 C:\desarrollo\htdocs\proyecto_3\system\CodeIgniter.php(326): CodeIgniter\CodeIgniter->handleRequest(NULL, Object(Config\Cache), false)
#8 C:\desarrollo\htdocs\proyecto_3\index.php(37): CodeIgniter\CodeIgniter->run()
#9 {main}
CRITICAL - 2022-04-01 01:42:25 --> Undefined variable $mensaje
#0 C:\desarrollo\htdocs\proyecto_3\app\Views\admin_view\footer.php(11): CodeIgniter\Debug\Exceptions->errorHandler(2, 'Undefined varia...', 'C:\\desarrollo\\h...', 11)
#1 C:\desarrollo\htdocs\proyecto_3\system\View\View.php(210): include('C:\\desarrollo\\h...')
#2 C:\desarrollo\htdocs\proyecto_3\system\View\View.php(213): CodeIgniter\View\View->CodeIgniter\View\{closure}()
#3 C:\desarrollo\htdocs\proyecto_3\system\Common.php(1089): CodeIgniter\View\View->render('admin_view/foot...', Array, true)
#4 C:\desarrollo\htdocs\proyecto_3\app\Controllers\AdminController.php(74): view('admin_view/foot...')
#5 C:\desarrollo\htdocs\proyecto_3\system\CodeIgniter.php(832): App\Controllers\AdminController->obtenerIdUsuario('public', 'img', 'icono_salud_baj...')
#6 C:\desarrollo\htdocs\proyecto_3\system\CodeIgniter.php(419): CodeIgniter\CodeIgniter->runController(Object(App\Controllers\AdminController))
#7 C:\desarrollo\htdocs\proyecto_3\system\CodeIgniter.php(326): CodeIgniter\CodeIgniter->handleRequest(NULL, Object(Config\Cache), false)
#8 C:\desarrollo\htdocs\proyecto_3\index.php(37): CodeIgniter\CodeIgniter->run()
#9 {main}
CRITICAL - 2022-04-01 01:46:51 --> Undefined array key "id_nombre"
#0 C:\desarrollo\htdocs\proyecto_3\app\Views\admin_view\actualizar_usuario.php(3): CodeIgniter\Debug\Exceptions->errorHandler(2, 'Undefined array...', 'C:\\desarrollo\\h...', 3)
#1 C:\desarrollo\htdocs\proyecto_3\system\View\View.php(210): include('C:\\desarrollo\\h...')
#2 C:\desarrollo\htdocs\proyecto_3\system\View\View.php(213): CodeIgniter\View\View->CodeIgniter\View\{closure}()
#3 C:\desarrollo\htdocs\proyecto_3\system\Common.php(1089): CodeIgniter\View\View->render('admin_view/actu...', Array, true)
#4 C:\desarrollo\htdocs\proyecto_3\app\Controllers\AdminController.php(73): view('admin_view/actu...')
#5 C:\desarrollo\htdocs\proyecto_3\system\CodeIgniter.php(832): App\Controllers\AdminController->obtenerIdUsuario('1')
#6 C:\desarrollo\htdocs\proyecto_3\system\CodeIgniter.php(419): CodeIgniter\CodeIgniter->runController(Object(App\Controllers\AdminController))
#7 C:\desarrollo\htdocs\proyecto_3\system\CodeIgniter.php(326): CodeIgniter\CodeIgniter->handleRequest(NULL, Object(Config\Cache), false)
#8 C:\desarrollo\htdocs\proyecto_3\index.php(37): CodeIgniter\CodeIgniter->run()
#9 {main}
CRITICAL - 2022-04-01 01:46:51 --> Undefined array key 0
#0 C:\desarrollo\htdocs\proyecto_3\app\Views\admin_view\actualizar_usuario.php(3): CodeIgniter\Debug\Exceptions->errorHandler(2, 'Undefined array...', 'C:\\desarrollo\\h...', 3)
#1 C:\desarrollo\htdocs\proyecto_3\system\View\View.php(210): include('C:\\desarrollo\\h...')
#2 C:\desarrollo\htdocs\proyecto_3\system\View\View.php(213): CodeIgniter\View\View->CodeIgniter\View\{closure}()
#3 C:\desarrollo\htdocs\proyecto_3\system\Common.php(1089): CodeIgniter\View\View->render('admin_view/actu...', Array, true)
#4 C:\desarrollo\htdocs\proyecto_3\app\Controllers\AdminController.php(73): view('admin_view/actu...')
#5 C:\desarrollo\htdocs\proyecto_3\system\CodeIgniter.php(832): App\Controllers\AdminController->obtenerIdUsuario('public', 'img', 'icono_salud_baj...')
#6 C:\desarrollo\htdocs\proyecto_3\system\CodeIgniter.php(419): CodeIgniter\CodeIgniter->runController(Object(App\Controllers\AdminController))
#7 C:\desarrollo\htdocs\proyecto_3\system\CodeIgniter.php(326): CodeIgniter\CodeIgniter->handleRequest(NULL, Object(Config\Cache), false)
#8 C:\desarrollo\htdocs\proyecto_3\index.php(37): CodeIgniter\CodeIgniter->run()
#9 {main}
CRITICAL - 2022-04-01 01:47:17 --> Undefined array key 0
#0 C:\desarrollo\htdocs\proyecto_3\app\Views\admin_view\actualizar_usuario.php(3): CodeIgniter\Debug\Exceptions->errorHandler(2, 'Undefined array...', 'C:\\desarrollo\\h...', 3)
#1 C:\desarrollo\htdocs\proyecto_3\system\View\View.php(210): include('C:\\desarrollo\\h...')
#2 C:\desarrollo\htdocs\proyecto_3\system\View\View.php(213): CodeIgniter\View\View->CodeIgniter\View\{closure}()
#3 C:\desarrollo\htdocs\proyecto_3\system\Common.php(1089): CodeIgniter\View\View->render('admin_view/actu...', Array, true)
#4 C:\desarrollo\htdocs\proyecto_3\app\Controllers\AdminController.php(73): view('admin_view/actu...')
#5 C:\desarrollo\htdocs\proyecto_3\system\CodeIgniter.php(832): App\Controllers\AdminController->obtenerIdUsuario('public', 'img', 'icono_salud_baj...')
#6 C:\desarrollo\htdocs\proyecto_3\system\CodeIgniter.php(419): CodeIgniter\CodeIgniter->runController(Object(App\Controllers\AdminController))
#7 C:\desarrollo\htdocs\proyecto_3\system\CodeIgniter.php(326): CodeIgniter\CodeIgniter->handleRequest(NULL, Object(Config\Cache), false)
#8 C:\desarrollo\htdocs\proyecto_3\index.php(37): CodeIgniter\CodeIgniter->run()
#9 {main}
CRITICAL - 2022-04-01 01:47:22 --> Undefined array key 0
#0 C:\desarrollo\htdocs\proyecto_3\app\Views\admin_view\actualizar_usuario.php(3): CodeIgniter\Debug\Exceptions->errorHandler(2, 'Undefined array...', 'C:\\desarrollo\\h...', 3)
#1 C:\desarrollo\htdocs\proyecto_3\system\View\View.php(210): include('C:\\desarrollo\\h...')
#2 C:\desarrollo\htdocs\proyecto_3\system\View\View.php(213): CodeIgniter\View\View->CodeIgniter\View\{closure}()
#3 C:\desarrollo\htdocs\proyecto_3\system\Common.php(1089): CodeIgniter\View\View->render('admin_view/actu...', Array, true)
#4 C:\desarrollo\htdocs\proyecto_3\app\Controllers\AdminController.php(73): view('admin_view/actu...')
#5 C:\desarrollo\htdocs\proyecto_3\system\CodeIgniter.php(832): App\Controllers\AdminController->obtenerIdUsuario('public', 'img', 'icono_salud_baj...')
#6 C:\desarrollo\htdocs\proyecto_3\system\CodeIgniter.php(419): CodeIgniter\CodeIgniter->runController(Object(App\Controllers\AdminController))
#7 C:\desarrollo\htdocs\proyecto_3\system\CodeIgniter.php(326): CodeIgniter\CodeIgniter->handleRequest(NULL, Object(Config\Cache), false)
#8 C:\desarrollo\htdocs\proyecto_3\index.php(37): CodeIgniter\CodeIgniter->run()
#9 {main}
CRITICAL - 2022-04-01 01:48:06 --> Undefined array key 0
#0 C:\desarrollo\htdocs\proyecto_3\app\Views\admin_view\actualizar_usuario.php(3): CodeIgniter\Debug\Exceptions->errorHandler(2, 'Undefined array...', 'C:\\desarrollo\\h...', 3)
#1 C:\desarrollo\htdocs\proyecto_3\system\View\View.php(210): include('C:\\desarrollo\\h...')
#2 C:\desarrollo\htdocs\proyecto_3\system\View\View.php(213): CodeIgniter\View\View->CodeIgniter\View\{closure}()
#3 C:\desarrollo\htdocs\proyecto_3\system\Common.php(1089): CodeIgniter\View\View->render('admin_view/actu...', Array, true)
#4 C:\desarrollo\htdocs\proyecto_3\app\Controllers\AdminController.php(73): view('admin_view/actu...')
#5 C:\desarrollo\htdocs\proyecto_3\system\CodeIgniter.php(832): App\Controllers\AdminController->obtenerIdUsuario('public', 'img', 'icono_salud_baj...')
#6 C:\desarrollo\htdocs\proyecto_3\system\CodeIgniter.php(419): CodeIgniter\CodeIgniter->runController(Object(App\Controllers\AdminController))
#7 C:\desarrollo\htdocs\proyecto_3\system\CodeIgniter.php(326): CodeIgniter\CodeIgniter->handleRequest(NULL, Object(Config\Cache), false)
#8 C:\desarrollo\htdocs\proyecto_3\index.php(37): CodeIgniter\CodeIgniter->run()
#9 {main}
CRITICAL - 2022-04-01 01:48:18 --> Undefined array key 0
#0 C:\desarrollo\htdocs\proyecto_3\app\Views\admin_view\actualizar_usuario.php(3): CodeIgniter\Debug\Exceptions->errorHandler(2, 'Undefined array...', 'C:\\desarrollo\\h...', 3)
#1 C:\desarrollo\htdocs\proyecto_3\system\View\View.php(210): include('C:\\desarrollo\\h...')
#2 C:\desarrollo\htdocs\proyecto_3\system\View\View.php(213): CodeIgniter\View\View->CodeIgniter\View\{closure}()
#3 C:\desarrollo\htdocs\proyecto_3\system\Common.php(1089): CodeIgniter\View\View->render('admin_view/actu...', Array, true)
#4 C:\desarrollo\htdocs\proyecto_3\app\Controllers\AdminController.php(73): view('admin_view/actu...')
#5 C:\desarrollo\htdocs\proyecto_3\system\CodeIgniter.php(832): App\Controllers\AdminController->obtenerIdUsuario('public', 'img', 'icono_salud_baj...')
#6 C:\desarrollo\htdocs\proyecto_3\system\CodeIgniter.php(419): CodeIgniter\CodeIgniter->runController(Object(App\Controllers\AdminController))
#7 C:\desarrollo\htdocs\proyecto_3\system\CodeIgniter.php(326): CodeIgniter\CodeIgniter->handleRequest(NULL, Object(Config\Cache), false)
#8 C:\desarrollo\htdocs\proyecto_3\index.php(37): CodeIgniter\CodeIgniter->run()
#9 {main}
CRITICAL - 2022-04-01 01:48:19 --> Undefined array key 0
#0 C:\desarrollo\htdocs\proyecto_3\app\Views\admin_view\actualizar_usuario.php(3): CodeIgniter\Debug\Exceptions->errorHandler(2, 'Undefined array...', 'C:\\desarrollo\\h...', 3)
#1 C:\desarrollo\htdocs\proyecto_3\system\View\View.php(210): include('C:\\desarrollo\\h...')
#2 C:\desarrollo\htdocs\proyecto_3\system\View\View.php(213): CodeIgniter\View\View->CodeIgniter\View\{closure}()
#3 C:\desarrollo\htdocs\proyecto_3\system\Common.php(1089): CodeIgniter\View\View->render('admin_view/actu...', Array, true)
#4 C:\desarrollo\htdocs\proyecto_3\app\Controllers\AdminController.php(73): view('admin_view/actu...')
#5 C:\desarrollo\htdocs\proyecto_3\system\CodeIgniter.php(832): App\Controllers\AdminController->obtenerIdUsuario('public', 'img', 'icono_salud_baj...')
#6 C:\desarrollo\htdocs\proyecto_3\system\CodeIgniter.php(419): CodeIgniter\CodeIgniter->runController(Object(App\Controllers\AdminController))
#7 C:\desarrollo\htdocs\proyecto_3\system\CodeIgniter.php(326): CodeIgniter\CodeIgniter->handleRequest(NULL, Object(Config\Cache), false)
#8 C:\desarrollo\htdocs\proyecto_3\index.php(37): CodeIgniter\CodeIgniter->run()
#9 {main}
CRITICAL - 2022-04-01 01:48:23 --> Undefined array key 0
#0 C:\desarrollo\htdocs\proyecto_3\app\Views\admin_view\actualizar_usuario.php(3): CodeIgniter\Debug\Exceptions->errorHandler(2, 'Undefined array...', 'C:\\desarrollo\\h...', 3)
#1 C:\desarrollo\htdocs\proyecto_3\system\View\View.php(210): include('C:\\desarrollo\\h...')
#2 C:\desarrollo\htdocs\proyecto_3\system\View\View.php(213): CodeIgniter\View\View->CodeIgniter\View\{closure}()
#3 C:\desarrollo\htdocs\proyecto_3\system\Common.php(1089): CodeIgniter\View\View->render('admin_view/actu...', Array, true)
#4 C:\desarrollo\htdocs\proyecto_3\app\Controllers\AdminController.php(73): view('admin_view/actu...')
#5 C:\desarrollo\htdocs\proyecto_3\system\CodeIgniter.php(832): App\Controllers\AdminController->obtenerIdUsuario('public', 'img', 'icono_salud_baj...')
#6 C:\desarrollo\htdocs\proyecto_3\system\CodeIgniter.php(419): CodeIgniter\CodeIgniter->runController(Object(App\Controllers\AdminController))
#7 C:\desarrollo\htdocs\proyecto_3\system\CodeIgniter.php(326): CodeIgniter\CodeIgniter->handleRequest(NULL, Object(Config\Cache), false)
#8 C:\desarrollo\htdocs\proyecto_3\index.php(37): CodeIgniter\CodeIgniter->run()
#9 {main}
CRITICAL - 2022-04-01 01:49:31 --> Undefined array key 0
#0 C:\desarrollo\htdocs\proyecto_3\app\Views\admin_view\actualizar_usuario.php(3): CodeIgniter\Debug\Exceptions->errorHandler(2, 'Undefined array...', 'C:\\desarrollo\\h...', 3)
#1 C:\desarrollo\htdocs\proyecto_3\system\View\View.php(210): include('C:\\desarrollo\\h...')
#2 C:\desarrollo\htdocs\proyecto_3\system\View\View.php(213): CodeIgniter\View\View->CodeIgniter\View\{closure}()
#3 C:\desarrollo\htdocs\proyecto_3\system\Common.php(1089): CodeIgniter\View\View->render('admin_view/actu...', Array, true)
#4 C:\desarrollo\htdocs\proyecto_3\app\Controllers\AdminController.php(73): view('admin_view/actu...')
#5 C:\desarrollo\htdocs\proyecto_3\system\CodeIgniter.php(832): App\Controllers\AdminController->obtenerIdUsuario('public', 'img', 'icono_salud_baj...')
#6 C:\desarrollo\htdocs\proyecto_3\system\CodeIgniter.php(419): CodeIgniter\CodeIgniter->runController(Object(App\Controllers\AdminController))
#7 C:\desarrollo\htdocs\proyecto_3\system\CodeIgniter.php(326): CodeIgniter\CodeIgniter->handleRequest(NULL, Object(Config\Cache), false)
#8 C:\desarrollo\htdocs\proyecto_3\index.php(37): CodeIgniter\CodeIgniter->run()
#9 {main}
CRITICAL - 2022-04-01 01:49:32 --> Undefined array key 0
#0 C:\desarrollo\htdocs\proyecto_3\app\Views\admin_view\actualizar_usuario.php(3): CodeIgniter\Debug\Exceptions->errorHandler(2, 'Undefined array...', 'C:\\desarrollo\\h...', 3)
#1 C:\desarrollo\htdocs\proyecto_3\system\View\View.php(210): include('C:\\desarrollo\\h...')
#2 C:\desarrollo\htdocs\proyecto_3\system\View\View.php(213): CodeIgniter\View\View->CodeIgniter\View\{closure}()
#3 C:\desarrollo\htdocs\proyecto_3\system\Common.php(1089): CodeIgniter\View\View->render('admin_view/actu...', Array, true)
#4 C:\desarrollo\htdocs\proyecto_3\app\Controllers\AdminController.php(73): view('admin_view/actu...')
#5 C:\desarrollo\htdocs\proyecto_3\system\CodeIgniter.php(832): App\Controllers\AdminController->obtenerIdUsuario('public', 'img', 'icono_salud_baj...')
#6 C:\desarrollo\htdocs\proyecto_3\system\CodeIgniter.php(419): CodeIgniter\CodeIgniter->runController(Object(App\Controllers\AdminController))
#7 C:\desarrollo\htdocs\proyecto_3\system\CodeIgniter.php(326): CodeIgniter\CodeIgniter->handleRequest(NULL, Object(Config\Cache), false)
#8 C:\desarrollo\htdocs\proyecto_3\index.php(37): CodeIgniter\CodeIgniter->run()
#9 {main}
CRITICAL - 2022-04-01 01:49:53 --> Undefined array key 0
#0 C:\desarrollo\htdocs\proyecto_3\app\Views\admin_view\actualizar_usuario.php(3): CodeIgniter\Debug\Exceptions->errorHandler(2, 'Undefined array...', 'C:\\desarrollo\\h...', 3)
#1 C:\desarrollo\htdocs\proyecto_3\system\View\View.php(210): include('C:\\desarrollo\\h...')
#2 C:\desarrollo\htdocs\proyecto_3\system\View\View.php(213): CodeIgniter\View\View->CodeIgniter\View\{closure}()
#3 C:\desarrollo\htdocs\proyecto_3\system\Common.php(1089): CodeIgniter\View\View->render('admin_view/actu...', Array, true)
#4 C:\desarrollo\htdocs\proyecto_3\app\Controllers\AdminController.php(73): view('admin_view/actu...')
#5 C:\desarrollo\htdocs\proyecto_3\system\CodeIgniter.php(832): App\Controllers\AdminController->obtenerIdUsuario('public', 'img', 'icono_salud_baj...')
#6 C:\desarrollo\htdocs\proyecto_3\system\CodeIgniter.php(419): CodeIgniter\CodeIgniter->runController(Object(App\Controllers\AdminController))
#7 C:\desarrollo\htdocs\proyecto_3\system\CodeIgniter.php(326): CodeIgniter\CodeIgniter->handleRequest(NULL, Object(Config\Cache), false)
#8 C:\desarrollo\htdocs\proyecto_3\index.php(37): CodeIgniter\CodeIgniter->run()
#9 {main}
CRITICAL - 2022-04-01 01:55:26 --> Invalid file: actualizar_usuario.php
#0 C:\desarrollo\htdocs\proyecto_3\system\View\View.php(198): CodeIgniter\Exceptions\FrameworkException::forInvalidFile('actualizar_usua...')
#1 C:\desarrollo\htdocs\proyecto_3\system\Common.php(1089): CodeIgniter\View\View->render('actualizar_usua...', Array, true)
#2 C:\desarrollo\htdocs\proyecto_3\app\Controllers\AdminController.php(71): view('actualizar_usua...', Array)
#3 C:\desarrollo\htdocs\proyecto_3\system\CodeIgniter.php(832): App\Controllers\AdminController->obtenerIdUsuario('1')
#4 C:\desarrollo\htdocs\proyecto_3\system\CodeIgniter.php(419): CodeIgniter\CodeIgniter->runController(Object(App\Controllers\AdminController))
#5 C:\desarrollo\htdocs\proyecto_3\system\CodeIgniter.php(326): CodeIgniter\CodeIgniter->handleRequest(NULL, Object(Config\Cache), false)
#6 C:\desarrollo\htdocs\proyecto_3\index.php(37): CodeIgniter\CodeIgniter->run()
#7 {main}
CRITICAL - 2022-04-01 01:56:08 --> Invalid file: actualizar_usuario.php
#0 C:\desarrollo\htdocs\proyecto_3\system\View\View.php(198): CodeIgniter\Exceptions\FrameworkException::forInvalidFile('actualizar_usua...')
#1 C:\desarrollo\htdocs\proyecto_3\system\Common.php(1089): CodeIgniter\View\View->render('actualizar_usua...', Array, true)
#2 C:\desarrollo\htdocs\proyecto_3\app\Controllers\AdminController.php(71): view('actualizar_usua...', Array)
#3 C:\desarrollo\htdocs\proyecto_3\system\CodeIgniter.php(832): App\Controllers\AdminController->obtenerIdUsuario('1')
#4 C:\desarrollo\htdocs\proyecto_3\system\CodeIgniter.php(419): CodeIgniter\CodeIgniter->runController(Object(App\Controllers\AdminController))
#5 C:\desarrollo\htdocs\proyecto_3\system\CodeIgniter.php(326): CodeIgniter\CodeIgniter->handleRequest(NULL, Object(Config\Cache), false)
#6 C:\desarrollo\htdocs\proyecto_3\index.php(37): CodeIgniter\CodeIgniter->run()
#7 {main}
CRITICAL - 2022-04-01 02:16:12 --> Undefined variable $rolS
#0 C:\desarrollo\htdocs\proyecto_3\app\Views\admin_view\actualizar_usuario.php(69): CodeIgniter\Debug\Exceptions->errorHandler(2, 'Undefined varia...', 'C:\\desarrollo\\h...', 69)
#1 C:\desarrollo\htdocs\proyecto_3\system\View\View.php(210): include('C:\\desarrollo\\h...')
#2 C:\desarrollo\htdocs\proyecto_3\system\View\View.php(213): CodeIgniter\View\View->CodeIgniter\View\{closure}()
#3 C:\desarrollo\htdocs\proyecto_3\system\Common.php(1089): CodeIgniter\View\View->render('/admin_view/act...', Array, true)
#4 C:\desarrollo\htdocs\proyecto_3\app\Controllers\AdminController.php(71): view('/admin_view/act...', Array)
#5 C:\desarrollo\htdocs\proyecto_3\system\CodeIgniter.php(832): App\Controllers\AdminController->obtenerIdUsuario('1')
#6 C:\desarrollo\htdocs\proyecto_3\system\CodeIgniter.php(419): CodeIgniter\CodeIgniter->runController(Object(App\Controllers\AdminController))
#7 C:\desarrollo\htdocs\proyecto_3\system\CodeIgniter.php(326): CodeIgniter\CodeIgniter->handleRequest(NULL, Object(Config\Cache), false)
#8 C:\desarrollo\htdocs\proyecto_3\index.php(37): CodeIgniter\CodeIgniter->run()
#9 {main}
CRITICAL - 2022-04-01 02:16:25 --> Undefined variable $rolS
#0 C:\desarrollo\htdocs\proyecto_3\app\Views\admin_view\actualizar_usuario.php(70): CodeIgniter\Debug\Exceptions->errorHandler(2, 'Undefined varia...', 'C:\\desarrollo\\h...', 70)
#1 C:\desarrollo\htdocs\proyecto_3\system\View\View.php(210): include('C:\\desarrollo\\h...')
#2 C:\desarrollo\htdocs\proyecto_3\system\View\View.php(213): CodeIgniter\View\View->CodeIgniter\View\{closure}()
#3 C:\desarrollo\htdocs\proyecto_3\system\Common.php(1089): CodeIgniter\View\View->render('/admin_view/act...', Array, true)
#4 C:\desarrollo\htdocs\proyecto_3\app\Controllers\AdminController.php(71): view('/admin_view/act...', Array)
#5 C:\desarrollo\htdocs\proyecto_3\system\CodeIgniter.php(832): App\Controllers\AdminController->obtenerIdUsuario('1')
#6 C:\desarrollo\htdocs\proyecto_3\system\CodeIgniter.php(419): CodeIgniter\CodeIgniter->runController(Object(App\Controllers\AdminController))
#7 C:\desarrollo\htdocs\proyecto_3\system\CodeIgniter.php(326): CodeIgniter\CodeIgniter->handleRequest(NULL, Object(Config\Cache), false)
#8 C:\desarrollo\htdocs\proyecto_3\index.php(37): CodeIgniter\CodeIgniter->run()
#9 {main}
CRITICAL - 2022-04-01 02:16:43 --> Undefined variable $rolS
#0 C:\desarrollo\htdocs\proyecto_3\app\Views\admin_view\actualizar_usuario.php(70): CodeIgniter\Debug\Exceptions->errorHandler(2, 'Undefined varia...', 'C:\\desarrollo\\h...', 70)
#1 C:\desarrollo\htdocs\proyecto_3\system\View\View.php(210): include('C:\\desarrollo\\h...')
#2 C:\desarrollo\htdocs\proyecto_3\system\View\View.php(213): CodeIgniter\View\View->CodeIgniter\View\{closure}()
#3 C:\desarrollo\htdocs\proyecto_3\system\Common.php(1089): CodeIgniter\View\View->render('/admin_view/act...', Array, true)
#4 C:\desarrollo\htdocs\proyecto_3\app\Controllers\AdminController.php(71): view('/admin_view/act...', Array)
#5 C:\desarrollo\htdocs\proyecto_3\system\CodeIgniter.php(832): App\Controllers\AdminController->obtenerIdUsuario('1')
#6 C:\desarrollo\htdocs\proyecto_3\system\CodeIgniter.php(419): CodeIgniter\CodeIgniter->runController(Object(App\Controllers\AdminController))
#7 C:\desarrollo\htdocs\proyecto_3\system\CodeIgniter.php(326): CodeIgniter\CodeIgniter->handleRequest(NULL, Object(Config\Cache), false)
#8 C:\desarrollo\htdocs\proyecto_3\index.php(37): CodeIgniter\CodeIgniter->run()
#9 {main}
CRITICAL - 2022-04-01 02:33:47 --> Undefined variable $estado
#0 C:\desarrollo\htdocs\proyecto_3\app\Views\admin_view\index.php(50): CodeIgniter\Debug\Exceptions->errorHandler(2, 'Undefined varia...', 'C:\\desarrollo\\h...', 50)
#1 C:\desarrollo\htdocs\proyecto_3\system\View\View.php(210): include('C:\\desarrollo\\h...')
#2 C:\desarrollo\htdocs\proyecto_3\system\View\View.php(213): CodeIgniter\View\View->CodeIgniter\View\{closure}()
#3 C:\desarrollo\htdocs\proyecto_3\system\Common.php(1089): CodeIgniter\View\View->render('admin_view/inde...', Array, true)
#4 C:\desarrollo\htdocs\proyecto_3\app\Controllers\AdminController.php(24): view('admin_view/inde...')
#5 C:\desarrollo\htdocs\proyecto_3\system\CodeIgniter.php(832): App\Controllers\AdminController->index()
#6 C:\desarrollo\htdocs\proyecto_3\system\CodeIgniter.php(419): CodeIgniter\CodeIgniter->runController(Object(App\Controllers\AdminController))
#7 C:\desarrollo\htdocs\proyecto_3\system\CodeIgniter.php(326): CodeIgniter\CodeIgniter->handleRequest(NULL, Object(Config\Cache), false)
#8 C:\desarrollo\htdocs\proyecto_3\index.php(37): CodeIgniter\CodeIgniter->run()
#9 {main}
CRITICAL - 2022-04-01 02:49:05 --> Undefined array key "contrasena"
#0 C:\desarrollo\htdocs\proyecto_3\app\Controllers\AdminController.php(53): CodeIgniter\Debug\Exceptions->errorHandler(2, 'Undefined array...', 'C:\\desarrollo\\h...', 53)
#1 C:\desarrollo\htdocs\proyecto_3\system\CodeIgniter.php(832): App\Controllers\AdminController->actualizarUsuario()
#2 C:\desarrollo\htdocs\proyecto_3\system\CodeIgniter.php(419): CodeIgniter\CodeIgniter->runController(Object(App\Controllers\AdminController))
#3 C:\desarrollo\htdocs\proyecto_3\system\CodeIgniter.php(326): CodeIgniter\CodeIgniter->handleRequest(NULL, Object(Config\Cache), false)
#4 C:\desarrollo\htdocs\proyecto_3\index.php(37): CodeIgniter\CodeIgniter->run()
#5 {main}
CRITICAL - 2022-04-01 02:49:59 --> Undefined array key "contrasena"
#0 C:\desarrollo\htdocs\proyecto_3\app\Controllers\AdminController.php(53): CodeIgniter\Debug\Exceptions->errorHandler(2, 'Undefined array...', 'C:\\desarrollo\\h...', 53)
#1 C:\desarrollo\htdocs\proyecto_3\system\CodeIgniter.php(832): App\Controllers\AdminController->actualizarUsuario()
#2 C:\desarrollo\htdocs\proyecto_3\system\CodeIgniter.php(419): CodeIgniter\CodeIgniter->runController(Object(App\Controllers\AdminController))
#3 C:\desarrollo\htdocs\proyecto_3\system\CodeIgniter.php(326): CodeIgniter\CodeIgniter->handleRequest(NULL, Object(Config\Cache), false)
#4 C:\desarrollo\htdocs\proyecto_3\index.php(37): CodeIgniter\CodeIgniter->run()
#5 {main}
CRITICAL - 2022-04-01 02:50:36 --> Undefined array key "id_usuario"
#0 C:\desarrollo\htdocs\proyecto_3\app\Controllers\AdminController.php(57): CodeIgniter\Debug\Exceptions->errorHandler(2, 'Undefined array...', 'C:\\desarrollo\\h...', 57)
#1 C:\desarrollo\htdocs\proyecto_3\system\CodeIgniter.php(832): App\Controllers\AdminController->actualizarUsuario()
#2 C:\desarrollo\htdocs\proyecto_3\system\CodeIgniter.php(419): CodeIgniter\CodeIgniter->runController(Object(App\Controllers\AdminController))
#3 C:\desarrollo\htdocs\proyecto_3\system\CodeIgniter.php(326): CodeIgniter\CodeIgniter->handleRequest(NULL, Object(Config\Cache), false)
#4 C:\desarrollo\htdocs\proyecto_3\index.php(37): CodeIgniter\CodeIgniter->run()
#5 {main}
CRITICAL - 2022-04-01 03:10:57 --> Undefined variable $id_usuario
#0 C:\desarrollo\htdocs\proyecto_3\app\Controllers\AdminController.php(91): CodeIgniter\Debug\Exceptions->errorHandler(2, 'Undefined varia...', 'C:\\desarrollo\\h...', 91)
#1 C:\desarrollo\htdocs\proyecto_3\system\CodeIgniter.php(832): App\Controllers\AdminController->eliminarUsuario('3')
#2 C:\desarrollo\htdocs\proyecto_3\system\CodeIgniter.php(419): CodeIgniter\CodeIgniter->runController(Object(App\Controllers\AdminController))
#3 C:\desarrollo\htdocs\proyecto_3\system\CodeIgniter.php(326): CodeIgniter\CodeIgniter->handleRequest(NULL, Object(Config\Cache), false)
#4 C:\desarrollo\htdocs\proyecto_3\index.php(37): CodeIgniter\CodeIgniter->run()
#5 {main}
