CRITICAL - 2022-04-25 22:55:49 --> Too few arguments to function App\Controllers\RecepcionController::getRecepcionInfo(), 1 passed in C:\desarrollo\htdocs\proyecto_3\system\CodeIgniter.php on line 832 and exactly 2 expected
#0 C:\desarrollo\htdocs\proyecto_3\system\CodeIgniter.php(832): App\Controllers\RecepcionController->getRecepcionInfo('1')
#1 C:\desarrollo\htdocs\proyecto_3\system\CodeIgniter.php(419): CodeIgniter\CodeIgniter->runController(Object(App\Controllers\RecepcionController))
#2 C:\desarrollo\htdocs\proyecto_3\system\CodeIgniter.php(326): CodeIgniter\CodeIgniter->handleRequest(NULL, Object(Config\Cache), false)
#3 C:\desarrollo\htdocs\proyecto_3\index.php(37): CodeIgniter\CodeIgniter->run()
#4 {main}
CRITICAL - 2022-04-25 22:56:03 --> Undefined array key "id_domRecepcionista"
#0 C:\desarrollo\htdocs\proyecto_3\app\Controllers\RecepcionController.php(91): CodeIgniter\Debug\Exceptions->errorHandler(2, 'Undefined array...', 'C:\\desarrollo\\h...', 91)
#1 C:\desarrollo\htdocs\proyecto_3\system\CodeIgniter.php(832): App\Controllers\RecepcionController->getRecepcionInfo('1')
#2 C:\desarrollo\htdocs\proyecto_3\system\CodeIgniter.php(419): CodeIgniter\CodeIgniter->runController(Object(App\Controllers\RecepcionController))
#3 C:\desarrollo\htdocs\proyecto_3\system\CodeIgniter.php(326): CodeIgniter\CodeIgniter->handleRequest(NULL, Object(Config\Cache), false)
#4 C:\desarrollo\htdocs\proyecto_3\index.php(37): CodeIgniter\CodeIgniter->run()
#5 {main}
CRITICAL - 2022-04-25 22:58:38 --> Undefined array key 1
#0 C:\desarrollo\htdocs\proyecto_3\app\Views\recepcion_view\editar_recepcion.php(15): CodeIgniter\Debug\Exceptions->errorHandler(2, 'Undefined array...', 'C:\\desarrollo\\h...', 15)
#1 C:\desarrollo\htdocs\proyecto_3\system\View\View.php(210): include('C:\\desarrollo\\h...')
#2 C:\desarrollo\htdocs\proyecto_3\system\View\View.php(213): CodeIgniter\View\View->CodeIgniter\View\{closure}()
#3 C:\desarrollo\htdocs\proyecto_3\system\Common.php(1089): CodeIgniter\View\View->render('/recepcion_view...', Array, true)
#4 C:\desarrollo\htdocs\proyecto_3\app\Controllers\RecepcionController.php(102): view('/recepcion_view...', Array)
#5 C:\desarrollo\htdocs\proyecto_3\system\CodeIgniter.php(832): App\Controllers\RecepcionController->getRecepcionInfo('1')
#6 C:\desarrollo\htdocs\proyecto_3\system\CodeIgniter.php(419): CodeIgniter\CodeIgniter->runController(Object(App\Controllers\RecepcionController))
#7 C:\desarrollo\htdocs\proyecto_3\system\CodeIgniter.php(326): CodeIgniter\CodeIgniter->handleRequest(NULL, Object(Config\Cache), false)
#8 C:\desarrollo\htdocs\proyecto_3\index.php(37): CodeIgniter\CodeIgniter->run()
#9 {main}
CRITICAL - 2022-04-25 22:58:55 --> Undefined array key "calle"
#0 C:\desarrollo\htdocs\proyecto_3\app\Views\recepcion_view\editar_recepcion.php(16): CodeIgniter\Debug\Exceptions->errorHandler(2, 'Undefined array...', 'C:\\desarrollo\\h...', 16)
#1 C:\desarrollo\htdocs\proyecto_3\system\View\View.php(210): include('C:\\desarrollo\\h...')
#2 C:\desarrollo\htdocs\proyecto_3\system\View\View.php(213): CodeIgniter\View\View->CodeIgniter\View\{closure}()
#3 C:\desarrollo\htdocs\proyecto_3\system\Common.php(1089): CodeIgniter\View\View->render('/recepcion_view...', Array, true)
#4 C:\desarrollo\htdocs\proyecto_3\app\Controllers\RecepcionController.php(102): view('/recepcion_view...', Array)
#5 C:\desarrollo\htdocs\proyecto_3\system\CodeIgniter.php(832): App\Controllers\RecepcionController->getRecepcionInfo('1')
#6 C:\desarrollo\htdocs\proyecto_3\system\CodeIgniter.php(419): CodeIgniter\CodeIgniter->runController(Object(App\Controllers\RecepcionController))
#7 C:\desarrollo\htdocs\proyecto_3\system\CodeIgniter.php(326): CodeIgniter\CodeIgniter->handleRequest(NULL, Object(Config\Cache), false)
#8 C:\desarrollo\htdocs\proyecto_3\index.php(37): CodeIgniter\CodeIgniter->run()
#9 {main}
CRITICAL - 2022-04-25 22:59:26 --> Undefined array key "calle"
#0 C:\desarrollo\htdocs\proyecto_3\app\Views\recepcion_view\editar_recepcion.php(16): CodeIgniter\Debug\Exceptions->errorHandler(2, 'Undefined array...', 'C:\\desarrollo\\h...', 16)
#1 C:\desarrollo\htdocs\proyecto_3\system\View\View.php(210): include('C:\\desarrollo\\h...')
#2 C:\desarrollo\htdocs\proyecto_3\system\View\View.php(213): CodeIgniter\View\View->CodeIgniter\View\{closure}()
#3 C:\desarrollo\htdocs\proyecto_3\system\Common.php(1089): CodeIgniter\View\View->render('/recepcion_view...', Array, true)
#4 C:\desarrollo\htdocs\proyecto_3\app\Controllers\RecepcionController.php(102): view('/recepcion_view...', Array)
#5 C:\desarrollo\htdocs\proyecto_3\system\CodeIgniter.php(832): App\Controllers\RecepcionController->getRecepcionInfo('1')
#6 C:\desarrollo\htdocs\proyecto_3\system\CodeIgniter.php(419): CodeIgniter\CodeIgniter->runController(Object(App\Controllers\RecepcionController))
#7 C:\desarrollo\htdocs\proyecto_3\system\CodeIgniter.php(326): CodeIgniter\CodeIgniter->handleRequest(NULL, Object(Config\Cache), false)
#8 C:\desarrollo\htdocs\proyecto_3\index.php(37): CodeIgniter\CodeIgniter->run()
#9 {main}
CRITICAL - 2022-04-25 22:59:27 --> Undefined array key "calle"
#0 C:\desarrollo\htdocs\proyecto_3\app\Views\recepcion_view\editar_recepcion.php(16): CodeIgniter\Debug\Exceptions->errorHandler(2, 'Undefined array...', 'C:\\desarrollo\\h...', 16)
#1 C:\desarrollo\htdocs\proyecto_3\system\View\View.php(210): include('C:\\desarrollo\\h...')
#2 C:\desarrollo\htdocs\proyecto_3\system\View\View.php(213): CodeIgniter\View\View->CodeIgniter\View\{closure}()
#3 C:\desarrollo\htdocs\proyecto_3\system\Common.php(1089): CodeIgniter\View\View->render('/recepcion_view...', Array, true)
#4 C:\desarrollo\htdocs\proyecto_3\app\Controllers\RecepcionController.php(102): view('/recepcion_view...', Array)
#5 C:\desarrollo\htdocs\proyecto_3\system\CodeIgniter.php(832): App\Controllers\RecepcionController->getRecepcionInfo('1')
#6 C:\desarrollo\htdocs\proyecto_3\system\CodeIgniter.php(419): CodeIgniter\CodeIgniter->runController(Object(App\Controllers\RecepcionController))
#7 C:\desarrollo\htdocs\proyecto_3\system\CodeIgniter.php(326): CodeIgniter\CodeIgniter->handleRequest(NULL, Object(Config\Cache), false)
#8 C:\desarrollo\htdocs\proyecto_3\index.php(37): CodeIgniter\CodeIgniter->run()
#9 {main}
CRITICAL - 2022-04-25 23:00:08 --> Undefined variable $calle
#0 C:\desarrollo\htdocs\proyecto_3\app\Views\recepcion_view\editar_recepcion.php(126): CodeIgniter\Debug\Exceptions->errorHandler(2, 'Undefined varia...', 'C:\\desarrollo\\h...', 126)
#1 C:\desarrollo\htdocs\proyecto_3\system\View\View.php(210): include('C:\\desarrollo\\h...')
#2 C:\desarrollo\htdocs\proyecto_3\system\View\View.php(213): CodeIgniter\View\View->CodeIgniter\View\{closure}()
#3 C:\desarrollo\htdocs\proyecto_3\system\Common.php(1089): CodeIgniter\View\View->render('/recepcion_view...', Array, true)
#4 C:\desarrollo\htdocs\proyecto_3\app\Controllers\RecepcionController.php(102): view('/recepcion_view...', Array)
#5 C:\desarrollo\htdocs\proyecto_3\system\CodeIgniter.php(832): App\Controllers\RecepcionController->getRecepcionInfo('1')
#6 C:\desarrollo\htdocs\proyecto_3\system\CodeIgniter.php(419): CodeIgniter\CodeIgniter->runController(Object(App\Controllers\RecepcionController))
#7 C:\desarrollo\htdocs\proyecto_3\system\CodeIgniter.php(326): CodeIgniter\CodeIgniter->handleRequest(NULL, Object(Config\Cache), false)
#8 C:\desarrollo\htdocs\proyecto_3\index.php(37): CodeIgniter\CodeIgniter->run()
#9 {main}
CRITICAL - 2022-04-25 23:23:44 --> Undefined array key "nombre"
#0 C:\desarrollo\htdocs\proyecto_3\app\Controllers\RecepcionController.php(111): CodeIgniter\Debug\Exceptions->errorHandler(2, 'Undefined array...', 'C:\\desarrollo\\h...', 111)
#1 C:\desarrollo\htdocs\proyecto_3\system\CodeIgniter.php(832): App\Controllers\RecepcionController->updateRecepcionInfo()
#2 C:\desarrollo\htdocs\proyecto_3\system\CodeIgniter.php(419): CodeIgniter\CodeIgniter->runController(Object(App\Controllers\RecepcionController))
#3 C:\desarrollo\htdocs\proyecto_3\system\CodeIgniter.php(326): CodeIgniter\CodeIgniter->handleRequest(NULL, Object(Config\Cache), false)
#4 C:\desarrollo\htdocs\proyecto_3\index.php(37): CodeIgniter\CodeIgniter->run()
#5 {main}
CRITICAL - 2022-04-25 23:24:39 --> Undefined array key "nombre"
#0 C:\desarrollo\htdocs\proyecto_3\app\Controllers\RecepcionController.php(111): CodeIgniter\Debug\Exceptions->errorHandler(2, 'Undefined array...', 'C:\\desarrollo\\h...', 111)
#1 C:\desarrollo\htdocs\proyecto_3\system\CodeIgniter.php(832): App\Controllers\RecepcionController->updateRecepcionInfo()
#2 C:\desarrollo\htdocs\proyecto_3\system\CodeIgniter.php(419): CodeIgniter\CodeIgniter->runController(Object(App\Controllers\RecepcionController))
#3 C:\desarrollo\htdocs\proyecto_3\system\CodeIgniter.php(326): CodeIgniter\CodeIgniter->handleRequest(NULL, Object(Config\Cache), false)
#4 C:\desarrollo\htdocs\proyecto_3\index.php(37): CodeIgniter\CodeIgniter->run()
#5 {main}
CRITICAL - 2022-04-25 23:24:50 --> Undefined array key "nombres"
#0 C:\desarrollo\htdocs\proyecto_3\app\Controllers\RecepcionController.php(111): CodeIgniter\Debug\Exceptions->errorHandler(2, 'Undefined array...', 'C:\\desarrollo\\h...', 111)
#1 C:\desarrollo\htdocs\proyecto_3\system\CodeIgniter.php(832): App\Controllers\RecepcionController->updateRecepcionInfo()
#2 C:\desarrollo\htdocs\proyecto_3\system\CodeIgniter.php(419): CodeIgniter\CodeIgniter->runController(Object(App\Controllers\RecepcionController))
#3 C:\desarrollo\htdocs\proyecto_3\system\CodeIgniter.php(326): CodeIgniter\CodeIgniter->handleRequest(NULL, Object(Config\Cache), false)
#4 C:\desarrollo\htdocs\proyecto_3\index.php(37): CodeIgniter\CodeIgniter->run()
#5 {main}
CRITICAL - 2022-04-25 23:25:55 --> Undefined array key "nombre"
#0 C:\desarrollo\htdocs\proyecto_3\app\Controllers\RecepcionController.php(111): CodeIgniter\Debug\Exceptions->errorHandler(2, 'Undefined array...', 'C:\\desarrollo\\h...', 111)
#1 C:\desarrollo\htdocs\proyecto_3\system\CodeIgniter.php(832): App\Controllers\RecepcionController->updateRecepcionInfo()
#2 C:\desarrollo\htdocs\proyecto_3\system\CodeIgniter.php(419): CodeIgniter\CodeIgniter->runController(Object(App\Controllers\RecepcionController))
#3 C:\desarrollo\htdocs\proyecto_3\system\CodeIgniter.php(326): CodeIgniter\CodeIgniter->handleRequest(NULL, Object(Config\Cache), false)
#4 C:\desarrollo\htdocs\proyecto_3\index.php(37): CodeIgniter\CodeIgniter->run()
#5 {main}
CRITICAL - 2022-04-25 23:26:00 --> Undefined array key "nombre"
#0 C:\desarrollo\htdocs\proyecto_3\app\Controllers\RecepcionController.php(111): CodeIgniter\Debug\Exceptions->errorHandler(2, 'Undefined array...', 'C:\\desarrollo\\h...', 111)
#1 C:\desarrollo\htdocs\proyecto_3\system\CodeIgniter.php(832): App\Controllers\RecepcionController->updateRecepcionInfo()
#2 C:\desarrollo\htdocs\proyecto_3\system\CodeIgniter.php(419): CodeIgniter\CodeIgniter->runController(Object(App\Controllers\RecepcionController))
#3 C:\desarrollo\htdocs\proyecto_3\system\CodeIgniter.php(326): CodeIgniter\CodeIgniter->handleRequest(NULL, Object(Config\Cache), false)
#4 C:\desarrollo\htdocs\proyecto_3\index.php(37): CodeIgniter\CodeIgniter->run()
#5 {main}
CRITICAL - 2022-04-25 23:28:05 --> Undefined array key "nombre"
#0 C:\desarrollo\htdocs\proyecto_3\app\Controllers\RecepcionController.php(111): CodeIgniter\Debug\Exceptions->errorHandler(2, 'Undefined array...', 'C:\\desarrollo\\h...', 111)
#1 C:\desarrollo\htdocs\proyecto_3\system\CodeIgniter.php(832): App\Controllers\RecepcionController->updateRecepcionInfo()
#2 C:\desarrollo\htdocs\proyecto_3\system\CodeIgniter.php(419): CodeIgniter\CodeIgniter->runController(Object(App\Controllers\RecepcionController))
#3 C:\desarrollo\htdocs\proyecto_3\system\CodeIgniter.php(326): CodeIgniter\CodeIgniter->handleRequest(NULL, Object(Config\Cache), false)
#4 C:\desarrollo\htdocs\proyecto_3\index.php(37): CodeIgniter\CodeIgniter->run()
#5 {main}
CRITICAL - 2022-04-25 23:30:22 --> Undefined array key "nombre"
#0 C:\desarrollo\htdocs\proyecto_3\app\Controllers\RecepcionController.php(111): CodeIgniter\Debug\Exceptions->errorHandler(2, 'Undefined array...', 'C:\\desarrollo\\h...', 111)
#1 C:\desarrollo\htdocs\proyecto_3\system\CodeIgniter.php(832): App\Controllers\RecepcionController->updateRecepcionInfo()
#2 C:\desarrollo\htdocs\proyecto_3\system\CodeIgniter.php(419): CodeIgniter\CodeIgniter->runController(Object(App\Controllers\RecepcionController))
#3 C:\desarrollo\htdocs\proyecto_3\system\CodeIgniter.php(326): CodeIgniter\CodeIgniter->handleRequest(NULL, Object(Config\Cache), false)
#4 C:\desarrollo\htdocs\proyecto_3\index.php(37): CodeIgniter\CodeIgniter->run()
#5 {main}
CRITICAL - 2022-04-25 23:30:25 --> Undefined array key "nombre"
#0 C:\desarrollo\htdocs\proyecto_3\app\Controllers\RecepcionController.php(111): CodeIgniter\Debug\Exceptions->errorHandler(2, 'Undefined array...', 'C:\\desarrollo\\h...', 111)
#1 C:\desarrollo\htdocs\proyecto_3\system\CodeIgniter.php(832): App\Controllers\RecepcionController->updateRecepcionInfo()
#2 C:\desarrollo\htdocs\proyecto_3\system\CodeIgniter.php(419): CodeIgniter\CodeIgniter->runController(Object(App\Controllers\RecepcionController))
#3 C:\desarrollo\htdocs\proyecto_3\system\CodeIgniter.php(326): CodeIgniter\CodeIgniter->handleRequest(NULL, Object(Config\Cache), false)
#4 C:\desarrollo\htdocs\proyecto_3\index.php(37): CodeIgniter\CodeIgniter->run()
#5 {main}
CRITICAL - 2022-04-25 23:32:51 --> Undefined array key "nombre"
#0 C:\desarrollo\htdocs\proyecto_3\app\Controllers\RecepcionController.php(111): CodeIgniter\Debug\Exceptions->errorHandler(2, 'Undefined array...', 'C:\\desarrollo\\h...', 111)
#1 C:\desarrollo\htdocs\proyecto_3\system\CodeIgniter.php(832): App\Controllers\RecepcionController->updateRecepcionInfo()
#2 C:\desarrollo\htdocs\proyecto_3\system\CodeIgniter.php(419): CodeIgniter\CodeIgniter->runController(Object(App\Controllers\RecepcionController))
#3 C:\desarrollo\htdocs\proyecto_3\system\CodeIgniter.php(326): CodeIgniter\CodeIgniter->handleRequest(NULL, Object(Config\Cache), false)
#4 C:\desarrollo\htdocs\proyecto_3\index.php(37): CodeIgniter\CodeIgniter->run()
#5 {main}
CRITICAL - 2022-04-25 23:33:15 --> Undefined array key "nombre"
#0 C:\desarrollo\htdocs\proyecto_3\app\Controllers\RecepcionController.php(111): CodeIgniter\Debug\Exceptions->errorHandler(2, 'Undefined array...', 'C:\\desarrollo\\h...', 111)
#1 C:\desarrollo\htdocs\proyecto_3\system\CodeIgniter.php(832): App\Controllers\RecepcionController->updateRecepcionInfo()
#2 C:\desarrollo\htdocs\proyecto_3\system\CodeIgniter.php(419): CodeIgniter\CodeIgniter->runController(Object(App\Controllers\RecepcionController))
#3 C:\desarrollo\htdocs\proyecto_3\system\CodeIgniter.php(326): CodeIgniter\CodeIgniter->handleRequest(NULL, Object(Config\Cache), false)
#4 C:\desarrollo\htdocs\proyecto_3\index.php(37): CodeIgniter\CodeIgniter->run()
#5 {main}
CRITICAL - 2022-04-25 23:33:18 --> Undefined array key "nombre"
#0 C:\desarrollo\htdocs\proyecto_3\app\Controllers\RecepcionController.php(111): CodeIgniter\Debug\Exceptions->errorHandler(2, 'Undefined array...', 'C:\\desarrollo\\h...', 111)
#1 C:\desarrollo\htdocs\proyecto_3\system\CodeIgniter.php(832): App\Controllers\RecepcionController->updateRecepcionInfo()
#2 C:\desarrollo\htdocs\proyecto_3\system\CodeIgniter.php(419): CodeIgniter\CodeIgniter->runController(Object(App\Controllers\RecepcionController))
#3 C:\desarrollo\htdocs\proyecto_3\system\CodeIgniter.php(326): CodeIgniter\CodeIgniter->handleRequest(NULL, Object(Config\Cache), false)
#4 C:\desarrollo\htdocs\proyecto_3\index.php(37): CodeIgniter\CodeIgniter->run()
#5 {main}
CRITICAL - 2022-04-25 23:33:51 --> Undefined array key "nombre"
#0 C:\desarrollo\htdocs\proyecto_3\app\Controllers\RecepcionController.php(111): CodeIgniter\Debug\Exceptions->errorHandler(2, 'Undefined array...', 'C:\\desarrollo\\h...', 111)
#1 C:\desarrollo\htdocs\proyecto_3\system\CodeIgniter.php(832): App\Controllers\RecepcionController->updateRecepcionInfo()
#2 C:\desarrollo\htdocs\proyecto_3\system\CodeIgniter.php(419): CodeIgniter\CodeIgniter->runController(Object(App\Controllers\RecepcionController))
#3 C:\desarrollo\htdocs\proyecto_3\system\CodeIgniter.php(326): CodeIgniter\CodeIgniter->handleRequest(NULL, Object(Config\Cache), false)
#4 C:\desarrollo\htdocs\proyecto_3\index.php(37): CodeIgniter\CodeIgniter->run()
#5 {main}
CRITICAL - 2022-04-25 23:39:01 --> Undefined array key "apellidos"
#0 C:\desarrollo\htdocs\proyecto_3\app\Controllers\RecepcionController.php(112): CodeIgniter\Debug\Exceptions->errorHandler(2, 'Undefined array...', 'C:\\desarrollo\\h...', 112)
#1 C:\desarrollo\htdocs\proyecto_3\system\CodeIgniter.php(832): App\Controllers\RecepcionController->updateRecepcionInfo()
#2 C:\desarrollo\htdocs\proyecto_3\system\CodeIgniter.php(419): CodeIgniter\CodeIgniter->runController(Object(App\Controllers\RecepcionController))
#3 C:\desarrollo\htdocs\proyecto_3\system\CodeIgniter.php(326): CodeIgniter\CodeIgniter->handleRequest(NULL, Object(Config\Cache), false)
#4 C:\desarrollo\htdocs\proyecto_3\index.php(37): CodeIgniter\CodeIgniter->run()
#5 {main}
CRITICAL - 2022-04-25 23:39:31 --> Undefined array key "nombre"
#0 C:\desarrollo\htdocs\proyecto_3\app\Controllers\RecepcionController.php(111): CodeIgniter\Debug\Exceptions->errorHandler(2, 'Undefined array...', 'C:\\desarrollo\\h...', 111)
#1 C:\desarrollo\htdocs\proyecto_3\system\CodeIgniter.php(832): App\Controllers\RecepcionController->updateRecepcionInfo()
#2 C:\desarrollo\htdocs\proyecto_3\system\CodeIgniter.php(419): CodeIgniter\CodeIgniter->runController(Object(App\Controllers\RecepcionController))
#3 C:\desarrollo\htdocs\proyecto_3\system\CodeIgniter.php(326): CodeIgniter\CodeIgniter->handleRequest(NULL, Object(Config\Cache), false)
#4 C:\desarrollo\htdocs\proyecto_3\index.php(37): CodeIgniter\CodeIgniter->run()
#5 {main}
CRITICAL - 2022-04-25 23:39:45 --> Undefined array key "nombre"
#0 C:\desarrollo\htdocs\proyecto_3\app\Controllers\RecepcionController.php(111): CodeIgniter\Debug\Exceptions->errorHandler(2, 'Undefined array...', 'C:\\desarrollo\\h...', 111)
#1 C:\desarrollo\htdocs\proyecto_3\system\CodeIgniter.php(832): App\Controllers\RecepcionController->updateRecepcionInfo()
#2 C:\desarrollo\htdocs\proyecto_3\system\CodeIgniter.php(419): CodeIgniter\CodeIgniter->runController(Object(App\Controllers\RecepcionController))
#3 C:\desarrollo\htdocs\proyecto_3\system\CodeIgniter.php(326): CodeIgniter\CodeIgniter->handleRequest(NULL, Object(Config\Cache), false)
#4 C:\desarrollo\htdocs\proyecto_3\index.php(37): CodeIgniter\CodeIgniter->run()
#5 {main}
CRITICAL - 2022-04-25 23:39:51 --> Undefined array key "nombre"
#0 C:\desarrollo\htdocs\proyecto_3\app\Controllers\RecepcionController.php(111): CodeIgniter\Debug\Exceptions->errorHandler(2, 'Undefined array...', 'C:\\desarrollo\\h...', 111)
#1 C:\desarrollo\htdocs\proyecto_3\system\CodeIgniter.php(832): App\Controllers\RecepcionController->updateRecepcionInfo()
#2 C:\desarrollo\htdocs\proyecto_3\system\CodeIgniter.php(419): CodeIgniter\CodeIgniter->runController(Object(App\Controllers\RecepcionController))
#3 C:\desarrollo\htdocs\proyecto_3\system\CodeIgniter.php(326): CodeIgniter\CodeIgniter->handleRequest(NULL, Object(Config\Cache), false)
#4 C:\desarrollo\htdocs\proyecto_3\index.php(37): CodeIgniter\CodeIgniter->run()
#5 {main}
CRITICAL - 2022-04-25 23:40:02 --> Undefined array key "nombre"
#0 C:\desarrollo\htdocs\proyecto_3\app\Controllers\RecepcionController.php(111): CodeIgniter\Debug\Exceptions->errorHandler(2, 'Undefined array...', 'C:\\desarrollo\\h...', 111)
#1 C:\desarrollo\htdocs\proyecto_3\system\CodeIgniter.php(832): App\Controllers\RecepcionController->updateRecepcionInfo()
#2 C:\desarrollo\htdocs\proyecto_3\system\CodeIgniter.php(419): CodeIgniter\CodeIgniter->runController(Object(App\Controllers\RecepcionController))
#3 C:\desarrollo\htdocs\proyecto_3\system\CodeIgniter.php(326): CodeIgniter\CodeIgniter->handleRequest(NULL, Object(Config\Cache), false)
#4 C:\desarrollo\htdocs\proyecto_3\index.php(37): CodeIgniter\CodeIgniter->run()
#5 {main}
CRITICAL - 2022-04-25 23:40:29 --> Undefined array key "nombre"
#0 C:\desarrollo\htdocs\proyecto_3\app\Controllers\RecepcionController.php(111): CodeIgniter\Debug\Exceptions->errorHandler(2, 'Undefined array...', 'C:\\desarrollo\\h...', 111)
#1 C:\desarrollo\htdocs\proyecto_3\system\CodeIgniter.php(832): App\Controllers\RecepcionController->updateRecepcionInfo()
#2 C:\desarrollo\htdocs\proyecto_3\system\CodeIgniter.php(419): CodeIgniter\CodeIgniter->runController(Object(App\Controllers\RecepcionController))
#3 C:\desarrollo\htdocs\proyecto_3\system\CodeIgniter.php(326): CodeIgniter\CodeIgniter->handleRequest(NULL, Object(Config\Cache), false)
#4 C:\desarrollo\htdocs\proyecto_3\index.php(37): CodeIgniter\CodeIgniter->run()
#5 {main}
CRITICAL - 2022-04-25 23:42:53 --> Undefined array key "nombre"
#0 C:\desarrollo\htdocs\proyecto_3\app\Controllers\RecepcionController.php(111): CodeIgniter\Debug\Exceptions->errorHandler(2, 'Undefined array...', 'C:\\desarrollo\\h...', 111)
#1 C:\desarrollo\htdocs\proyecto_3\system\CodeIgniter.php(832): App\Controllers\RecepcionController->updateRecepcionInfo()
#2 C:\desarrollo\htdocs\proyecto_3\system\CodeIgniter.php(419): CodeIgniter\CodeIgniter->runController(Object(App\Controllers\RecepcionController))
#3 C:\desarrollo\htdocs\proyecto_3\system\CodeIgniter.php(326): CodeIgniter\CodeIgniter->handleRequest(NULL, Object(Config\Cache), false)
#4 C:\desarrollo\htdocs\proyecto_3\index.php(37): CodeIgniter\CodeIgniter->run()
#5 {main}
CRITICAL - 2022-04-25 23:47:16 --> Undefined array key "id_recepcionista"
#0 C:\desarrollo\htdocs\proyecto_3\app\Controllers\RecepcionController.php(118): CodeIgniter\Debug\Exceptions->errorHandler(2, 'Undefined array...', 'C:\\desarrollo\\h...', 118)
#1 C:\desarrollo\htdocs\proyecto_3\system\CodeIgniter.php(832): App\Controllers\RecepcionController->updateRecepcionInfo()
#2 C:\desarrollo\htdocs\proyecto_3\system\CodeIgniter.php(419): CodeIgniter\CodeIgniter->runController(Object(App\Controllers\RecepcionController))
#3 C:\desarrollo\htdocs\proyecto_3\system\CodeIgniter.php(326): CodeIgniter\CodeIgniter->handleRequest(NULL, Object(Config\Cache), false)
#4 C:\desarrollo\htdocs\proyecto_3\index.php(37): CodeIgniter\CodeIgniter->run()
#5 {main}
CRITICAL - 2022-04-25 23:48:10 --> Undefined array key "id_domRecepcionista"
#0 C:\desarrollo\htdocs\proyecto_3\app\Controllers\RecepcionController.php(118): CodeIgniter\Debug\Exceptions->errorHandler(2, 'Undefined array...', 'C:\\desarrollo\\h...', 118)
#1 C:\desarrollo\htdocs\proyecto_3\system\CodeIgniter.php(832): App\Controllers\RecepcionController->updateRecepcionInfo()
#2 C:\desarrollo\htdocs\proyecto_3\system\CodeIgniter.php(419): CodeIgniter\CodeIgniter->runController(Object(App\Controllers\RecepcionController))
#3 C:\desarrollo\htdocs\proyecto_3\system\CodeIgniter.php(326): CodeIgniter\CodeIgniter->handleRequest(NULL, Object(Config\Cache), false)
#4 C:\desarrollo\htdocs\proyecto_3\index.php(37): CodeIgniter\CodeIgniter->run()
#5 {main}
CRITICAL - 2022-04-25 23:49:00 --> Undefined array key "id_recepcionista"
#0 C:\desarrollo\htdocs\proyecto_3\app\Controllers\RecepcionController.php(122): CodeIgniter\Debug\Exceptions->errorHandler(2, 'Undefined array...', 'C:\\desarrollo\\h...', 122)
#1 C:\desarrollo\htdocs\proyecto_3\system\CodeIgniter.php(832): App\Controllers\RecepcionController->updateRecepcionInfo()
#2 C:\desarrollo\htdocs\proyecto_3\system\CodeIgniter.php(419): CodeIgniter\CodeIgniter->runController(Object(App\Controllers\RecepcionController))
#3 C:\desarrollo\htdocs\proyecto_3\system\CodeIgniter.php(326): CodeIgniter\CodeIgniter->handleRequest(NULL, Object(Config\Cache), false)
#4 C:\desarrollo\htdocs\proyecto_3\index.php(37): CodeIgniter\CodeIgniter->run()
#5 {main}
CRITICAL - 2022-04-25 23:52:55 --> Undefined array key "nombre"
#0 C:\desarrollo\htdocs\proyecto_3\app\Controllers\RecepcionController.php(111): CodeIgniter\Debug\Exceptions->errorHandler(2, 'Undefined array...', 'C:\\desarrollo\\h...', 111)
#1 C:\desarrollo\htdocs\proyecto_3\system\CodeIgniter.php(832): App\Controllers\RecepcionController->updateRecepcionInfo()
#2 C:\desarrollo\htdocs\proyecto_3\system\CodeIgniter.php(419): CodeIgniter\CodeIgniter->runController(Object(App\Controllers\RecepcionController))
#3 C:\desarrollo\htdocs\proyecto_3\system\CodeIgniter.php(326): CodeIgniter\CodeIgniter->handleRequest(NULL, Object(Config\Cache), false)
#4 C:\desarrollo\htdocs\proyecto_3\index.php(37): CodeIgniter\CodeIgniter->run()
#5 {main}
CRITICAL - 2022-04-25 23:54:02 --> Undefined array key "nombre"
#0 C:\desarrollo\htdocs\proyecto_3\app\Controllers\RecepcionController.php(111): CodeIgniter\Debug\Exceptions->errorHandler(2, 'Undefined array...', 'C:\\desarrollo\\h...', 111)
#1 C:\desarrollo\htdocs\proyecto_3\system\CodeIgniter.php(832): App\Controllers\RecepcionController->updateRecepcionInfo()
#2 C:\desarrollo\htdocs\proyecto_3\system\CodeIgniter.php(419): CodeIgniter\CodeIgniter->runController(Object(App\Controllers\RecepcionController))
#3 C:\desarrollo\htdocs\proyecto_3\system\CodeIgniter.php(326): CodeIgniter\CodeIgniter->handleRequest(NULL, Object(Config\Cache), false)
#4 C:\desarrollo\htdocs\proyecto_3\index.php(37): CodeIgniter\CodeIgniter->run()
#5 {main}
CRITICAL - 2022-04-25 23:54:11 --> Undefined array key "nombre"
#0 C:\desarrollo\htdocs\proyecto_3\app\Controllers\RecepcionController.php(111): CodeIgniter\Debug\Exceptions->errorHandler(2, 'Undefined array...', 'C:\\desarrollo\\h...', 111)
#1 C:\desarrollo\htdocs\proyecto_3\system\CodeIgniter.php(832): App\Controllers\RecepcionController->updateRecepcionInfo()
#2 C:\desarrollo\htdocs\proyecto_3\system\CodeIgniter.php(419): CodeIgniter\CodeIgniter->runController(Object(App\Controllers\RecepcionController))
#3 C:\desarrollo\htdocs\proyecto_3\system\CodeIgniter.php(326): CodeIgniter\CodeIgniter->handleRequest(NULL, Object(Config\Cache), false)
#4 C:\desarrollo\htdocs\proyecto_3\index.php(37): CodeIgniter\CodeIgniter->run()
#5 {main}
