ERROR - 2022-05-19 00:48:57 --> Unknown column 'id_datosGenerales' in 'where clause'
CRITICAL - 2022-05-19 00:48:57 --> Unknown column 'id_datosGenerales' in 'where clause'
#0 C:\desarrollo\htdocs\proyecto_3\system\Database\MySQLi\Connection.php(292): mysqli->query('SELECT *\nFROM `...', 0)
#1 C:\desarrollo\htdocs\proyecto_3\system\Database\BaseConnection.php(670): CodeIgniter\Database\MySQLi\Connection->execute('SELECT *\nFROM `...')
#2 C:\desarrollo\htdocs\proyecto_3\system\Database\BaseConnection.php(598): CodeIgniter\Database\BaseConnection->simpleQuery('SELECT *\nFROM `...')
#3 C:\desarrollo\htdocs\proyecto_3\system\Database\BaseBuilder.php(1455): CodeIgniter\Database\BaseConnection->query('SELECT *\nFROM `...', Array, false)
#4 C:\desarrollo\htdocs\proyecto_3\app\Models\PacientesCRUDModel.php(22): CodeIgniter\Database\BaseBuilder->get()
#5 C:\desarrollo\htdocs\proyecto_3\app\Controllers\PacientesController.php(114): App\Models\PacientesCRUDModel->getTratamientoInfoById(Array)
#6 C:\desarrollo\htdocs\proyecto_3\system\CodeIgniter.php(832): App\Controllers\PacientesController->view_mas_informacionPaciente('1')
#7 C:\desarrollo\htdocs\proyecto_3\system\CodeIgniter.php(419): CodeIgniter\CodeIgniter->runController(Object(App\Controllers\PacientesController))
#8 C:\desarrollo\htdocs\proyecto_3\system\CodeIgniter.php(326): CodeIgniter\CodeIgniter->handleRequest(NULL, Object(Config\Cache), false)
#9 C:\desarrollo\htdocs\proyecto_3\index.php(37): CodeIgniter\CodeIgniter->run()
#10 {main}
CRITICAL - 2022-05-19 00:49:19 --> Array to string conversion
#0 C:\desarrollo\htdocs\proyecto_3\app\Views\pacientes_view\mas_informacion_paciente.php(83): CodeIgniter\Debug\Exceptions->errorHandler(2, 'Array to string...', 'C:\\desarrollo\\h...', 83)
#1 C:\desarrollo\htdocs\proyecto_3\system\View\View.php(210): include('C:\\desarrollo\\h...')
#2 C:\desarrollo\htdocs\proyecto_3\system\View\View.php(213): CodeIgniter\View\View->CodeIgniter\View\{closure}()
#3 C:\desarrollo\htdocs\proyecto_3\system\Common.php(1089): CodeIgniter\View\View->render('pacientes_view/...', Array, true)
#4 C:\desarrollo\htdocs\proyecto_3\app\Controllers\PacientesController.php(123): view('pacientes_view/...', Array)
#5 C:\desarrollo\htdocs\proyecto_3\system\CodeIgniter.php(832): App\Controllers\PacientesController->view_mas_informacionPaciente('1')
#6 C:\desarrollo\htdocs\proyecto_3\system\CodeIgniter.php(419): CodeIgniter\CodeIgniter->runController(Object(App\Controllers\PacientesController))
#7 C:\desarrollo\htdocs\proyecto_3\system\CodeIgniter.php(326): CodeIgniter\CodeIgniter->handleRequest(NULL, Object(Config\Cache), false)
#8 C:\desarrollo\htdocs\proyecto_3\index.php(37): CodeIgniter\CodeIgniter->run()
#9 {main}
CRITICAL - 2022-05-19 00:49:29 --> Array to string conversion
#0 C:\desarrollo\htdocs\proyecto_3\app\Views\pacientes_view\mas_informacion_paciente.php(83): CodeIgniter\Debug\Exceptions->errorHandler(2, 'Array to string...', 'C:\\desarrollo\\h...', 83)
#1 C:\desarrollo\htdocs\proyecto_3\system\View\View.php(210): include('C:\\desarrollo\\h...')
#2 C:\desarrollo\htdocs\proyecto_3\system\View\View.php(213): CodeIgniter\View\View->CodeIgniter\View\{closure}()
#3 C:\desarrollo\htdocs\proyecto_3\system\Common.php(1089): CodeIgniter\View\View->render('pacientes_view/...', Array, true)
#4 C:\desarrollo\htdocs\proyecto_3\app\Controllers\PacientesController.php(123): view('pacientes_view/...', Array)
#5 C:\desarrollo\htdocs\proyecto_3\system\CodeIgniter.php(832): App\Controllers\PacientesController->view_mas_informacionPaciente('1')
#6 C:\desarrollo\htdocs\proyecto_3\system\CodeIgniter.php(419): CodeIgniter\CodeIgniter->runController(Object(App\Controllers\PacientesController))
#7 C:\desarrollo\htdocs\proyecto_3\system\CodeIgniter.php(326): CodeIgniter\CodeIgniter->handleRequest(NULL, Object(Config\Cache), false)
#8 C:\desarrollo\htdocs\proyecto_3\index.php(37): CodeIgniter\CodeIgniter->run()
#9 {main}
CRITICAL - 2022-05-19 00:54:18 --> Undefined variable $tratamiento
#0 C:\desarrollo\htdocs\proyecto_3\app\Views\pacientes_view\mas_informacion_paciente.php(86): CodeIgniter\Debug\Exceptions->errorHandler(2, 'Undefined varia...', 'C:\\desarrollo\\h...', 86)
#1 C:\desarrollo\htdocs\proyecto_3\system\View\View.php(210): include('C:\\desarrollo\\h...')
#2 C:\desarrollo\htdocs\proyecto_3\system\View\View.php(213): CodeIgniter\View\View->CodeIgniter\View\{closure}()
#3 C:\desarrollo\htdocs\proyecto_3\system\Common.php(1089): CodeIgniter\View\View->render('pacientes_view/...', Array, true)
#4 C:\desarrollo\htdocs\proyecto_3\app\Controllers\PacientesController.php(123): view('pacientes_view/...', Array)
#5 C:\desarrollo\htdocs\proyecto_3\system\CodeIgniter.php(832): App\Controllers\PacientesController->view_mas_informacionPaciente('1')
#6 C:\desarrollo\htdocs\proyecto_3\system\CodeIgniter.php(419): CodeIgniter\CodeIgniter->runController(Object(App\Controllers\PacientesController))
#7 C:\desarrollo\htdocs\proyecto_3\system\CodeIgniter.php(326): CodeIgniter\CodeIgniter->handleRequest(NULL, Object(Config\Cache), false)
#8 C:\desarrollo\htdocs\proyecto_3\index.php(37): CodeIgniter\CodeIgniter->run()
#9 {main}
CRITICAL - 2022-05-19 01:47:48 --> Undefined array key 0
#0 C:\xampp\htdocs\proyecto_3\app\Controllers\LoginController.php(51): CodeIgniter\Debug\Exceptions->errorHandler(2, 'Undefined array...', 'C:\\xampp\\htdocs...', 51)
#1 C:\xampp\htdocs\proyecto_3\system\CodeIgniter.php(832): App\Controllers\LoginController->login()
#2 C:\xampp\htdocs\proyecto_3\system\CodeIgniter.php(419): CodeIgniter\CodeIgniter->runController(Object(App\Controllers\LoginController))
#3 C:\xampp\htdocs\proyecto_3\system\CodeIgniter.php(326): CodeIgniter\CodeIgniter->handleRequest(NULL, Object(Config\Cache), false)
#4 C:\xampp\htdocs\proyecto_3\index.php(37): CodeIgniter\CodeIgniter->run()
#5 {main}
ERROR - 2022-05-19 02:03:34 --> Cannot delete or update a parent row: a foreign key constraint fails (`proyectoclinicadental`.`cita`, CONSTRAINT `fk_id_tratamiento2` FOREIGN KEY (`id_tratamiento2`) REFERENCES `tratamiento` (`id_tratamiento`) ON DELETE NO ACTION ON UPDATE NO ACTION)
CRITICAL - 2022-05-19 02:03:34 --> Cannot delete or update a parent row: a foreign key constraint fails (`proyectoclinicadental`.`cita`, CONSTRAINT `fk_id_tratamiento2` FOREIGN KEY (`id_tratamiento2`) REFERENCES `tratamiento` (`id_tratamiento`) ON DELETE NO ACTION ON UPDATE NO ACTION)
#0 C:\xampp\htdocs\proyecto_3\system\Database\MySQLi\Connection.php(292): mysqli->query('DELETE FROM `tr...', 0)
#1 C:\xampp\htdocs\proyecto_3\system\Database\BaseConnection.php(670): CodeIgniter\Database\MySQLi\Connection->execute('DELETE FROM `tr...')
#2 C:\xampp\htdocs\proyecto_3\system\Database\BaseConnection.php(598): CodeIgniter\Database\BaseConnection->simpleQuery('DELETE FROM `tr...')
#3 C:\xampp\htdocs\proyecto_3\system\Database\BaseBuilder.php(2225): CodeIgniter\Database\BaseConnection->query('DELETE FROM `tr...', Array, false)
#4 C:\xampp\htdocs\proyecto_3\app\Models\TratamientosCRUDModel.php(73): CodeIgniter\Database\BaseBuilder->delete()
#5 C:\xampp\htdocs\proyecto_3\app\Controllers\TratamientosController.php(190): App\Models\TratamientosCRUDModel->eliminarTratamientoInfo(Array)
#6 C:\xampp\htdocs\proyecto_3\system\CodeIgniter.php(832): App\Controllers\TratamientosController->eliminarTratamiento('6')
#7 C:\xampp\htdocs\proyecto_3\system\CodeIgniter.php(419): CodeIgniter\CodeIgniter->runController(Object(App\Controllers\TratamientosController))
#8 C:\xampp\htdocs\proyecto_3\system\CodeIgniter.php(326): CodeIgniter\CodeIgniter->handleRequest(NULL, Object(Config\Cache), false)
#9 C:\xampp\htdocs\proyecto_3\index.php(37): CodeIgniter\CodeIgniter->run()
#10 {main}
ERROR - 2022-05-19 02:03:39 --> Cannot delete or update a parent row: a foreign key constraint fails (`proyectoclinicadental`.`cita`, CONSTRAINT `fk_id_tratamiento2` FOREIGN KEY (`id_tratamiento2`) REFERENCES `tratamiento` (`id_tratamiento`) ON DELETE NO ACTION ON UPDATE NO ACTION)
CRITICAL - 2022-05-19 02:03:39 --> Cannot delete or update a parent row: a foreign key constraint fails (`proyectoclinicadental`.`cita`, CONSTRAINT `fk_id_tratamiento2` FOREIGN KEY (`id_tratamiento2`) REFERENCES `tratamiento` (`id_tratamiento`) ON DELETE NO ACTION ON UPDATE NO ACTION)
#0 C:\xampp\htdocs\proyecto_3\system\Database\MySQLi\Connection.php(292): mysqli->query('DELETE FROM `tr...', 0)
#1 C:\xampp\htdocs\proyecto_3\system\Database\BaseConnection.php(670): CodeIgniter\Database\MySQLi\Connection->execute('DELETE FROM `tr...')
#2 C:\xampp\htdocs\proyecto_3\system\Database\BaseConnection.php(598): CodeIgniter\Database\BaseConnection->simpleQuery('DELETE FROM `tr...')
#3 C:\xampp\htdocs\proyecto_3\system\Database\BaseBuilder.php(2225): CodeIgniter\Database\BaseConnection->query('DELETE FROM `tr...', Array, false)
#4 C:\xampp\htdocs\proyecto_3\app\Models\TratamientosCRUDModel.php(73): CodeIgniter\Database\BaseBuilder->delete()
#5 C:\xampp\htdocs\proyecto_3\app\Controllers\TratamientosController.php(190): App\Models\TratamientosCRUDModel->eliminarTratamientoInfo(Array)
#6 C:\xampp\htdocs\proyecto_3\system\CodeIgniter.php(832): App\Controllers\TratamientosController->eliminarTratamiento('6')
#7 C:\xampp\htdocs\proyecto_3\system\CodeIgniter.php(419): CodeIgniter\CodeIgniter->runController(Object(App\Controllers\TratamientosController))
#8 C:\xampp\htdocs\proyecto_3\system\CodeIgniter.php(326): CodeIgniter\CodeIgniter->handleRequest(NULL, Object(Config\Cache), false)
#9 C:\xampp\htdocs\proyecto_3\index.php(37): CodeIgniter\CodeIgniter->run()
#10 {main}
ERROR - 2022-05-19 02:03:57 --> Cannot delete or update a parent row: a foreign key constraint fails (`proyectoclinicadental`.`cita`, CONSTRAINT `fk_id_tratamiento2` FOREIGN KEY (`id_tratamiento2`) REFERENCES `tratamiento` (`id_tratamiento`) ON DELETE NO ACTION ON UPDATE NO ACTION)
CRITICAL - 2022-05-19 02:03:57 --> Cannot delete or update a parent row: a foreign key constraint fails (`proyectoclinicadental`.`cita`, CONSTRAINT `fk_id_tratamiento2` FOREIGN KEY (`id_tratamiento2`) REFERENCES `tratamiento` (`id_tratamiento`) ON DELETE NO ACTION ON UPDATE NO ACTION)
#0 C:\xampp\htdocs\proyecto_3\system\Database\MySQLi\Connection.php(292): mysqli->query('DELETE FROM `tr...', 0)
#1 C:\xampp\htdocs\proyecto_3\system\Database\BaseConnection.php(670): CodeIgniter\Database\MySQLi\Connection->execute('DELETE FROM `tr...')
#2 C:\xampp\htdocs\proyecto_3\system\Database\BaseConnection.php(598): CodeIgniter\Database\BaseConnection->simpleQuery('DELETE FROM `tr...')
#3 C:\xampp\htdocs\proyecto_3\system\Database\BaseBuilder.php(2225): CodeIgniter\Database\BaseConnection->query('DELETE FROM `tr...', Array, false)
#4 C:\xampp\htdocs\proyecto_3\app\Models\TratamientosCRUDModel.php(73): CodeIgniter\Database\BaseBuilder->delete()
#5 C:\xampp\htdocs\proyecto_3\app\Controllers\TratamientosController.php(190): App\Models\TratamientosCRUDModel->eliminarTratamientoInfo(Array)
#6 C:\xampp\htdocs\proyecto_3\system\CodeIgniter.php(832): App\Controllers\TratamientosController->eliminarTratamiento('6')
#7 C:\xampp\htdocs\proyecto_3\system\CodeIgniter.php(419): CodeIgniter\CodeIgniter->runController(Object(App\Controllers\TratamientosController))
#8 C:\xampp\htdocs\proyecto_3\system\CodeIgniter.php(326): CodeIgniter\CodeIgniter->handleRequest(NULL, Object(Config\Cache), false)
#9 C:\xampp\htdocs\proyecto_3\index.php(37): CodeIgniter\CodeIgniter->run()
#10 {main}
ERROR - 2022-05-19 02:04:01 --> Cannot delete or update a parent row: a foreign key constraint fails (`proyectoclinicadental`.`cita`, CONSTRAINT `fk_id_tratamiento2` FOREIGN KEY (`id_tratamiento2`) REFERENCES `tratamiento` (`id_tratamiento`) ON DELETE NO ACTION ON UPDATE NO ACTION)
CRITICAL - 2022-05-19 02:04:01 --> Cannot delete or update a parent row: a foreign key constraint fails (`proyectoclinicadental`.`cita`, CONSTRAINT `fk_id_tratamiento2` FOREIGN KEY (`id_tratamiento2`) REFERENCES `tratamiento` (`id_tratamiento`) ON DELETE NO ACTION ON UPDATE NO ACTION)
#0 C:\xampp\htdocs\proyecto_3\system\Database\MySQLi\Connection.php(292): mysqli->query('DELETE FROM `tr...', 0)
#1 C:\xampp\htdocs\proyecto_3\system\Database\BaseConnection.php(670): CodeIgniter\Database\MySQLi\Connection->execute('DELETE FROM `tr...')
#2 C:\xampp\htdocs\proyecto_3\system\Database\BaseConnection.php(598): CodeIgniter\Database\BaseConnection->simpleQuery('DELETE FROM `tr...')
#3 C:\xampp\htdocs\proyecto_3\system\Database\BaseBuilder.php(2225): CodeIgniter\Database\BaseConnection->query('DELETE FROM `tr...', Array, false)
#4 C:\xampp\htdocs\proyecto_3\app\Models\TratamientosCRUDModel.php(73): CodeIgniter\Database\BaseBuilder->delete()
#5 C:\xampp\htdocs\proyecto_3\app\Controllers\TratamientosController.php(190): App\Models\TratamientosCRUDModel->eliminarTratamientoInfo(Array)
#6 C:\xampp\htdocs\proyecto_3\system\CodeIgniter.php(832): App\Controllers\TratamientosController->eliminarTratamiento('6')
#7 C:\xampp\htdocs\proyecto_3\system\CodeIgniter.php(419): CodeIgniter\CodeIgniter->runController(Object(App\Controllers\TratamientosController))
#8 C:\xampp\htdocs\proyecto_3\system\CodeIgniter.php(326): CodeIgniter\CodeIgniter->handleRequest(NULL, Object(Config\Cache), false)
#9 C:\xampp\htdocs\proyecto_3\index.php(37): CodeIgniter\CodeIgniter->run()
#10 {main}
CRITICAL - 2022-05-19 02:11:37 --> The original file is not a valid file.
#0 C:\xampp\htdocs\proyecto_3\system\HTTP\Files\UploadedFile.php(137): CodeIgniter\HTTP\Exceptions\HTTPException::forInvalidFile()
#1 C:\xampp\htdocs\proyecto_3\app\Controllers\TratamientosController.php(155): CodeIgniter\HTTP\Files\UploadedFile->move('./public/upload...', '1652944297_c8d4...')
#2 C:\xampp\htdocs\proyecto_3\system\CodeIgniter.php(832): App\Controllers\TratamientosController->crearTratamiento()
#3 C:\xampp\htdocs\proyecto_3\system\CodeIgniter.php(419): CodeIgniter\CodeIgniter->runController(Object(App\Controllers\TratamientosController))
#4 C:\xampp\htdocs\proyecto_3\system\CodeIgniter.php(326): CodeIgniter\CodeIgniter->handleRequest(NULL, Object(Config\Cache), false)
#5 C:\xampp\htdocs\proyecto_3\index.php(37): CodeIgniter\CodeIgniter->run()
#6 {main}
CRITICAL - 2022-05-19 02:12:33 --> The original file is not a valid file.
#0 C:\xampp\htdocs\proyecto_3\system\HTTP\Files\UploadedFile.php(137): CodeIgniter\HTTP\Exceptions\HTTPException::forInvalidFile()
#1 C:\xampp\htdocs\proyecto_3\app\Controllers\TratamientosController.php(155): CodeIgniter\HTTP\Files\UploadedFile->move('./public/upload...', '1652944353_4c9d...')
#2 C:\xampp\htdocs\proyecto_3\system\CodeIgniter.php(832): App\Controllers\TratamientosController->crearTratamiento()
#3 C:\xampp\htdocs\proyecto_3\system\CodeIgniter.php(419): CodeIgniter\CodeIgniter->runController(Object(App\Controllers\TratamientosController))
#4 C:\xampp\htdocs\proyecto_3\system\CodeIgniter.php(326): CodeIgniter\CodeIgniter->handleRequest(NULL, Object(Config\Cache), false)
#5 C:\xampp\htdocs\proyecto_3\index.php(37): CodeIgniter\CodeIgniter->run()
#6 {main}
CRITICAL - 2022-05-19 02:13:01 --> Undefined array key 0
#0 C:\xampp\htdocs\proyecto_3\app\Views\tratamientos_view\mas_informacion_tratamiento.php(13): CodeIgniter\Debug\Exceptions->errorHandler(2, 'Undefined array...', 'C:\\xampp\\htdocs...', 13)
#1 C:\xampp\htdocs\proyecto_3\system\View\View.php(210): include('C:\\xampp\\htdocs...')
#2 C:\xampp\htdocs\proyecto_3\system\View\View.php(213): CodeIgniter\View\View->CodeIgniter\View\{closure}()
#3 C:\xampp\htdocs\proyecto_3\system\Common.php(1089): CodeIgniter\View\View->render('tratamientos_vi...', Array, true)
#4 C:\xampp\htdocs\proyecto_3\app\Controllers\TratamientosController.php(121): view('tratamientos_vi...', Array)
#5 C:\xampp\htdocs\proyecto_3\system\CodeIgniter.php(832): App\Controllers\TratamientosController->view_mas_informacionTratamiento('16')
#6 C:\xampp\htdocs\proyecto_3\system\CodeIgniter.php(419): CodeIgniter\CodeIgniter->runController(Object(App\Controllers\TratamientosController))
#7 C:\xampp\htdocs\proyecto_3\system\CodeIgniter.php(326): CodeIgniter\CodeIgniter->handleRequest(NULL, Object(Config\Cache), false)
#8 C:\xampp\htdocs\proyecto_3\index.php(37): CodeIgniter\CodeIgniter->run()
#9 {main}
CRITICAL - 2022-05-19 02:13:08 --> Undefined array key 0
#0 C:\xampp\htdocs\proyecto_3\app\Views\tratamientos_view\mas_informacion_tratamiento.php(13): CodeIgniter\Debug\Exceptions->errorHandler(2, 'Undefined array...', 'C:\\xampp\\htdocs...', 13)
#1 C:\xampp\htdocs\proyecto_3\system\View\View.php(210): include('C:\\xampp\\htdocs...')
#2 C:\xampp\htdocs\proyecto_3\system\View\View.php(213): CodeIgniter\View\View->CodeIgniter\View\{closure}()
#3 C:\xampp\htdocs\proyecto_3\system\Common.php(1089): CodeIgniter\View\View->render('tratamientos_vi...', Array, true)
#4 C:\xampp\htdocs\proyecto_3\app\Controllers\TratamientosController.php(121): view('tratamientos_vi...', Array)
#5 C:\xampp\htdocs\proyecto_3\system\CodeIgniter.php(832): App\Controllers\TratamientosController->view_mas_informacionTratamiento('17')
#6 C:\xampp\htdocs\proyecto_3\system\CodeIgniter.php(419): CodeIgniter\CodeIgniter->runController(Object(App\Controllers\TratamientosController))
#7 C:\xampp\htdocs\proyecto_3\system\CodeIgniter.php(326): CodeIgniter\CodeIgniter->handleRequest(NULL, Object(Config\Cache), false)
#8 C:\xampp\htdocs\proyecto_3\index.php(37): CodeIgniter\CodeIgniter->run()
#9 {main}
