ERROR - 2022-03-30 19:51:23 --> Error connecting to the database: Access denied for user '****'@'localhost' (using password: YES)
CRITICAL - 2022-03-30 19:51:23 --> Unable to connect to the database.
Main connection [MySQLi]: Access denied for user '****'@'localhost' (using password: YES)
#0 C:\desarrollo\htdocs\proyecto_3\system\Database\Database.php(67): CodeIgniter\Database\BaseConnection->initialize()
#1 C:\desarrollo\htdocs\proyecto_3\system\Database\Config.php(105): CodeIgniter\Database\Database->loadForge(Object(CodeIgniter\Database\MySQLi\Connection))
#2 C:\desarrollo\htdocs\proyecto_3\system\Database\Seeder.php(98): CodeIgniter\Database\Config::forge(NULL)
#3 C:\desarrollo\htdocs\proyecto_3\system\Commands\Database\Seed.php(69): CodeIgniter\Database\Seeder->__construct(Object(Config\Database))
#4 C:\desarrollo\htdocs\proyecto_3\system\CLI\Commands.php(63): CodeIgniter\Commands\Database\Seed->run(Array)
#5 C:\desarrollo\htdocs\proyecto_3\system\CLI\CommandRunner.php(70): CodeIgniter\CLI\Commands->run('db:seed', Array)
#6 C:\desarrollo\htdocs\proyecto_3\system\CLI\CommandRunner.php(56): CodeIgniter\CLI\CommandRunner->index(Array)
#7 C:\desarrollo\htdocs\proyecto_3\system\CodeIgniter.php(830): CodeIgniter\CLI\CommandRunner->_remap('index', 'db:seed', 'librosSeeder')
#8 C:\desarrollo\htdocs\proyecto_3\system\CodeIgniter.php(419): CodeIgniter\CodeIgniter->runController(Object(CodeIgniter\CLI\CommandRunner))
#9 C:\desarrollo\htdocs\proyecto_3\system\CodeIgniter.php(326): CodeIgniter\CodeIgniter->handleRequest(NULL, Object(Config\Cache), false)
#10 C:\desarrollo\htdocs\proyecto_3\system\CLI\Console.php(48): CodeIgniter\CodeIgniter->run()
#11 C:\desarrollo\htdocs\proyecto_3\spark(63): CodeIgniter\CLI\Console->run()
#12 {main}
ERROR - 2022-03-30 19:53:52 --> Error connecting to the database: Access denied for user '****'@'localhost' (using password: YES)
CRITICAL - 2022-03-30 19:53:52 --> Unable to connect to the database.
Main connection [MySQLi]: Access denied for user '****'@'localhost' (using password: YES)
#0 C:\desarrollo\htdocs\proyecto_3\system\Database\Database.php(67): CodeIgniter\Database\BaseConnection->initialize()
#1 C:\desarrollo\htdocs\proyecto_3\system\Database\Config.php(105): CodeIgniter\Database\Database->loadForge(Object(CodeIgniter\Database\MySQLi\Connection))
#2 C:\desarrollo\htdocs\proyecto_3\system\Database\Seeder.php(98): CodeIgniter\Database\Config::forge(NULL)
#3 C:\desarrollo\htdocs\proyecto_3\system\Commands\Database\Seed.php(69): CodeIgniter\Database\Seeder->__construct(Object(Config\Database))
#4 C:\desarrollo\htdocs\proyecto_3\system\CLI\Commands.php(63): CodeIgniter\Commands\Database\Seed->run(Array)
#5 C:\desarrollo\htdocs\proyecto_3\system\CLI\CommandRunner.php(70): CodeIgniter\CLI\Commands->run('db:seed', Array)
#6 C:\desarrollo\htdocs\proyecto_3\system\CLI\CommandRunner.php(56): CodeIgniter\CLI\CommandRunner->index(Array)
#7 C:\desarrollo\htdocs\proyecto_3\system\CodeIgniter.php(830): CodeIgniter\CLI\CommandRunner->_remap('index', 'db:seed', 'librosSeeder')
#8 C:\desarrollo\htdocs\proyecto_3\system\CodeIgniter.php(419): CodeIgniter\CodeIgniter->runController(Object(CodeIgniter\CLI\CommandRunner))
#9 C:\desarrollo\htdocs\proyecto_3\system\CodeIgniter.php(326): CodeIgniter\CodeIgniter->handleRequest(NULL, Object(Config\Cache), false)
#10 C:\desarrollo\htdocs\proyecto_3\system\CLI\Console.php(48): CodeIgniter\CodeIgniter->run()
#11 C:\desarrollo\htdocs\proyecto_3\spark(63): CodeIgniter\CLI\Console->run()
#12 {main}
