ERROR - 2022-04-26 00:47:15 --> Unknown column 'id_usuario' in 'where clause'
CRITICAL - 2022-04-26 00:47:15 --> Unknown column 'id_usuario' in 'where clause'
#0 C:\desarrollo\htdocs\proyecto_3\system\Database\MySQLi\Connection.php(292): mysqli->query('SELECT *\nFROM `...', 0)
#1 C:\desarrollo\htdocs\proyecto_3\system\Database\BaseConnection.php(670): CodeIgniter\Database\MySQLi\Connection->execute('SELECT *\nFROM `...')
#2 C:\desarrollo\htdocs\proyecto_3\system\Database\BaseConnection.php(598): CodeIgniter\Database\BaseConnection->simpleQuery('SELECT *\nFROM `...')
#3 C:\desarrollo\htdocs\proyecto_3\system\Database\BaseBuilder.php(1455): CodeIgniter\Database\BaseConnection->query('SELECT *\nFROM `...', Array, false)
#4 C:\desarrollo\htdocs\proyecto_3\app\Models\RecepcionCRUDModel.php(41): CodeIgniter\Database\BaseBuilder->get()
#5 C:\desarrollo\htdocs\proyecto_3\app\Controllers\RecepcionController.php(189): App\Models\RecepcionCRUDModel->getRecepcionGeneralInfo(Array)
#6 C:\desarrollo\htdocs\proyecto_3\system\CodeIgniter.php(832): App\Controllers\RecepcionController->eliminarRecepcionista('2')
#7 C:\desarrollo\htdocs\proyecto_3\system\CodeIgniter.php(419): CodeIgniter\CodeIgniter->runController(Object(App\Controllers\RecepcionController))
#8 C:\desarrollo\htdocs\proyecto_3\system\CodeIgniter.php(326): CodeIgniter\CodeIgniter->handleRequest(NULL, Object(Config\Cache), false)
#9 C:\desarrollo\htdocs\proyecto_3\index.php(37): CodeIgniter\CodeIgniter->run()
#10 {main}
ERROR - 2022-04-26 21:38:24 --> Error connecting to the database: Access denied for user '****'@'localhost' (using password: NO)
CRITICAL - 2022-04-26 21:38:24 --> Unable to connect to the database.
Main connection [MySQLi]: Access denied for user '****'@'localhost' (using password: NO)
#0 C:\desarrollo\htdocs\proyecto_3\system\Database\BaseConnection.php(577): CodeIgniter\Database\BaseConnection->initialize()
#1 C:\desarrollo\htdocs\proyecto_3\system\Database\BaseBuilder.php(1455): CodeIgniter\Database\BaseConnection->query('SELECT *\nFROM `...', Array, false)
#2 C:\desarrollo\htdocs\proyecto_3\app\Models\LoginAccessModel.php(11): CodeIgniter\Database\BaseBuilder->get()
#3 C:\desarrollo\htdocs\proyecto_3\app\Controllers\LoginController.php(31): App\Models\LoginAccessModel->obtenerUsuario(Array)
#4 C:\desarrollo\htdocs\proyecto_3\system\CodeIgniter.php(832): App\Controllers\LoginController->login()
#5 C:\desarrollo\htdocs\proyecto_3\system\CodeIgniter.php(419): CodeIgniter\CodeIgniter->runController(Object(App\Controllers\LoginController))
#6 C:\desarrollo\htdocs\proyecto_3\system\CodeIgniter.php(326): CodeIgniter\CodeIgniter->handleRequest(NULL, Object(Config\Cache), false)
#7 C:\desarrollo\htdocs\proyecto_3\index.php(37): CodeIgniter\CodeIgniter->run()
#8 {main}
CRITICAL - 2022-04-26 22:02:01 --> Undefined variable $key
#0 C:\desarrollo\htdocs\proyecto_3\app\Views\tratamientos_view\tratamientos.php(57): CodeIgniter\Debug\Exceptions->errorHandler(2, 'Undefined varia...', 'C:\\desarrollo\\h...', 57)
#1 C:\desarrollo\htdocs\proyecto_3\system\View\View.php(210): include('C:\\desarrollo\\h...')
#2 C:\desarrollo\htdocs\proyecto_3\system\View\View.php(213): CodeIgniter\View\View->CodeIgniter\View\{closure}()
#3 C:\desarrollo\htdocs\proyecto_3\system\Common.php(1089): CodeIgniter\View\View->render('tratamientos_vi...', Array, true)
#4 C:\desarrollo\htdocs\proyecto_3\app\Controllers\TratamientosController.php(13): view('tratamientos_vi...')
#5 C:\desarrollo\htdocs\proyecto_3\system\CodeIgniter.php(832): App\Controllers\TratamientosController->index()
#6 C:\desarrollo\htdocs\proyecto_3\system\CodeIgniter.php(419): CodeIgniter\CodeIgniter->runController(Object(App\Controllers\TratamientosController))
#7 C:\desarrollo\htdocs\proyecto_3\system\CodeIgniter.php(326): CodeIgniter\CodeIgniter->handleRequest(NULL, Object(Config\Cache), false)
#8 C:\desarrollo\htdocs\proyecto_3\index.php(37): CodeIgniter\CodeIgniter->run()
#9 {main}
CRITICAL - 2022-04-26 22:02:29 --> Undefined variable $mensaje
#0 C:\desarrollo\htdocs\proyecto_3\app\Views\tratamientos_view\tratamientos.php(82): CodeIgniter\Debug\Exceptions->errorHandler(2, 'Undefined varia...', 'C:\\desarrollo\\h...', 82)
#1 C:\desarrollo\htdocs\proyecto_3\system\View\View.php(210): include('C:\\desarrollo\\h...')
#2 C:\desarrollo\htdocs\proyecto_3\system\View\View.php(213): CodeIgniter\View\View->CodeIgniter\View\{closure}()
#3 C:\desarrollo\htdocs\proyecto_3\system\Common.php(1089): CodeIgniter\View\View->render('tratamientos_vi...', Array, true)
#4 C:\desarrollo\htdocs\proyecto_3\app\Controllers\TratamientosController.php(13): view('tratamientos_vi...')
#5 C:\desarrollo\htdocs\proyecto_3\system\CodeIgniter.php(832): App\Controllers\TratamientosController->index()
#6 C:\desarrollo\htdocs\proyecto_3\system\CodeIgniter.php(419): CodeIgniter\CodeIgniter->runController(Object(App\Controllers\TratamientosController))
#7 C:\desarrollo\htdocs\proyecto_3\system\CodeIgniter.php(326): CodeIgniter\CodeIgniter->handleRequest(NULL, Object(Config\Cache), false)
#8 C:\desarrollo\htdocs\proyecto_3\index.php(37): CodeIgniter\CodeIgniter->run()
#9 {main}
CRITICAL - 2022-04-26 22:07:14 --> Invalid file: tratamientos_view/crear_tratamientos.php
#0 C:\desarrollo\htdocs\proyecto_3\system\View\View.php(198): CodeIgniter\Exceptions\FrameworkException::forInvalidFile('tratamientos_vi...')
#1 C:\desarrollo\htdocs\proyecto_3\system\Common.php(1089): CodeIgniter\View\View->render('tratamientos_vi...', Array, true)
#2 C:\desarrollo\htdocs\proyecto_3\app\Controllers\TratamientosController.php(18): view('tratamientos_vi...')
#3 C:\desarrollo\htdocs\proyecto_3\system\CodeIgniter.php(832): App\Controllers\TratamientosController->crearTratamiento()
#4 C:\desarrollo\htdocs\proyecto_3\system\CodeIgniter.php(419): CodeIgniter\CodeIgniter->runController(Object(App\Controllers\TratamientosController))
#5 C:\desarrollo\htdocs\proyecto_3\system\CodeIgniter.php(326): CodeIgniter\CodeIgniter->handleRequest(NULL, Object(Config\Cache), false)
#6 C:\desarrollo\htdocs\proyecto_3\index.php(37): CodeIgniter\CodeIgniter->run()
#7 {main}
