ERROR - 2022-05-17 00:37:46 --> Unknown column 'id_domRecepcionista' in 'where clause'
CRITICAL - 2022-05-17 00:37:46 --> Unknown column 'id_domRecepcionista' in 'where clause'
#0 C:\desarrollo\htdocs\proyecto_3\system\Database\MySQLi\Connection.php(292): mysqli->query('UPDATE `doctor_...', 0)
#1 C:\desarrollo\htdocs\proyecto_3\system\Database\BaseConnection.php(670): CodeIgniter\Database\MySQLi\Connection->execute('UPDATE `doctor_...')
#2 C:\desarrollo\htdocs\proyecto_3\system\Database\BaseConnection.php(598): CodeIgniter\Database\BaseConnection->simpleQuery('UPDATE `doctor_...')
#3 C:\desarrollo\htdocs\proyecto_3\system\Database\BaseBuilder.php(1913): CodeIgniter\Database\BaseConnection->query('UPDATE `doctor_...', Array, false)
#4 C:\desarrollo\htdocs\proyecto_3\app\Models\DoctoresCRUDModel.php(62): CodeIgniter\Database\BaseBuilder->update()
#5 C:\desarrollo\htdocs\proyecto_3\app\Controllers\DoctoresController.php(159): App\Models\DoctoresCRUDModel->updateDoctorDomInfo(Array, '4')
#6 C:\desarrollo\htdocs\proyecto_3\system\CodeIgniter.php(832): App\Controllers\DoctoresController->update_doctorInfo()
#7 C:\desarrollo\htdocs\proyecto_3\system\CodeIgniter.php(419): CodeIgniter\CodeIgniter->runController(Object(App\Controllers\DoctoresController))
#8 C:\desarrollo\htdocs\proyecto_3\system\CodeIgniter.php(326): CodeIgniter\CodeIgniter->handleRequest(NULL, Object(Config\Cache), false)
#9 C:\desarrollo\htdocs\proyecto_3\index.php(37): CodeIgniter\CodeIgniter->run()
#10 {main}
CRITICAL - 2022-05-17 15:31:42 --> Undefined variable $key
#0 C:\desarrollo\htdocs\proyecto_3\app\Views\doctores_view\doctores.php(57): CodeIgniter\Debug\Exceptions->errorHandler(2, 'Undefined varia...', 'C:\\desarrollo\\h...', 57)
#1 C:\desarrollo\htdocs\proyecto_3\system\View\View.php(210): include('C:\\desarrollo\\h...')
#2 C:\desarrollo\htdocs\proyecto_3\system\View\View.php(213): CodeIgniter\View\View->CodeIgniter\View\{closure}()
#3 C:\desarrollo\htdocs\proyecto_3\system\Common.php(1089): CodeIgniter\View\View->render('doctores_view/d...', Array, true)
#4 C:\desarrollo\htdocs\proyecto_3\app\Controllers\DoctoresController.php(26): view('doctores_view/d...', Array)
#5 C:\desarrollo\htdocs\proyecto_3\system\CodeIgniter.php(832): App\Controllers\DoctoresController->index()
#6 C:\desarrollo\htdocs\proyecto_3\system\CodeIgniter.php(419): CodeIgniter\CodeIgniter->runController(Object(App\Controllers\DoctoresController))
#7 C:\desarrollo\htdocs\proyecto_3\system\CodeIgniter.php(326): CodeIgniter\CodeIgniter->handleRequest(NULL, Object(Config\Cache), false)
#8 C:\desarrollo\htdocs\proyecto_3\index.php(37): CodeIgniter\CodeIgniter->run()
#9 {main}
CRITICAL - 2022-05-17 16:37:13 --> Undefined array key "medio"
#0 C:\desarrollo\htdocs\proyecto_3\app\Controllers\PacientesController.php(46): CodeIgniter\Debug\Exceptions->errorHandler(2, 'Undefined array...', 'C:\\desarrollo\\h...', 46)
#1 C:\desarrollo\htdocs\proyecto_3\system\CodeIgniter.php(832): App\Controllers\PacientesController->crear_registroPaciente()
#2 C:\desarrollo\htdocs\proyecto_3\system\CodeIgniter.php(419): CodeIgniter\CodeIgniter->runController(Object(App\Controllers\PacientesController))
#3 C:\desarrollo\htdocs\proyecto_3\system\CodeIgniter.php(326): CodeIgniter\CodeIgniter->handleRequest(NULL, Object(Config\Cache), false)
#4 C:\desarrollo\htdocs\proyecto_3\index.php(37): CodeIgniter\CodeIgniter->run()
#5 {main}
CRITICAL - 2022-05-17 16:38:09 --> Undefined array key "medio"
#0 C:\desarrollo\htdocs\proyecto_3\app\Controllers\PacientesController.php(46): CodeIgniter\Debug\Exceptions->errorHandler(2, 'Undefined array...', 'C:\\desarrollo\\h...', 46)
#1 C:\desarrollo\htdocs\proyecto_3\system\CodeIgniter.php(832): App\Controllers\PacientesController->crear_registroPaciente()
#2 C:\desarrollo\htdocs\proyecto_3\system\CodeIgniter.php(419): CodeIgniter\CodeIgniter->runController(Object(App\Controllers\PacientesController))
#3 C:\desarrollo\htdocs\proyecto_3\system\CodeIgniter.php(326): CodeIgniter\CodeIgniter->handleRequest(NULL, Object(Config\Cache), false)
#4 C:\desarrollo\htdocs\proyecto_3\index.php(37): CodeIgniter\CodeIgniter->run()
#5 {main}
CRITICAL - 2022-05-17 17:36:49 --> Undefined array key "id_domDoctor"
#0 C:\desarrollo\htdocs\proyecto_3\app\Views\pacientes_view\mas_informacion_paciente.php(13): CodeIgniter\Debug\Exceptions->errorHandler(2, 'Undefined array...', 'C:\\desarrollo\\h...', 13)
#1 C:\desarrollo\htdocs\proyecto_3\system\View\View.php(210): include('C:\\desarrollo\\h...')
#2 C:\desarrollo\htdocs\proyecto_3\system\View\View.php(213): CodeIgniter\View\View->CodeIgniter\View\{closure}()
#3 C:\desarrollo\htdocs\proyecto_3\system\Common.php(1089): CodeIgniter\View\View->render('pacientes_view/...', Array, true)
#4 C:\desarrollo\htdocs\proyecto_3\app\Controllers\PacientesController.php(124): view('pacientes_view/...', Array)
#5 C:\desarrollo\htdocs\proyecto_3\system\CodeIgniter.php(832): App\Controllers\PacientesController->view_mas_informacionPaciente('6')
#6 C:\desarrollo\htdocs\proyecto_3\system\CodeIgniter.php(419): CodeIgniter\CodeIgniter->runController(Object(App\Controllers\PacientesController))
#7 C:\desarrollo\htdocs\proyecto_3\system\CodeIgniter.php(326): CodeIgniter\CodeIgniter->handleRequest(NULL, Object(Config\Cache), false)
#8 C:\desarrollo\htdocs\proyecto_3\index.php(37): CodeIgniter\CodeIgniter->run()
#9 {main}
CRITICAL - 2022-05-17 17:41:03 --> Undefined array key "fecha_ingresot"
#0 C:\desarrollo\htdocs\proyecto_3\app\Views\pacientes_view\mas_informacion_paciente.php(27): CodeIgniter\Debug\Exceptions->errorHandler(2, 'Undefined array...', 'C:\\desarrollo\\h...', 27)
#1 C:\desarrollo\htdocs\proyecto_3\system\View\View.php(210): include('C:\\desarrollo\\h...')
#2 C:\desarrollo\htdocs\proyecto_3\system\View\View.php(213): CodeIgniter\View\View->CodeIgniter\View\{closure}()
#3 C:\desarrollo\htdocs\proyecto_3\system\Common.php(1089): CodeIgniter\View\View->render('pacientes_view/...', Array, true)
#4 C:\desarrollo\htdocs\proyecto_3\app\Controllers\PacientesController.php(124): view('pacientes_view/...', Array)
#5 C:\desarrollo\htdocs\proyecto_3\system\CodeIgniter.php(832): App\Controllers\PacientesController->view_mas_informacionPaciente('1')
#6 C:\desarrollo\htdocs\proyecto_3\system\CodeIgniter.php(419): CodeIgniter\CodeIgniter->runController(Object(App\Controllers\PacientesController))
#7 C:\desarrollo\htdocs\proyecto_3\system\CodeIgniter.php(326): CodeIgniter\CodeIgniter->handleRequest(NULL, Object(Config\Cache), false)
#8 C:\desarrollo\htdocs\proyecto_3\index.php(37): CodeIgniter\CodeIgniter->run()
#9 {main}
CRITICAL - 2022-05-17 17:41:18 --> Undefined variable $estado
#0 C:\desarrollo\htdocs\proyecto_3\app\Views\pacientes_view\mas_informacion_paciente.php(39): CodeIgniter\Debug\Exceptions->errorHandler(2, 'Undefined varia...', 'C:\\desarrollo\\h...', 39)
#1 C:\desarrollo\htdocs\proyecto_3\system\View\View.php(210): include('C:\\desarrollo\\h...')
#2 C:\desarrollo\htdocs\proyecto_3\system\View\View.php(213): CodeIgniter\View\View->CodeIgniter\View\{closure}()
#3 C:\desarrollo\htdocs\proyecto_3\system\Common.php(1089): CodeIgniter\View\View->render('pacientes_view/...', Array, true)
#4 C:\desarrollo\htdocs\proyecto_3\app\Controllers\PacientesController.php(124): view('pacientes_view/...', Array)
#5 C:\desarrollo\htdocs\proyecto_3\system\CodeIgniter.php(832): App\Controllers\PacientesController->view_mas_informacionPaciente('1')
#6 C:\desarrollo\htdocs\proyecto_3\system\CodeIgniter.php(419): CodeIgniter\CodeIgniter->runController(Object(App\Controllers\PacientesController))
#7 C:\desarrollo\htdocs\proyecto_3\system\CodeIgniter.php(326): CodeIgniter\CodeIgniter->handleRequest(NULL, Object(Config\Cache), false)
#8 C:\desarrollo\htdocs\proyecto_3\index.php(37): CodeIgniter\CodeIgniter->run()
#9 {main}
CRITICAL - 2022-05-17 17:51:10 --> Undefined variable $estado
#0 C:\desarrollo\htdocs\proyecto_3\app\Views\pacientes_view\mas_informacion_paciente.php(188): CodeIgniter\Debug\Exceptions->errorHandler(2, 'Undefined varia...', 'C:\\desarrollo\\h...', 188)
#1 C:\desarrollo\htdocs\proyecto_3\system\View\View.php(210): include('C:\\desarrollo\\h...')
#2 C:\desarrollo\htdocs\proyecto_3\system\View\View.php(213): CodeIgniter\View\View->CodeIgniter\View\{closure}()
#3 C:\desarrollo\htdocs\proyecto_3\system\Common.php(1089): CodeIgniter\View\View->render('pacientes_view/...', Array, true)
#4 C:\desarrollo\htdocs\proyecto_3\app\Controllers\PacientesController.php(124): view('pacientes_view/...', Array)
#5 C:\desarrollo\htdocs\proyecto_3\system\CodeIgniter.php(832): App\Controllers\PacientesController->view_mas_informacionPaciente('1')
#6 C:\desarrollo\htdocs\proyecto_3\system\CodeIgniter.php(419): CodeIgniter\CodeIgniter->runController(Object(App\Controllers\PacientesController))
#7 C:\desarrollo\htdocs\proyecto_3\system\CodeIgniter.php(326): CodeIgniter\CodeIgniter->handleRequest(NULL, Object(Config\Cache), false)
#8 C:\desarrollo\htdocs\proyecto_3\index.php(37): CodeIgniter\CodeIgniter->run()
#9 {main}
ERROR - 2022-05-17 18:24:10 --> You have an error in your SQL syntax; check the manual that corresponds to your MariaDB server version for the right syntax to use near '5 = :5:
WHERE `id_domPaciente` = :id_domPaciente:' at line 1
CRITICAL - 2022-05-17 18:24:10 --> You have an error in your SQL syntax; check the manual that corresponds to your MariaDB server version for the right syntax to use near '5 = :5:
WHERE `id_domPaciente` = :id_domPaciente:' at line 1
#0 C:\desarrollo\htdocs\proyecto_3\system\Database\MySQLi\Connection.php(292): mysqli->query('UPDATE `pacient...', 0)
#1 C:\desarrollo\htdocs\proyecto_3\system\Database\BaseConnection.php(670): CodeIgniter\Database\MySQLi\Connection->execute('UPDATE `pacient...')
#2 C:\desarrollo\htdocs\proyecto_3\system\Database\BaseConnection.php(598): CodeIgniter\Database\BaseConnection->simpleQuery('UPDATE `pacient...')
#3 C:\desarrollo\htdocs\proyecto_3\system\Database\BaseBuilder.php(1913): CodeIgniter\Database\BaseConnection->query('UPDATE `pacient...', Array, false)
#4 C:\desarrollo\htdocs\proyecto_3\app\Models\PacientesCRUDModel.php(77): CodeIgniter\Database\BaseBuilder->update()
#5 C:\desarrollo\htdocs\proyecto_3\app\Controllers\PacientesController.php(176): App\Models\PacientesCRUDModel->updatePacienteDomInfo('5', Array)
#6 C:\desarrollo\htdocs\proyecto_3\system\CodeIgniter.php(832): App\Controllers\PacientesController->update_pacienteInfo()
#7 C:\desarrollo\htdocs\proyecto_3\system\CodeIgniter.php(419): CodeIgniter\CodeIgniter->runController(Object(App\Controllers\PacientesController))
#8 C:\desarrollo\htdocs\proyecto_3\system\CodeIgniter.php(326): CodeIgniter\CodeIgniter->handleRequest(NULL, Object(Config\Cache), false)
#9 C:\desarrollo\htdocs\proyecto_3\index.php(37): CodeIgniter\CodeIgniter->run()
#10 {main}
ERROR - 2022-05-17 18:25:14 --> Cannot add or update a child row: a foreign key constraint fails (`proyectoclinicadental`.`paciente`, CONSTRAINT `fk_id_domPaciente` FOREIGN KEY (`id_domPaciente`) REFERENCES `paciente_domicilio` (`id_domPaciente`) ON DELETE NO ACTION ON UPDATE NO ACTION)
CRITICAL - 2022-05-17 18:25:14 --> Cannot add or update a child row: a foreign key constraint fails (`proyectoclinicadental`.`paciente`, CONSTRAINT `fk_id_domPaciente` FOREIGN KEY (`id_domPaciente`) REFERENCES `paciente_domicilio` (`id_domPaciente`) ON DELETE NO ACTION ON UPDATE NO ACTION)
#0 C:\desarrollo\htdocs\proyecto_3\system\Database\MySQLi\Connection.php(292): mysqli->query('UPDATE `pacient...', 0)
#1 C:\desarrollo\htdocs\proyecto_3\system\Database\BaseConnection.php(670): CodeIgniter\Database\MySQLi\Connection->execute('UPDATE `pacient...')
#2 C:\desarrollo\htdocs\proyecto_3\system\Database\BaseConnection.php(598): CodeIgniter\Database\BaseConnection->simpleQuery('UPDATE `pacient...')
#3 C:\desarrollo\htdocs\proyecto_3\system\Database\BaseBuilder.php(1913): CodeIgniter\Database\BaseConnection->query('UPDATE `pacient...', Array, false)
#4 C:\desarrollo\htdocs\proyecto_3\app\Models\PacientesCRUDModel.php(69): CodeIgniter\Database\BaseBuilder->update()
#5 C:\desarrollo\htdocs\proyecto_3\app\Controllers\PacientesController.php(208): App\Models\PacientesCRUDModel->updatePaciente(Array, '5')
#6 C:\desarrollo\htdocs\proyecto_3\system\CodeIgniter.php(832): App\Controllers\PacientesController->update_pacienteInfo()
#7 C:\desarrollo\htdocs\proyecto_3\system\CodeIgniter.php(419): CodeIgniter\CodeIgniter->runController(Object(App\Controllers\PacientesController))
#8 C:\desarrollo\htdocs\proyecto_3\system\CodeIgniter.php(326): CodeIgniter\CodeIgniter->handleRequest(NULL, Object(Config\Cache), false)
#9 C:\desarrollo\htdocs\proyecto_3\index.php(37): CodeIgniter\CodeIgniter->run()
#10 {main}
ERROR - 2022-05-17 18:26:10 --> Cannot add or update a child row: a foreign key constraint fails (`proyectoclinicadental`.`paciente`, CONSTRAINT `fk_id_domPaciente` FOREIGN KEY (`id_domPaciente`) REFERENCES `paciente_domicilio` (`id_domPaciente`) ON DELETE NO ACTION ON UPDATE NO ACTION)
CRITICAL - 2022-05-17 18:26:10 --> Cannot add or update a child row: a foreign key constraint fails (`proyectoclinicadental`.`paciente`, CONSTRAINT `fk_id_domPaciente` FOREIGN KEY (`id_domPaciente`) REFERENCES `paciente_domicilio` (`id_domPaciente`) ON DELETE NO ACTION ON UPDATE NO ACTION)
#0 C:\desarrollo\htdocs\proyecto_3\system\Database\MySQLi\Connection.php(292): mysqli->query('UPDATE `pacient...', 0)
#1 C:\desarrollo\htdocs\proyecto_3\system\Database\BaseConnection.php(670): CodeIgniter\Database\MySQLi\Connection->execute('UPDATE `pacient...')
#2 C:\desarrollo\htdocs\proyecto_3\system\Database\BaseConnection.php(598): CodeIgniter\Database\BaseConnection->simpleQuery('UPDATE `pacient...')
#3 C:\desarrollo\htdocs\proyecto_3\system\Database\BaseBuilder.php(1913): CodeIgniter\Database\BaseConnection->query('UPDATE `pacient...', Array, false)
#4 C:\desarrollo\htdocs\proyecto_3\app\Models\PacientesCRUDModel.php(69): CodeIgniter\Database\BaseBuilder->update()
#5 C:\desarrollo\htdocs\proyecto_3\app\Controllers\PacientesController.php(176): App\Models\PacientesCRUDModel->updatePaciente(Array, '5')
#6 C:\desarrollo\htdocs\proyecto_3\system\CodeIgniter.php(832): App\Controllers\PacientesController->update_pacienteInfo()
#7 C:\desarrollo\htdocs\proyecto_3\system\CodeIgniter.php(419): CodeIgniter\CodeIgniter->runController(Object(App\Controllers\PacientesController))
#8 C:\desarrollo\htdocs\proyecto_3\system\CodeIgniter.php(326): CodeIgniter\CodeIgniter->handleRequest(NULL, Object(Config\Cache), false)
#9 C:\desarrollo\htdocs\proyecto_3\index.php(37): CodeIgniter\CodeIgniter->run()
#10 {main}
ERROR - 2022-05-17 18:27:02 --> Cannot add or update a child row: a foreign key constraint fails (`proyectoclinicadental`.`paciente`, CONSTRAINT `fk_id_domPaciente` FOREIGN KEY (`id_domPaciente`) REFERENCES `paciente_domicilio` (`id_domPaciente`) ON DELETE NO ACTION ON UPDATE NO ACTION)
CRITICAL - 2022-05-17 18:27:02 --> Cannot add or update a child row: a foreign key constraint fails (`proyectoclinicadental`.`paciente`, CONSTRAINT `fk_id_domPaciente` FOREIGN KEY (`id_domPaciente`) REFERENCES `paciente_domicilio` (`id_domPaciente`) ON DELETE NO ACTION ON UPDATE NO ACTION)
#0 C:\desarrollo\htdocs\proyecto_3\system\Database\MySQLi\Connection.php(292): mysqli->query('UPDATE `pacient...', 0)
#1 C:\desarrollo\htdocs\proyecto_3\system\Database\BaseConnection.php(670): CodeIgniter\Database\MySQLi\Connection->execute('UPDATE `pacient...')
#2 C:\desarrollo\htdocs\proyecto_3\system\Database\BaseConnection.php(598): CodeIgniter\Database\BaseConnection->simpleQuery('UPDATE `pacient...')
#3 C:\desarrollo\htdocs\proyecto_3\system\Database\BaseBuilder.php(1913): CodeIgniter\Database\BaseConnection->query('UPDATE `pacient...', Array, false)
#4 C:\desarrollo\htdocs\proyecto_3\app\Models\PacientesCRUDModel.php(69): CodeIgniter\Database\BaseBuilder->update()
#5 C:\desarrollo\htdocs\proyecto_3\app\Controllers\PacientesController.php(208): App\Models\PacientesCRUDModel->updatePaciente(Array, '5')
#6 C:\desarrollo\htdocs\proyecto_3\system\CodeIgniter.php(832): App\Controllers\PacientesController->update_pacienteInfo()
#7 C:\desarrollo\htdocs\proyecto_3\system\CodeIgniter.php(419): CodeIgniter\CodeIgniter->runController(Object(App\Controllers\PacientesController))
#8 C:\desarrollo\htdocs\proyecto_3\system\CodeIgniter.php(326): CodeIgniter\CodeIgniter->handleRequest(NULL, Object(Config\Cache), false)
#9 C:\desarrollo\htdocs\proyecto_3\index.php(37): CodeIgniter\CodeIgniter->run()
#10 {main}
ERROR - 2022-05-17 18:30:36 --> Cannot add or update a child row: a foreign key constraint fails (`proyectoclinicadental`.`paciente`, CONSTRAINT `fk_id_domPaciente` FOREIGN KEY (`id_domPaciente`) REFERENCES `paciente_domicilio` (`id_domPaciente`) ON DELETE NO ACTION ON UPDATE NO ACTION)
CRITICAL - 2022-05-17 18:30:36 --> Cannot add or update a child row: a foreign key constraint fails (`proyectoclinicadental`.`paciente`, CONSTRAINT `fk_id_domPaciente` FOREIGN KEY (`id_domPaciente`) REFERENCES `paciente_domicilio` (`id_domPaciente`) ON DELETE NO ACTION ON UPDATE NO ACTION)
#0 C:\desarrollo\htdocs\proyecto_3\system\Database\MySQLi\Connection.php(292): mysqli->query('UPDATE `pacient...', 0)
#1 C:\desarrollo\htdocs\proyecto_3\system\Database\BaseConnection.php(670): CodeIgniter\Database\MySQLi\Connection->execute('UPDATE `pacient...')
#2 C:\desarrollo\htdocs\proyecto_3\system\Database\BaseConnection.php(598): CodeIgniter\Database\BaseConnection->simpleQuery('UPDATE `pacient...')
#3 C:\desarrollo\htdocs\proyecto_3\system\Database\BaseBuilder.php(1913): CodeIgniter\Database\BaseConnection->query('UPDATE `pacient...', Array, false)
#4 C:\desarrollo\htdocs\proyecto_3\app\Models\PacientesCRUDModel.php(85): CodeIgniter\Database\BaseBuilder->update()
#5 C:\desarrollo\htdocs\proyecto_3\app\Controllers\PacientesController.php(208): App\Models\PacientesCRUDModel->updatePaciente(Array, '6')
#6 C:\desarrollo\htdocs\proyecto_3\system\CodeIgniter.php(832): App\Controllers\PacientesController->update_pacienteInfo()
#7 C:\desarrollo\htdocs\proyecto_3\system\CodeIgniter.php(419): CodeIgniter\CodeIgniter->runController(Object(App\Controllers\PacientesController))
#8 C:\desarrollo\htdocs\proyecto_3\system\CodeIgniter.php(326): CodeIgniter\CodeIgniter->handleRequest(NULL, Object(Config\Cache), false)
#9 C:\desarrollo\htdocs\proyecto_3\index.php(37): CodeIgniter\CodeIgniter->run()
#10 {main}
ERROR - 2022-05-17 18:33:20 --> Cannot add or update a child row: a foreign key constraint fails (`proyectoclinicadental`.`paciente`, CONSTRAINT `fk_id_domPaciente` FOREIGN KEY (`id_domPaciente`) REFERENCES `paciente_domicilio` (`id_domPaciente`) ON DELETE NO ACTION ON UPDATE NO ACTION)
CRITICAL - 2022-05-17 18:33:20 --> Cannot add or update a child row: a foreign key constraint fails (`proyectoclinicadental`.`paciente`, CONSTRAINT `fk_id_domPaciente` FOREIGN KEY (`id_domPaciente`) REFERENCES `paciente_domicilio` (`id_domPaciente`) ON DELETE NO ACTION ON UPDATE NO ACTION)
#0 C:\desarrollo\htdocs\proyecto_3\system\Database\MySQLi\Connection.php(292): mysqli->query('UPDATE `pacient...', 0)
#1 C:\desarrollo\htdocs\proyecto_3\system\Database\BaseConnection.php(670): CodeIgniter\Database\MySQLi\Connection->execute('UPDATE `pacient...')
#2 C:\desarrollo\htdocs\proyecto_3\system\Database\BaseConnection.php(598): CodeIgniter\Database\BaseConnection->simpleQuery('UPDATE `pacient...')
#3 C:\desarrollo\htdocs\proyecto_3\system\Database\BaseBuilder.php(1913): CodeIgniter\Database\BaseConnection->query('UPDATE `pacient...', Array, false)
#4 C:\desarrollo\htdocs\proyecto_3\app\Models\PacientesCRUDModel.php(85): CodeIgniter\Database\BaseBuilder->update()
#5 C:\desarrollo\htdocs\proyecto_3\app\Controllers\PacientesController.php(208): App\Models\PacientesCRUDModel->updatePaciente(Array, '6')
#6 C:\desarrollo\htdocs\proyecto_3\system\CodeIgniter.php(832): App\Controllers\PacientesController->update_pacienteInfo()
#7 C:\desarrollo\htdocs\proyecto_3\system\CodeIgniter.php(419): CodeIgniter\CodeIgniter->runController(Object(App\Controllers\PacientesController))
#8 C:\desarrollo\htdocs\proyecto_3\system\CodeIgniter.php(326): CodeIgniter\CodeIgniter->handleRequest(NULL, Object(Config\Cache), false)
#9 C:\desarrollo\htdocs\proyecto_3\index.php(37): CodeIgniter\CodeIgniter->run()
#10 {main}
CRITICAL - 2022-05-17 19:09:04 --> Undefined array key "id_paciente_dom2"
#0 C:\desarrollo\htdocs\proyecto_3\app\Controllers\PacientesController.php(160): CodeIgniter\Debug\Exceptions->errorHandler(2, 'Undefined array...', 'C:\\desarrollo\\h...', 160)
#1 C:\desarrollo\htdocs\proyecto_3\system\CodeIgniter.php(832): App\Controllers\PacientesController->update_pacienteInfo()
#2 C:\desarrollo\htdocs\proyecto_3\system\CodeIgniter.php(419): CodeIgniter\CodeIgniter->runController(Object(App\Controllers\PacientesController))
#3 C:\desarrollo\htdocs\proyecto_3\system\CodeIgniter.php(326): CodeIgniter\CodeIgniter->handleRequest(NULL, Object(Config\Cache), false)
#4 C:\desarrollo\htdocs\proyecto_3\index.php(37): CodeIgniter\CodeIgniter->run()
#5 {main}
CRITICAL - 2022-05-17 23:07:00 --> Undefined variable $datos
#0 C:\desarrollo\htdocs\proyecto_3\app\Views\citas_view\crear_cita.php(4): CodeIgniter\Debug\Exceptions->errorHandler(2, 'Undefined varia...', 'C:\\desarrollo\\h...', 4)
#1 C:\desarrollo\htdocs\proyecto_3\system\View\View.php(210): include('C:\\desarrollo\\h...')
#2 C:\desarrollo\htdocs\proyecto_3\system\View\View.php(213): CodeIgniter\View\View->CodeIgniter\View\{closure}()
#3 C:\desarrollo\htdocs\proyecto_3\system\Common.php(1089): CodeIgniter\View\View->render('citas_view/crea...', Array, true)
#4 C:\desarrollo\htdocs\proyecto_3\app\Controllers\CitasController.php(28): view('citas_view/crea...', Array)
#5 C:\desarrollo\htdocs\proyecto_3\system\CodeIgniter.php(832): App\Controllers\CitasController->view_crearCita('1')
#6 C:\desarrollo\htdocs\proyecto_3\system\CodeIgniter.php(419): CodeIgniter\CodeIgniter->runController(Object(App\Controllers\CitasController))
#7 C:\desarrollo\htdocs\proyecto_3\system\CodeIgniter.php(326): CodeIgniter\CodeIgniter->handleRequest(NULL, Object(Config\Cache), false)
#8 C:\desarrollo\htdocs\proyecto_3\index.php(37): CodeIgniter\CodeIgniter->run()
#9 {main}
CRITICAL - 2022-05-17 23:07:16 --> Cannot use object of type stdClass as array
#0 C:\desarrollo\htdocs\proyecto_3\system\View\View.php(210): include()
#1 C:\desarrollo\htdocs\proyecto_3\system\View\View.php(213): CodeIgniter\View\View->CodeIgniter\View\{closure}()
#2 C:\desarrollo\htdocs\proyecto_3\system\Common.php(1089): CodeIgniter\View\View->render('citas_view/crea...', Array, true)
#3 C:\desarrollo\htdocs\proyecto_3\app\Controllers\CitasController.php(28): view('citas_view/crea...', Array)
#4 C:\desarrollo\htdocs\proyecto_3\system\CodeIgniter.php(832): App\Controllers\CitasController->view_crearCita('1')
#5 C:\desarrollo\htdocs\proyecto_3\system\CodeIgniter.php(419): CodeIgniter\CodeIgniter->runController(Object(App\Controllers\CitasController))
#6 C:\desarrollo\htdocs\proyecto_3\system\CodeIgniter.php(326): CodeIgniter\CodeIgniter->handleRequest(NULL, Object(Config\Cache), false)
#7 C:\desarrollo\htdocs\proyecto_3\index.php(37): CodeIgniter\CodeIgniter->run()
#8 {main}
CRITICAL - 2022-05-17 23:18:25 --> You must set the database table to be used with your query.
#0 C:\desarrollo\htdocs\proyecto_3\system\Model.php(545): CodeIgniter\Database\BaseConnection->table(NULL)
#1 C:\desarrollo\htdocs\proyecto_3\system\Model.php(722): CodeIgniter\Model->builder()
#2 C:\desarrollo\htdocs\proyecto_3\app\Controllers\CitasController.php(21): CodeIgniter\Model->__call('getPacientePrim...', Array)
#3 C:\desarrollo\htdocs\proyecto_3\system\CodeIgniter.php(832): App\Controllers\CitasController->view_crearCita('1')
#4 C:\desarrollo\htdocs\proyecto_3\system\CodeIgniter.php(419): CodeIgniter\CodeIgniter->runController(Object(App\Controllers\CitasController))
#5 C:\desarrollo\htdocs\proyecto_3\system\CodeIgniter.php(326): CodeIgniter\CodeIgniter->handleRequest(NULL, Object(Config\Cache), false)
#6 C:\desarrollo\htdocs\proyecto_3\index.php(37): CodeIgniter\CodeIgniter->run()
#7 {main}
CRITICAL - 2022-05-17 23:19:50 --> Undefined variable $datos
#0 C:\desarrollo\htdocs\proyecto_3\app\Views\citas_view\crear_cita.php(4): CodeIgniter\Debug\Exceptions->errorHandler(2, 'Undefined varia...', 'C:\\desarrollo\\h...', 4)
#1 C:\desarrollo\htdocs\proyecto_3\system\View\View.php(210): include('C:\\desarrollo\\h...')
#2 C:\desarrollo\htdocs\proyecto_3\system\View\View.php(213): CodeIgniter\View\View->CodeIgniter\View\{closure}()
#3 C:\desarrollo\htdocs\proyecto_3\system\Common.php(1089): CodeIgniter\View\View->render('citas_view/crea...', Array, true)
#4 C:\desarrollo\htdocs\proyecto_3\app\Controllers\CitasController.php(36): view('citas_view/crea...', Array)
#5 C:\desarrollo\htdocs\proyecto_3\system\CodeIgniter.php(832): App\Controllers\CitasController->view_crearCita('1')
#6 C:\desarrollo\htdocs\proyecto_3\system\CodeIgniter.php(419): CodeIgniter\CodeIgniter->runController(Object(App\Controllers\CitasController))
#7 C:\desarrollo\htdocs\proyecto_3\system\CodeIgniter.php(326): CodeIgniter\CodeIgniter->handleRequest(NULL, Object(Config\Cache), false)
#8 C:\desarrollo\htdocs\proyecto_3\index.php(37): CodeIgniter\CodeIgniter->run()
#9 {main}
CRITICAL - 2022-05-17 23:22:34 --> Undefined array key 0
#0 C:\desarrollo\htdocs\proyecto_3\app\Views\citas_view\crear_cita.php(12): CodeIgniter\Debug\Exceptions->errorHandler(2, 'Undefined array...', 'C:\\desarrollo\\h...', 12)
#1 C:\desarrollo\htdocs\proyecto_3\system\View\View.php(210): include('C:\\desarrollo\\h...')
#2 C:\desarrollo\htdocs\proyecto_3\system\View\View.php(213): CodeIgniter\View\View->CodeIgniter\View\{closure}()
#3 C:\desarrollo\htdocs\proyecto_3\system\Common.php(1089): CodeIgniter\View\View->render('citas_view/crea...', Array, true)
#4 C:\desarrollo\htdocs\proyecto_3\app\Controllers\CitasController.php(36): view('citas_view/crea...', Array)
#5 C:\desarrollo\htdocs\proyecto_3\system\CodeIgniter.php(832): App\Controllers\CitasController->view_crearCita('4')
#6 C:\desarrollo\htdocs\proyecto_3\system\CodeIgniter.php(419): CodeIgniter\CodeIgniter->runController(Object(App\Controllers\CitasController))
#7 C:\desarrollo\htdocs\proyecto_3\system\CodeIgniter.php(326): CodeIgniter\CodeIgniter->handleRequest(NULL, Object(Config\Cache), false)
#8 C:\desarrollo\htdocs\proyecto_3\index.php(37): CodeIgniter\CodeIgniter->run()
#9 {main}
CRITICAL - 2022-05-17 23:22:56 --> Undefined array key 0
#0 C:\desarrollo\htdocs\proyecto_3\app\Views\citas_view\crear_cita.php(12): CodeIgniter\Debug\Exceptions->errorHandler(2, 'Undefined array...', 'C:\\desarrollo\\h...', 12)
#1 C:\desarrollo\htdocs\proyecto_3\system\View\View.php(210): include('C:\\desarrollo\\h...')
#2 C:\desarrollo\htdocs\proyecto_3\system\View\View.php(213): CodeIgniter\View\View->CodeIgniter\View\{closure}()
#3 C:\desarrollo\htdocs\proyecto_3\system\Common.php(1089): CodeIgniter\View\View->render('citas_view/crea...', Array, true)
#4 C:\desarrollo\htdocs\proyecto_3\app\Controllers\CitasController.php(36): view('citas_view/crea...', Array)
#5 C:\desarrollo\htdocs\proyecto_3\system\CodeIgniter.php(832): App\Controllers\CitasController->view_crearCita('4')
#6 C:\desarrollo\htdocs\proyecto_3\system\CodeIgniter.php(419): CodeIgniter\CodeIgniter->runController(Object(App\Controllers\CitasController))
#7 C:\desarrollo\htdocs\proyecto_3\system\CodeIgniter.php(326): CodeIgniter\CodeIgniter->handleRequest(NULL, Object(Config\Cache), false)
#8 C:\desarrollo\htdocs\proyecto_3\index.php(37): CodeIgniter\CodeIgniter->run()
#9 {main}
CRITICAL - 2022-05-17 23:22:57 --> Undefined array key 0
#0 C:\desarrollo\htdocs\proyecto_3\app\Views\citas_view\crear_cita.php(12): CodeIgniter\Debug\Exceptions->errorHandler(2, 'Undefined array...', 'C:\\desarrollo\\h...', 12)
#1 C:\desarrollo\htdocs\proyecto_3\system\View\View.php(210): include('C:\\desarrollo\\h...')
#2 C:\desarrollo\htdocs\proyecto_3\system\View\View.php(213): CodeIgniter\View\View->CodeIgniter\View\{closure}()
#3 C:\desarrollo\htdocs\proyecto_3\system\Common.php(1089): CodeIgniter\View\View->render('citas_view/crea...', Array, true)
#4 C:\desarrollo\htdocs\proyecto_3\app\Controllers\CitasController.php(36): view('citas_view/crea...', Array)
#5 C:\desarrollo\htdocs\proyecto_3\system\CodeIgniter.php(832): App\Controllers\CitasController->view_crearCita('4')
#6 C:\desarrollo\htdocs\proyecto_3\system\CodeIgniter.php(419): CodeIgniter\CodeIgniter->runController(Object(App\Controllers\CitasController))
#7 C:\desarrollo\htdocs\proyecto_3\system\CodeIgniter.php(326): CodeIgniter\CodeIgniter->handleRequest(NULL, Object(Config\Cache), false)
#8 C:\desarrollo\htdocs\proyecto_3\index.php(37): CodeIgniter\CodeIgniter->run()
#9 {main}
CRITICAL - 2022-05-17 23:23:02 --> Undefined array key 0
#0 C:\desarrollo\htdocs\proyecto_3\app\Views\citas_view\crear_cita.php(12): CodeIgniter\Debug\Exceptions->errorHandler(2, 'Undefined array...', 'C:\\desarrollo\\h...', 12)
#1 C:\desarrollo\htdocs\proyecto_3\system\View\View.php(210): include('C:\\desarrollo\\h...')
#2 C:\desarrollo\htdocs\proyecto_3\system\View\View.php(213): CodeIgniter\View\View->CodeIgniter\View\{closure}()
#3 C:\desarrollo\htdocs\proyecto_3\system\Common.php(1089): CodeIgniter\View\View->render('citas_view/crea...', Array, true)
#4 C:\desarrollo\htdocs\proyecto_3\app\Controllers\CitasController.php(36): view('citas_view/crea...', Array)
#5 C:\desarrollo\htdocs\proyecto_3\system\CodeIgniter.php(832): App\Controllers\CitasController->view_crearCita('4')
#6 C:\desarrollo\htdocs\proyecto_3\system\CodeIgniter.php(419): CodeIgniter\CodeIgniter->runController(Object(App\Controllers\CitasController))
#7 C:\desarrollo\htdocs\proyecto_3\system\CodeIgniter.php(326): CodeIgniter\CodeIgniter->handleRequest(NULL, Object(Config\Cache), false)
#8 C:\desarrollo\htdocs\proyecto_3\index.php(37): CodeIgniter\CodeIgniter->run()
#9 {main}
CRITICAL - 2022-05-17 23:23:23 --> Undefined array key 0
#0 C:\desarrollo\htdocs\proyecto_3\app\Views\citas_view\crear_cita.php(12): CodeIgniter\Debug\Exceptions->errorHandler(2, 'Undefined array...', 'C:\\desarrollo\\h...', 12)
#1 C:\desarrollo\htdocs\proyecto_3\system\View\View.php(210): include('C:\\desarrollo\\h...')
#2 C:\desarrollo\htdocs\proyecto_3\system\View\View.php(213): CodeIgniter\View\View->CodeIgniter\View\{closure}()
#3 C:\desarrollo\htdocs\proyecto_3\system\Common.php(1089): CodeIgniter\View\View->render('citas_view/crea...', Array, true)
#4 C:\desarrollo\htdocs\proyecto_3\app\Controllers\CitasController.php(36): view('citas_view/crea...', Array)
#5 C:\desarrollo\htdocs\proyecto_3\system\CodeIgniter.php(832): App\Controllers\CitasController->view_crearCita('4')
#6 C:\desarrollo\htdocs\proyecto_3\system\CodeIgniter.php(419): CodeIgniter\CodeIgniter->runController(Object(App\Controllers\CitasController))
#7 C:\desarrollo\htdocs\proyecto_3\system\CodeIgniter.php(326): CodeIgniter\CodeIgniter->handleRequest(NULL, Object(Config\Cache), false)
#8 C:\desarrollo\htdocs\proyecto_3\index.php(37): CodeIgniter\CodeIgniter->run()
#9 {main}
